#! /c/Source/iverilog-install/bin/vvp
:ivl_version "12.0 (devel)" "(s20150603-1110-g18392a46)";
:ivl_delay_selection "TYPICAL";
:vpi_time_precision - 9;
:vpi_module "C:\iverilog\lib\ivl\system.vpi";
:vpi_module "C:\iverilog\lib\ivl\vhdl_sys.vpi";
:vpi_module "C:\iverilog\lib\ivl\vhdl_textio.vpi";
:vpi_module "C:\iverilog\lib\ivl\v2005_math.vpi";
:vpi_module "C:\iverilog\lib\ivl\va_math.vpi";
S_0000028774d7e490 .scope module, "microprogramIII_tb" "microprogramIII_tb" 2 4;
 .timescale -6 -9;
P_000002877515ba40 .param/l "PERIOD" 0 2 17, +C4<00000000000000000000000000001010>;
v00000287751cd0f0_0 .var "IN", 7 0;
v00000287751ce130_0 .net "OUT", 7 0, L_0000028774d7de00;  1 drivers
v00000287751ccf10_0 .var "clock", 0 0;
v00000287751ce090_0 .var "reset", 0 0;
S_0000028774d7e620 .scope module, "microprogramIII_tb0" "microprogramIII" 2 10, 3 444 0, S_0000028774d7e490;
 .timescale 0 0;
    .port_info 0 /INPUT 8 "IN";
    .port_info 1 /INPUT 1 "clock";
    .port_info 2 /INPUT 1 "reset";
    .port_info 3 /OUTPUT 8 "OUT";
L_0000028774d7e0a0 .functor AND 1, v00000287751ce090_0, v00000287751ccf10_0, C4<1>, C4<1>;
L_0000028774d7d700 .functor OR 1, v00000287751ccf10_0, L_0000028774d7d930, C4<0>, C4<0>;
L_0000028774d7dbd0 .functor AND 8, v00000287751c2810_0, v00000287751b6c70_0, C4<11111111>, C4<11111111>;
L_0000028774d7e260 .functor OR 8, v00000287751c2810_0, v00000287751b6c70_0, C4<00000000>, C4<00000000>;
L_0000028774d7df50 .functor XOR 8, v00000287751c2810_0, v00000287751b6c70_0, C4<00000000>, C4<00000000>;
L_0000028774d7da10 .functor OR 1, L_0000028775217b00, L_00000287752185a0, C4<0>, C4<0>;
L_0000028774d7de70 .functor BUFZ 1, L_00000287751cde10, C4<0>, C4<0>, C4<0>;
L_0000028774d7dee0 .functor BUFZ 1, L_00000287752180a0, C4<0>, C4<0>, C4<0>;
L_0000028774d7dfc0 .functor OR 1, L_0000028775219a40, L_0000028775219ae0, C4<0>, C4<0>;
L_0000028774d7d4d0 .functor OR 1, L_0000028774d7dfc0, L_0000028775219c20, C4<0>, C4<0>;
L_0000028774d7d5b0 .functor OR 1, L_0000028774d7d4d0, L_0000028775219e00, C4<0>, C4<0>;
L_0000028774d7daf0 .functor NOT 1, L_0000028774d7d5b0, C4<0>, C4<0>, C4<0>;
L_0000028774d7d690 .functor AND 1, L_0000028775217a60, L_0000028774d7daf0, C4<1>, C4<1>;
L_0000028774d7da80 .functor AND 1, L_0000028774d7d690, L_0000028775219d60, C4<1>, C4<1>;
L_0000028774d7d620 .functor AND 1, L_0000028774d7da10, L_000002877521a940, C4<1>, C4<1>;
L_0000028774d7d770 .functor NOT 1, L_0000028774d7d620, C4<0>, C4<0>, C4<0>;
L_0000028774d7db60 .functor AND 1, L_0000028774d7d770, L_000002877521a120, C4<1>, C4<1>;
L_0000028774d52ac0 .functor NOT 1, L_000002877521af80, C4<0>, C4<0>, C4<0>;
L_0000028774d52d60 .functor AND 1, L_0000028775218000, L_0000028774d52ac0, C4<1>, C4<1>;
L_0000028774d52dd0 .functor AND 1, v00000287751c2c70_0, L_000002877521b520, C4<1>, C4<1>;
v00000287751c2950_0 .net "ALUop", 2 0, L_0000028775219540;  1 drivers
v00000287751c3210_0 .net "Asel", 1 0, L_00000287752186e0;  1 drivers
v00000287751c3350_0 .net "C", 0 0, L_000002877521b5c0;  1 drivers
v00000287751cbb10_0 .net "C_F", 0 0, L_00000287751cde10;  1 drivers
v00000287751cb390_0 .net "Da", 7 0, L_0000028774d7e1f0;  1 drivers
v00000287751cb890_0 .net "Db", 7 0, L_0000028774d7d9a0;  1 drivers
v00000287751cce70_0 .net "ENout", 0 0, L_0000028775219ea0;  1 drivers
v00000287751ccb50_0 .net "IMM", 7 0, v00000287751b19c0_0;  1 drivers
v00000287751cb570_0 .net "IN", 7 0, v00000287751cd0f0_0;  1 drivers
v00000287751cacb0_0 .net "I_10", 0 0, L_0000028774d7da10;  1 drivers
v00000287751cb070_0 .net "Min", 7 0, L_00000287752188c0;  1 drivers
v00000287751ca710_0 .net "Mout", 7 0, v00000287751b6f90_0;  1 drivers
v00000287751cc8d0_0 .net "OP", 3 0, L_0000028775219680;  1 drivers
v00000287751cb2f0_0 .net "OUT", 7 0, L_0000028774d7de00;  alias, 1 drivers
v00000287751cb4d0_0 .net "P1", 0 0, L_0000028775217a60;  1 drivers
v00000287751cc510_0 .net "PC+1", 0 0, L_0000028774d7db60;  1 drivers
v00000287751cc830_0 .net "Ra", 1 0, L_00000287752179c0;  1 drivers
v00000287751cafd0_0 .net "Rb", 1 0, L_0000028775218460;  1 drivers
v00000287751cb930_0 .net "Rin", 7 0, L_00000287752194a0;  1 drivers
v00000287751cb250_0 .net "S", 0 0, L_000002877521b2a0;  1 drivers
v00000287751cbbb0_0 .net "Ssel", 2 0, L_0000028775217ce0;  1 drivers
v00000287751caf30_0 .net "Xin", 7 0, v00000287751c2810_0;  1 drivers
v00000287751ca8f0_0 .net "Yin", 7 0, v00000287751b6c70_0;  1 drivers
v00000287751cb610_0 .net "Z", 0 0, L_000002877521b480;  1 drivers
v00000287751cc970_0 .net "Z_F", 0 0, L_00000287752180a0;  1 drivers
v00000287751ca7b0_0 .net *"_ivl_100", 0 0, L_000002877521a940;  1 drivers
v00000287751cb430_0 .net *"_ivl_101", 0 0, L_0000028774d7d620;  1 drivers
v00000287751cb6b0_0 .net *"_ivl_103", 0 0, L_0000028774d7d770;  1 drivers
v00000287751ccd30_0 .net *"_ivl_106", 0 0, L_000002877521a120;  1 drivers
v00000287751cbf70_0 .net *"_ivl_121", 0 0, L_0000028774d52ac0;  1 drivers
v00000287751cc470_0 .net *"_ivl_130", 0 0, L_000002877521b520;  1 drivers
v00000287751cc1f0_0 .net *"_ivl_43", 0 0, L_0000028775217b00;  1 drivers
v00000287751cad50_0 .net *"_ivl_45", 0 0, L_00000287752185a0;  1 drivers
v00000287751ca850_0 .net *"_ivl_51", 0 0, L_0000028774d7de70;  1 drivers
v00000287751cb9d0_0 .net *"_ivl_55", 0 0, L_0000028774d7dee0;  1 drivers
v00000287751ccbf0_0 .net *"_ivl_60", 0 0, L_0000028775218640;  1 drivers
v00000287751cbc50_0 .net *"_ivl_78", 0 0, L_0000028775219a40;  1 drivers
v00000287751ccdd0_0 .net *"_ivl_80", 0 0, L_0000028775219ae0;  1 drivers
v00000287751cb750_0 .net *"_ivl_81", 0 0, L_0000028774d7dfc0;  1 drivers
v00000287751ca990_0 .net *"_ivl_84", 0 0, L_0000028775219c20;  1 drivers
v00000287751caa30_0 .net *"_ivl_85", 0 0, L_0000028774d7d4d0;  1 drivers
v00000287751cc290_0 .net *"_ivl_88", 0 0, L_0000028775219e00;  1 drivers
v00000287751cb7f0_0 .net *"_ivl_89", 0 0, L_0000028774d7d5b0;  1 drivers
v00000287751cbcf0_0 .net *"_ivl_91", 0 0, L_0000028774d7daf0;  1 drivers
v00000287751cba70_0 .net *"_ivl_93", 0 0, L_0000028774d7d690;  1 drivers
v00000287751cbd90_0 .net *"_ivl_96", 0 0, L_0000028775219d60;  1 drivers
v00000287751cc5b0_0 .net "clk", 0 0, L_0000028774d7d700;  1 drivers
v00000287751cbe30_0 .net "clock", 0 0, v00000287751ccf10_0;  1 drivers
v00000287751cc010_0 .net "hlt", 0 0, L_0000028774d7da80;  1 drivers
v00000287751cbed0_0 .net "memw", 0 0, L_0000028775218000;  1 drivers
v00000287751cc0b0_0 .net "regw", 0 0, L_0000028775218960;  1 drivers
v00000287751cc650_0 .net "reset", 0 0, v00000287751ce090_0;  1 drivers
v00000287751cae90_0 .net "s0", 6 0, L_000002877521b3e0;  1 drivers
v00000287751caad0_0 .net "s1", 0 0, L_0000028774d52d60;  1 drivers
v00000287751cc790_0 .net "s10", 7 0, v00000287751b2df0_0;  1 drivers
v00000287751cadf0_0 .net "s11", 3 0, L_0000028775218820;  1 drivers
v00000287751cca10_0 .net "s12", 7 0, L_0000028775218aa0;  1 drivers
v00000287751ccc90_0 .net "s13", 7 0, v00000287751b7210_0;  1 drivers
v00000287751cab70_0 .net "s14", 0 0, L_0000028774d52dd0;  1 drivers
v00000287751cac10_0 .net "s15", 0 0, L_0000028774d7e0a0;  1 drivers
v00000287751cb110_0 .net "s16", 0 0, L_0000028774d7d930;  1 drivers
v00000287751cc150_0 .net "s17", 3 0, v00000287751b3390_0;  1 drivers
v00000287751cc330_0 .net "s18", 7 0, L_00000287751cdb90;  1 drivers
v00000287751cb1b0_0 .net "s19", 7 0, L_0000028775218320;  1 drivers
v00000287751cc3d0_0 .net "s2", 7 0, L_0000028774d52e40;  1 drivers
v00000287751ccab0_0 .net "s20", 7 0, L_0000028774d7dbd0;  1 drivers
v00000287751cc6f0_0 .net "s21", 7 0, L_0000028774d7e260;  1 drivers
v00000287751cd730_0 .net "s22", 7 0, L_0000028774d7df50;  1 drivers
v00000287751ce1d0_0 .net "s23", 3 0, L_0000028775218280;  1 drivers
v00000287751ce270_0 .net "s24", 7 0, L_0000028775217f60;  1 drivers
v00000287751ccfb0_0 .net "s25", 7 0, L_0000028775219b80;  1 drivers
v00000287751cdf50_0 .net "s26", 7 0, v00000287751b5c30_0;  1 drivers
v00000287751cd5f0_0 .net "s27", 15 0, L_00000287752183c0;  1 drivers
v00000287751cd050_0 .net "s28", 7 0, L_0000028774d7e3b0;  1 drivers
v00000287751cd7d0_0 .net "s29", 7 0, L_0000028775219720;  1 drivers
v00000287751cdc30_0 .net "s3", 0 0, L_000002877521af80;  1 drivers
v00000287751cd910_0 .net "s30", 7 0, L_0000028774d7d850;  1 drivers
v00000287751cd870_0 .net "s31", 0 0, v00000287751c2c70_0;  1 drivers
v00000287751cd550_0 .net "s32", 2 0, L_0000028775219220;  1 drivers
v00000287751ce4f0_0 .net "s33", 2 0, v00000287751b3d90_0;  1 drivers
v00000287751cdcd0_0 .net "s4", 7 0, v00000287751b1380_0;  1 drivers
v00000287751cdff0_0 .net "s5", 7 0, v00000287751c41b0_0;  1 drivers
v00000287751cd690_0 .net "s6", 3 0, L_0000028775217e20;  1 drivers
v00000287751ce310_0 .net "s7", 3 0, v00000287751b5870_0;  1 drivers
v00000287751cdaf0_0 .net "s8", 3 0, L_0000028774d7dc40;  1 drivers
v00000287751ce590_0 .net "s9", 15 0, v00000287751b12e0_0;  1 drivers
v00000287751cd190_0 .net "s_out", 7 0, L_00000287752195e0;  1 drivers
L_0000028775218460 .part v00000287751b3390_0, 0, 2;
L_00000287752179c0 .part v00000287751b3390_0, 2, 2;
L_0000028775219b80 .part L_00000287752183c0, 0, 8;
L_0000028775217b00 .part L_0000028775218460, 0, 1;
L_00000287752185a0 .part L_0000028775218460, 1, 1;
L_0000028775219220 .concat8 [ 1 1 1 0], L_0000028774d7de70, L_0000028774d7dee0, L_0000028775218640;
L_0000028775218640 .part v00000287751c41b0_0, 7, 1;
L_0000028775219680 .part v00000287751b19c0_0, 4, 4;
L_0000028775218820 .part v00000287751b19c0_0, 0, 4;
L_0000028775217e20 .part v00000287751b12e0_0, 0, 4;
L_0000028775217a60 .part v00000287751b12e0_0, 5, 1;
L_00000287752186e0 .part v00000287751b12e0_0, 6, 2;
L_0000028775217ce0 .part v00000287751b12e0_0, 9, 3;
L_0000028775219540 .part v00000287751b12e0_0, 13, 3;
L_0000028775218280 .part v00000287751b19c0_0, 0, 4;
L_0000028775219a40 .part L_0000028775219680, 0, 1;
L_0000028775219ae0 .part L_0000028775219680, 1, 1;
L_0000028775219c20 .part L_0000028775219680, 2, 1;
L_0000028775219e00 .part L_0000028775219680, 3, 1;
L_0000028775219d60 .part v00000287751b19c0_0, 0, 1;
L_000002877521a940 .part v00000287751b12e0_0, 4, 1;
L_000002877521a120 .part v00000287751b12e0_0, 8, 1;
L_000002877521af80 .part v00000287751b6c70_0, 7, 1;
L_000002877521b3e0 .part v00000287751b6c70_0, 0, 7;
L_000002877521b5c0 .part v00000287751b3d90_0, 0, 1;
L_000002877521b480 .part v00000287751b3d90_0, 1, 1;
L_000002877521b2a0 .part v00000287751b3d90_0, 2, 1;
L_000002877521b520 .part v00000287751b12e0_0, 12, 1;
S_0000028774ce3780 .scope module, "CompUnsigned_i19" "CompUnsigned" 3 711, 3 304 0, S_0000028774d7e620;
 .timescale 0 0;
    .port_info 0 /INPUT 8 "a";
    .port_info 1 /INPUT 8 "b";
    .port_info 2 /OUTPUT 1 ">";
    .port_info 3 /OUTPUT 1 "=";
    .port_info 4 /OUTPUT 1 "<";
P_000002877515c140 .param/l "Bits" 0 3 305, +C4<00000000000000000000000000001000>;
v0000028775150490_0 .net "<", 0 0, L_0000028775219900;  1 drivers
v0000028775151f70_0 .net "=", 0 0, L_00000287752180a0;  alias, 1 drivers
v0000028775150350_0 .net ">", 0 0, L_0000028775218dc0;  1 drivers
v00000287751503f0_0 .net "a", 7 0, v00000287751c41b0_0;  alias, 1 drivers
L_00000287751cfe28 .functor BUFT 1, C4<00000000>, C4<0>, C4<0>, C4<0>;
v0000028775150530_0 .net "b", 7 0, L_00000287751cfe28;  1 drivers
L_0000028775218dc0 .cmp/gt 8, v00000287751c41b0_0, L_00000287751cfe28;
L_00000287752180a0 .cmp/eq 8, v00000287751c41b0_0, L_00000287751cfe28;
L_0000028775219900 .cmp/gt 8, L_00000287751cfe28, v00000287751c41b0_0;
S_0000028774ce3910 .scope module, "DIG_Add_i18" "DIG_Add" 3 702, 3 133 0, S_0000028774d7e620;
 .timescale 0 0;
    .port_info 0 /INPUT 8 "a";
    .port_info 1 /INPUT 8 "b";
    .port_info 2 /INPUT 1 "c_i";
    .port_info 3 /OUTPUT 8 "s";
    .port_info 4 /OUTPUT 1 "c_o";
P_000002877515c4c0 .param/l "Bits" 0 3 135, +C4<00000000000000000000000000001000>;
L_00000287751d0578 .functor BUFT 1, C4<000000001>, C4<0>, C4<0>, C4<0>;
v00000287751505d0_0 .net *"_ivl_0", 8 0, L_00000287751d0578;  1 drivers
L_00000287751d05c0 .functor BUFT 1, C4<000000000>, C4<0>, C4<0>, C4<0>;
v0000028775151390_0 .net *"_ivl_10", 8 0, L_00000287751d05c0;  1 drivers
v0000028775150670_0 .net *"_ivl_4", 8 0, L_00000287752177e0;  1 drivers
L_00000287751cfd50 .functor BUFT 1, C4<0>, C4<0>, C4<0>, C4<0>;
v0000028775150710_0 .net *"_ivl_7", 0 0, L_00000287751cfd50;  1 drivers
v0000028775150cb0_0 .net *"_ivl_8", 8 0, L_0000028775217880;  1 drivers
L_00000287751cfd98 .functor BUFT 1, C4<00000001>, C4<0>, C4<0>, C4<0>;
v00000287751507b0_0 .net "a", 7 0, L_00000287751cfd98;  1 drivers
v0000028775150850_0 .net "b", 7 0, v00000287751b2df0_0;  alias, 1 drivers
L_00000287751cfde0 .functor BUFT 1, C4<0>, C4<0>, C4<0>, C4<0>;
v0000028775150b70_0 .net "c_i", 0 0, L_00000287751cfde0;  1 drivers
v0000028775150990_0 .net "c_o", 0 0, L_0000028775219cc0;  1 drivers
v0000028775150a30_0 .net "s", 7 0, L_0000028775218aa0;  alias, 1 drivers
v0000028775150ad0_0 .net "temp", 8 0, L_0000028775219040;  1 drivers
L_00000287752177e0 .concat [ 8 1 0 0], v00000287751b2df0_0, L_00000287751cfd50;
L_0000028775217880 .arith/sum 9, L_00000287751d0578, L_00000287752177e0;
L_0000028775219040 .arith/sum 9, L_0000028775217880, L_00000287751d05c0;
L_0000028775218aa0 .part L_0000028775219040, 0, 8;
L_0000028775219cc0 .part L_0000028775219040, 8, 1;
S_0000028774ce3aa0 .scope module, "DIG_Add_i8" "DIG_Add" 3 609, 3 133 0, S_0000028774d7e620;
 .timescale 0 0;
    .port_info 0 /INPUT 8 "a";
    .port_info 1 /INPUT 8 "b";
    .port_info 2 /INPUT 1 "c_i";
    .port_info 3 /OUTPUT 8 "s";
    .port_info 4 /OUTPUT 1 "c_o";
P_000002877515be80 .param/l "Bits" 0 3 135, +C4<00000000000000000000000000001000>;
v0000028775150c10_0 .net *"_ivl_0", 8 0, L_00000287751ce450;  1 drivers
L_00000287751d04e8 .functor BUFT 1, C4<000000000>, C4<0>, C4<0>, C4<0>;
v0000028775150d50_0 .net *"_ivl_10", 8 0, L_00000287751d04e8;  1 drivers
L_00000287751cf960 .functor BUFT 1, C4<0>, C4<0>, C4<0>, C4<0>;
v0000028775150e90_0 .net *"_ivl_3", 0 0, L_00000287751cf960;  1 drivers
v0000028775150f30_0 .net *"_ivl_4", 8 0, L_00000287751cd370;  1 drivers
L_00000287751cf9a8 .functor BUFT 1, C4<0>, C4<0>, C4<0>, C4<0>;
v0000028775150fd0_0 .net *"_ivl_7", 0 0, L_00000287751cf9a8;  1 drivers
v00000287751511b0_0 .net *"_ivl_8", 8 0, L_00000287751cd410;  1 drivers
v0000028775151250_0 .net "a", 7 0, v00000287751c2810_0;  alias, 1 drivers
v00000287751512f0_0 .net "b", 7 0, v00000287751b6c70_0;  alias, 1 drivers
L_00000287751cf9f0 .functor BUFT 1, C4<0>, C4<0>, C4<0>, C4<0>;
v0000028774d25570_0 .net "c_i", 0 0, L_00000287751cf9f0;  1 drivers
v0000028774d26a10_0 .net "c_o", 0 0, L_00000287751cde10;  alias, 1 drivers
v0000028774d26330_0 .net "s", 7 0, L_00000287751cdb90;  alias, 1 drivers
v0000028774d256b0_0 .net "temp", 8 0, L_00000287751cda50;  1 drivers
L_00000287751ce450 .concat [ 8 1 0 0], v00000287751c2810_0, L_00000287751cf960;
L_00000287751cd370 .concat [ 8 1 0 0], v00000287751b6c70_0, L_00000287751cf9a8;
L_00000287751cd410 .arith/sum 9, L_00000287751ce450, L_00000287751cd370;
L_00000287751cda50 .arith/sum 9, L_00000287751cd410, L_00000287751d04e8;
L_00000287751cdb90 .part L_00000287751cda50, 0, 8;
L_00000287751cde10 .part L_00000287751cda50, 8, 1;
S_0000028774cdfbd0 .scope module, "DIG_D_FF_AS_1bit_i1" "DIG_D_FF_AS_1bit" 3 532, 3 35 0, S_0000028774d7e620;
 .timescale 0 0;
    .port_info 0 /INPUT 1 "Set";
    .port_info 1 /INPUT 1 "D";
    .port_info 2 /INPUT 1 "C";
    .port_info 3 /INPUT 1 "Clr";
    .port_info 4 /OUTPUT 1 "Q";
    .port_info 5 /OUTPUT 1 "~Q";
P_000002877515bf00 .param/l "Default" 0 3 37, +C4<00000000000000000000000000000000>;
L_0000028774d7d930 .functor BUFZ 1, v0000028774d5b030_0, C4<0>, C4<0>, C4<0>;
L_0000028774d7dd20 .functor NOT 1, v0000028774d5b030_0, C4<0>, C4<0>, C4<0>;
v0000028774d25750_0 .net "C", 0 0, L_0000028774d7d700;  alias, 1 drivers
v0000028774d257f0_0 .net "Clr", 0 0, L_0000028774d7e0a0;  alias, 1 drivers
v0000028774d25bb0_0 .net "D", 0 0, L_0000028774d7da80;  alias, 1 drivers
v0000028774d25c50_0 .net "Q", 0 0, L_0000028774d7d930;  alias, 1 drivers
L_00000287751cf7b0 .functor BUFT 1, C4<0>, C4<0>, C4<0>, C4<0>;
v0000028774d5a630_0 .net "Set", 0 0, L_00000287751cf7b0;  1 drivers
v0000028774d5b030_0 .var "state", 0 0;
v0000028774d5a810_0 .net "~Q", 0 0, L_0000028774d7dd20;  1 drivers
E_000002877515bfc0 .event posedge, v0000028774d5a630_0, v0000028774d257f0_0, v0000028774d25750_0;
S_0000028774cdfd60 .scope module, "DIG_Mul_unsigned_i12" "DIG_Mul_unsigned" 3 655, 3 179 0, S_0000028774d7e620;
 .timescale 0 0;
    .port_info 0 /INPUT 8 "a";
    .port_info 1 /INPUT 8 "b";
    .port_info 2 /OUTPUT 16 "mul";
P_000002877515b640 .param/l "Bits" 0 3 180, +C4<00000000000000000000000000001000>;
v00000287751b2140_0 .net *"_ivl_0", 15 0, L_0000028775217920;  1 drivers
L_00000287751cfb10 .functor BUFT 1, C4<00000000>, C4<0>, C4<0>, C4<0>;
v00000287751b1880_0 .net *"_ivl_3", 7 0, L_00000287751cfb10;  1 drivers
v00000287751b23c0_0 .net *"_ivl_4", 15 0, L_0000028775218f00;  1 drivers
L_00000287751cfb58 .functor BUFT 1, C4<00000000>, C4<0>, C4<0>, C4<0>;
v00000287751b0de0_0 .net *"_ivl_7", 7 0, L_00000287751cfb58;  1 drivers
v00000287751b0e80_0 .net "a", 7 0, v00000287751c2810_0;  alias, 1 drivers
v00000287751b0f20_0 .net "b", 7 0, v00000287751b6c70_0;  alias, 1 drivers
v00000287751b2320_0 .net "mul", 15 0, L_00000287752183c0;  alias, 1 drivers
L_0000028775217920 .concat [ 8 8 0 0], v00000287751c2810_0, L_00000287751cfb10;
L_0000028775218f00 .concat [ 8 8 0 0], v00000287751b6c70_0, L_00000287751cfb58;
L_00000287752183c0 .arith/mult 16, L_0000028775217920, L_0000028775218f00;
S_0000028774cdfef0 .scope module, "DIG_RAMDualPort_i2" "DIG_RAMDualPort" 3 545, 3 66 0, S_0000028774d7e620;
 .timescale 0 0;
    .port_info 0 /INPUT 7 "A";
    .port_info 1 /INPUT 8 "Din";
    .port_info 2 /INPUT 1 "str";
    .port_info 3 /INPUT 1 "C";
    .port_info 4 /INPUT 1 "ld";
    .port_info 5 /OUTPUT 8 "D";
P_0000028774e09cb0 .param/l "AddrBits" 0 3 69, +C4<00000000000000000000000000000111>;
P_0000028774e09ce8 .param/l "Bits" 0 3 68, +C4<00000000000000000000000000001000>;
L_0000028774d52e40 .functor BUFT 8, L_00000287751cd230, C4<00000000>, C4<00000000>, C4<00000000>;
v00000287751b1ec0_0 .net "A", 6 0, L_000002877521b3e0;  alias, 1 drivers
v00000287751b0700_0 .net "C", 0 0, L_0000028774d7d700;  alias, 1 drivers
v00000287751b17e0_0 .net "D", 7 0, L_0000028774d52e40;  alias, 1 drivers
v00000287751b0840_0 .net "Din", 7 0, L_00000287752188c0;  alias, 1 drivers
v00000287751b1060_0 .net *"_ivl_0", 7 0, L_00000287751cd230;  1 drivers
v00000287751b1600_0 .net *"_ivl_2", 8 0, L_00000287751cd2d0;  1 drivers
L_00000287751cf7f8 .functor BUFT 1, C4<00>, C4<0>, C4<0>, C4<0>;
v00000287751b1a60_0 .net *"_ivl_5", 1 0, L_00000287751cf7f8;  1 drivers
L_00000287751cf840 .functor BUFT 1, C4<1>, C4<0>, C4<0>, C4<0>;
v00000287751b0c00_0 .net "ld", 0 0, L_00000287751cf840;  1 drivers
v00000287751b1920 .array "memory", 127 0, 7 0;
v00000287751b2000_0 .net "str", 0 0, L_0000028774d52d60;  alias, 1 drivers
E_000002877515c100 .event posedge, v0000028774d25750_0;
L_00000287751cd230 .array/port v00000287751b1920, L_00000287751cd2d0;
L_00000287751cd2d0 .concat [ 7 2 0 0], L_000002877521b3e0, L_00000287751cf7f8;
S_0000028774cf42d0 .scope module, "DIG_ROM_128X8_Drom_i26" "DIG_ROM_128X8_Drom" 3 795, 3 386 0, S_0000028774d7e620;
 .timescale 0 0;
    .port_info 0 /INPUT 7 "A";
    .port_info 1 /INPUT 1 "sel";
    .port_info 2 /OUTPUT 8 "D";
v00000287751b2280_0 .net "A", 6 0, L_000002877521b3e0;  alias, 1 drivers
v00000287751b1380_0 .var "D", 7 0;
v00000287751b1e20 .array "my_rom", 17 0, 7 0;
L_00000287751d0458 .functor BUFT 1, C4<1>, C4<0>, C4<0>, C4<0>;
v00000287751b14c0_0 .net "sel", 0 0, L_00000287751d0458;  1 drivers
v00000287751b1e20_0 .array/port v00000287751b1e20, 0;
v00000287751b1e20_1 .array/port v00000287751b1e20, 1;
E_000002877515b680/0 .event anyedge, v00000287751b14c0_0, v00000287751b1ec0_0, v00000287751b1e20_0, v00000287751b1e20_1;
v00000287751b1e20_2 .array/port v00000287751b1e20, 2;
v00000287751b1e20_3 .array/port v00000287751b1e20, 3;
v00000287751b1e20_4 .array/port v00000287751b1e20, 4;
v00000287751b1e20_5 .array/port v00000287751b1e20, 5;
E_000002877515b680/1 .event anyedge, v00000287751b1e20_2, v00000287751b1e20_3, v00000287751b1e20_4, v00000287751b1e20_5;
v00000287751b1e20_6 .array/port v00000287751b1e20, 6;
v00000287751b1e20_7 .array/port v00000287751b1e20, 7;
v00000287751b1e20_8 .array/port v00000287751b1e20, 8;
v00000287751b1e20_9 .array/port v00000287751b1e20, 9;
E_000002877515b680/2 .event anyedge, v00000287751b1e20_6, v00000287751b1e20_7, v00000287751b1e20_8, v00000287751b1e20_9;
v00000287751b1e20_10 .array/port v00000287751b1e20, 10;
v00000287751b1e20_11 .array/port v00000287751b1e20, 11;
v00000287751b1e20_12 .array/port v00000287751b1e20, 12;
v00000287751b1e20_13 .array/port v00000287751b1e20, 13;
E_000002877515b680/3 .event anyedge, v00000287751b1e20_10, v00000287751b1e20_11, v00000287751b1e20_12, v00000287751b1e20_13;
v00000287751b1e20_14 .array/port v00000287751b1e20, 14;
v00000287751b1e20_15 .array/port v00000287751b1e20, 15;
v00000287751b1e20_16 .array/port v00000287751b1e20, 16;
v00000287751b1e20_17 .array/port v00000287751b1e20, 17;
E_000002877515b680/4 .event anyedge, v00000287751b1e20_14, v00000287751b1e20_15, v00000287751b1e20_16, v00000287751b1e20_17;
E_000002877515b680 .event/or E_000002877515b680/0, E_000002877515b680/1, E_000002877515b680/2, E_000002877515b680/3, E_000002877515b680/4;
S_0000028774cf4510 .scope module, "DIG_ROM_16X16_MROM_i16" "DIG_ROM_16X16_MROM" 3 688, 3 234 0, S_0000028774d7e620;
 .timescale 0 0;
    .port_info 0 /INPUT 4 "A";
    .port_info 1 /INPUT 1 "sel";
    .port_info 2 /OUTPUT 16 "D";
v00000287751b1420_0 .net "A", 3 0, L_0000028774d7dc40;  alias, 1 drivers
v00000287751b12e0_0 .var "D", 15 0;
v00000287751b0d40 .array "my_rom", 15 0, 15 0;
L_00000287751cfcc0 .functor BUFT 1, C4<1>, C4<0>, C4<0>, C4<0>;
v00000287751b16a0_0 .net "sel", 0 0, L_00000287751cfcc0;  1 drivers
v00000287751b0d40_0 .array/port v00000287751b0d40, 0;
v00000287751b0d40_1 .array/port v00000287751b0d40, 1;
E_000002877515b740/0 .event anyedge, v00000287751b16a0_0, v00000287751b1420_0, v00000287751b0d40_0, v00000287751b0d40_1;
v00000287751b0d40_2 .array/port v00000287751b0d40, 2;
v00000287751b0d40_3 .array/port v00000287751b0d40, 3;
v00000287751b0d40_4 .array/port v00000287751b0d40, 4;
v00000287751b0d40_5 .array/port v00000287751b0d40, 5;
E_000002877515b740/1 .event anyedge, v00000287751b0d40_2, v00000287751b0d40_3, v00000287751b0d40_4, v00000287751b0d40_5;
v00000287751b0d40_6 .array/port v00000287751b0d40, 6;
v00000287751b0d40_7 .array/port v00000287751b0d40, 7;
v00000287751b0d40_8 .array/port v00000287751b0d40, 8;
v00000287751b0d40_9 .array/port v00000287751b0d40, 9;
E_000002877515b740/2 .event anyedge, v00000287751b0d40_6, v00000287751b0d40_7, v00000287751b0d40_8, v00000287751b0d40_9;
v00000287751b0d40_10 .array/port v00000287751b0d40, 10;
v00000287751b0d40_11 .array/port v00000287751b0d40, 11;
v00000287751b0d40_12 .array/port v00000287751b0d40, 12;
v00000287751b0d40_13 .array/port v00000287751b0d40, 13;
E_000002877515b740/3 .event anyedge, v00000287751b0d40_10, v00000287751b0d40_11, v00000287751b0d40_12, v00000287751b0d40_13;
v00000287751b0d40_14 .array/port v00000287751b0d40, 14;
v00000287751b0d40_15 .array/port v00000287751b0d40, 15;
E_000002877515b740/4 .event anyedge, v00000287751b0d40_14, v00000287751b0d40_15;
E_000002877515b740 .event/or E_000002877515b740/0, E_000002877515b740/1, E_000002877515b740/2, E_000002877515b740/3, E_000002877515b740/4;
S_0000028774ce2a00 .scope module, "DIG_ROM_256X8_ROM_i17" "DIG_ROM_256X8_ROM" 3 694, 3 267 0, S_0000028774d7e620;
 .timescale 0 0;
    .port_info 0 /INPUT 8 "A";
    .port_info 1 /INPUT 1 "sel";
    .port_info 2 /OUTPUT 8 "D";
v00000287751b1d80_0 .net "A", 7 0, v00000287751b2df0_0;  alias, 1 drivers
v00000287751b19c0_0 .var "D", 7 0;
v00000287751b1740 .array "my_rom", 17 0, 7 0;
L_00000287751cfd08 .functor BUFT 1, C4<1>, C4<0>, C4<0>, C4<0>;
v00000287751b2460_0 .net "sel", 0 0, L_00000287751cfd08;  1 drivers
v00000287751b1740_0 .array/port v00000287751b1740, 0;
v00000287751b1740_1 .array/port v00000287751b1740, 1;
E_000002877515bb80/0 .event anyedge, v00000287751b2460_0, v0000028775150850_0, v00000287751b1740_0, v00000287751b1740_1;
v00000287751b1740_2 .array/port v00000287751b1740, 2;
v00000287751b1740_3 .array/port v00000287751b1740, 3;
v00000287751b1740_4 .array/port v00000287751b1740, 4;
v00000287751b1740_5 .array/port v00000287751b1740, 5;
E_000002877515bb80/1 .event anyedge, v00000287751b1740_2, v00000287751b1740_3, v00000287751b1740_4, v00000287751b1740_5;
v00000287751b1740_6 .array/port v00000287751b1740, 6;
v00000287751b1740_7 .array/port v00000287751b1740, 7;
v00000287751b1740_8 .array/port v00000287751b1740, 8;
v00000287751b1740_9 .array/port v00000287751b1740, 9;
E_000002877515bb80/2 .event anyedge, v00000287751b1740_6, v00000287751b1740_7, v00000287751b1740_8, v00000287751b1740_9;
v00000287751b1740_10 .array/port v00000287751b1740, 10;
v00000287751b1740_11 .array/port v00000287751b1740, 11;
v00000287751b1740_12 .array/port v00000287751b1740, 12;
v00000287751b1740_13 .array/port v00000287751b1740, 13;
E_000002877515bb80/3 .event anyedge, v00000287751b1740_10, v00000287751b1740_11, v00000287751b1740_12, v00000287751b1740_13;
v00000287751b1740_14 .array/port v00000287751b1740, 14;
v00000287751b1740_15 .array/port v00000287751b1740, 15;
v00000287751b1740_16 .array/port v00000287751b1740, 16;
v00000287751b1740_17 .array/port v00000287751b1740, 17;
E_000002877515bb80/4 .event anyedge, v00000287751b1740_14, v00000287751b1740_15, v00000287751b1740_16, v00000287751b1740_17;
E_000002877515bb80 .event/or E_000002877515bb80/0, E_000002877515bb80/1, E_000002877515bb80/2, E_000002877515bb80/3, E_000002877515bb80/4;
S_0000028774ce2b90 .scope module, "DIG_RegisterFile_i3" "DIG_RegisterFile" 3 558, 3 88 0, S_0000028774d7e620;
 .timescale 0 0;
    .port_info 0 /INPUT 8 "Din";
    .port_info 1 /INPUT 1 "we";
    .port_info 2 /INPUT 2 "Rw";
    .port_info 3 /INPUT 1 "C";
    .port_info 4 /INPUT 2 "Ra";
    .port_info 5 /INPUT 2 "Rb";
    .port_info 6 /OUTPUT 8 "Da";
    .port_info 7 /OUTPUT 8 "Db";
P_0000028774e0a030 .param/l "AddrBits" 0 3 91, +C4<00000000000000000000000000000010>;
P_0000028774e0a068 .param/l "Bits" 0 3 90, +C4<00000000000000000000000000001000>;
L_0000028774d7e1f0 .functor BUFZ 8, L_00000287751cdd70, C4<00000000>, C4<00000000>, C4<00000000>;
L_0000028774d7d9a0 .functor BUFZ 8, L_00000287751cd9b0, C4<00000000>, C4<00000000>, C4<00000000>;
v00000287751b1c40_0 .net "C", 0 0, L_0000028774d7d700;  alias, 1 drivers
v00000287751b1b00_0 .net "Da", 7 0, L_0000028774d7e1f0;  alias, 1 drivers
v00000287751b0fc0_0 .net "Db", 7 0, L_0000028774d7d9a0;  alias, 1 drivers
v00000287751b1100_0 .net "Din", 7 0, L_00000287752194a0;  alias, 1 drivers
v00000287751b0660_0 .net "Ra", 1 0, L_00000287752179c0;  alias, 1 drivers
v00000287751b11a0_0 .net "Rb", 1 0, L_0000028775218460;  alias, 1 drivers
v00000287751b1f60_0 .net "Rw", 1 0, L_00000287752179c0;  alias, 1 drivers
v00000287751b07a0_0 .net *"_ivl_0", 7 0, L_00000287751cdd70;  1 drivers
v00000287751b0980_0 .net *"_ivl_10", 3 0, L_00000287751ce3b0;  1 drivers
L_00000287751cf8d0 .functor BUFT 1, C4<00>, C4<0>, C4<0>, C4<0>;
v00000287751b0ca0_0 .net *"_ivl_13", 1 0, L_00000287751cf8d0;  1 drivers
v00000287751b21e0_0 .net *"_ivl_2", 3 0, L_00000287751cdeb0;  1 drivers
L_00000287751cf888 .functor BUFT 1, C4<00>, C4<0>, C4<0>, C4<0>;
v00000287751b1ce0_0 .net *"_ivl_5", 1 0, L_00000287751cf888;  1 drivers
v00000287751b20a0_0 .net *"_ivl_8", 7 0, L_00000287751cd9b0;  1 drivers
v00000287751b1240 .array "memory", 3 0, 7 0;
v00000287751b1560_0 .net "we", 0 0, L_0000028775218960;  alias, 1 drivers
L_00000287751cdd70 .array/port v00000287751b1240, L_00000287751cdeb0;
L_00000287751cdeb0 .concat [ 2 2 0 0], L_00000287752179c0, L_00000287751cf888;
L_00000287751cd9b0 .array/port v00000287751b1240, L_00000287751ce3b0;
L_00000287751ce3b0 .concat [ 2 2 0 0], L_0000028775218460, L_00000287751cf8d0;
S_0000028774ce2d20 .scope module, "DIG_Register_BUS_i25" "DIG_Register_BUS" 3 782, 3 114 0, S_0000028774d7e620;
 .timescale 0 0;
    .port_info 0 /INPUT 1 "C";
    .port_info 1 /INPUT 1 "en";
    .port_info 2 /INPUT 3 "D";
    .port_info 3 /OUTPUT 3 "Q";
P_000002877515c540 .param/l "Bits" 0 3 115, +C4<00000000000000000000000000000011>;
v00000287751b0ac0_0 .net "C", 0 0, L_0000028775217a60;  alias, 1 drivers
v00000287751b0b60_0 .net "D", 2 0, L_0000028775219220;  alias, 1 drivers
v00000287751b1ba0_0 .net "Q", 2 0, v00000287751b3d90_0;  alias, 1 drivers
L_00000287751d0410 .functor BUFT 1, C4<1>, C4<0>, C4<0>, C4<0>;
v00000287751b3570_0 .net "en", 0 0, L_00000287751d0410;  1 drivers
v00000287751b3d90_0 .var "state", 2 0;
E_000002877515c3c0 .event posedge, v00000287751b0ac0_0;
S_0000028774cdc4b0 .scope module, "DIG_Register_BUS_i4" "DIG_Register_BUS" 3 572, 3 114 0, S_0000028774d7e620;
 .timescale 0 0;
    .port_info 0 /INPUT 1 "C";
    .port_info 1 /INPUT 1 "en";
    .port_info 2 /INPUT 4 "D";
    .port_info 3 /OUTPUT 4 "Q";
P_000002877515c240 .param/l "Bits" 0 3 115, +C4<00000000000000000000000000000100>;
L_0000028774d7dc40 .functor BUFZ 4, v00000287751b3bb0_0, C4<0000>, C4<0000>, C4<0000>;
v00000287751b2e90_0 .net "C", 0 0, L_0000028774d7d700;  alias, 1 drivers
v00000287751b2b70_0 .net "D", 3 0, v00000287751b5870_0;  alias, 1 drivers
v00000287751b3b10_0 .net "Q", 3 0, L_0000028774d7dc40;  alias, 1 drivers
L_00000287751cf918 .functor BUFT 1, C4<1>, C4<0>, C4<0>, C4<0>;
v00000287751b2c10_0 .net "en", 0 0, L_00000287751cf918;  1 drivers
v00000287751b3bb0_0 .var "state", 3 0;
S_0000028774cdc640 .scope module, "DIG_Register_BUS_i5" "DIG_Register_BUS" 3 582, 3 114 0, S_0000028774d7e620;
 .timescale 0 0;
    .port_info 0 /INPUT 1 "C";
    .port_info 1 /INPUT 1 "en";
    .port_info 2 /INPUT 8 "D";
    .port_info 3 /OUTPUT 8 "Q";
P_000002877515c280 .param/l "Bits" 0 3 115, +C4<00000000000000000000000000001000>;
v00000287751b36b0_0 .net "C", 0 0, L_0000028774d7d700;  alias, 1 drivers
v00000287751b3e30_0 .net "D", 7 0, v00000287751b7210_0;  alias, 1 drivers
v00000287751b3930_0 .net "Q", 7 0, v00000287751b2df0_0;  alias, 1 drivers
v00000287751b3750_0 .net "en", 0 0, L_0000028774d7db60;  alias, 1 drivers
v00000287751b2df0_0 .var "state", 7 0;
S_0000028774cdc7d0 .scope module, "DIG_Register_BUS_i6" "DIG_Register_BUS" 3 591, 3 114 0, S_0000028774d7e620;
 .timescale 0 0;
    .port_info 0 /INPUT 1 "C";
    .port_info 1 /INPUT 1 "en";
    .port_info 2 /INPUT 4 "D";
    .port_info 3 /OUTPUT 4 "Q";
P_000002877515b7c0 .param/l "Bits" 0 3 115, +C4<00000000000000000000000000000100>;
v00000287751b4150_0 .net "C", 0 0, L_0000028774d7d700;  alias, 1 drivers
v00000287751b2ad0_0 .net "D", 3 0, L_0000028775218820;  alias, 1 drivers
v00000287751b2850_0 .net "Q", 3 0, v00000287751b3390_0;  alias, 1 drivers
v00000287751b40b0_0 .net "en", 0 0, L_0000028775217a60;  alias, 1 drivers
v00000287751b3390_0 .var "state", 3 0;
S_0000028774cf7af0 .scope module, "DIG_Register_BUS_i7" "DIG_Register_BUS" 3 600, 3 114 0, S_0000028774d7e620;
 .timescale 0 0;
    .port_info 0 /INPUT 1 "C";
    .port_info 1 /INPUT 1 "en";
    .port_info 2 /INPUT 8 "D";
    .port_info 3 /OUTPUT 8 "Q";
P_000002877515c340 .param/l "Bits" 0 3 115, +C4<00000000000000000000000000001000>;
L_0000028774d7de00 .functor BUFZ 8, v00000287751b41f0_0, C4<00000000>, C4<00000000>, C4<00000000>;
v00000287751b2f30_0 .net "C", 0 0, L_0000028774d7d700;  alias, 1 drivers
v00000287751b37f0_0 .net "D", 7 0, L_00000287752195e0;  alias, 1 drivers
v00000287751b27b0_0 .net "Q", 7 0, L_0000028774d7de00;  alias, 1 drivers
v00000287751b3250_0 .net "en", 0 0, L_0000028775219ea0;  alias, 1 drivers
v00000287751b41f0_0 .var "state", 7 0;
S_00000287751b4b30 .scope module, "DIG_Sub_i9" "DIG_Sub" 3 619, 3 150 0, S_0000028774d7e620;
 .timescale 0 0;
    .port_info 0 /INPUT 8 "a";
    .port_info 1 /INPUT 8 "b";
    .port_info 2 /INPUT 1 "c_i";
    .port_info 3 /OUTPUT 8 "s";
    .port_info 4 /OUTPUT 1 "c_o";
P_000002877515bb40 .param/l "Bits" 0 3 151, +C4<00000000000000000000000000001000>;
v00000287751b3c50_0 .net *"_ivl_0", 8 0, L_00000287751cd4b0;  1 drivers
L_00000287751d0530 .functor BUFT 1, C4<000000000>, C4<0>, C4<0>, C4<0>;
v00000287751b2cb0_0 .net *"_ivl_10", 8 0, L_00000287751d0530;  1 drivers
L_00000287751cfa38 .functor BUFT 1, C4<0>, C4<0>, C4<0>, C4<0>;
v00000287751b3cf0_0 .net *"_ivl_3", 0 0, L_00000287751cfa38;  1 drivers
v00000287751b2fd0_0 .net *"_ivl_4", 8 0, L_00000287752181e0;  1 drivers
L_00000287751cfa80 .functor BUFT 1, C4<0>, C4<0>, C4<0>, C4<0>;
v00000287751b3ed0_0 .net *"_ivl_7", 0 0, L_00000287751cfa80;  1 drivers
v00000287751b39d0_0 .net *"_ivl_8", 8 0, L_0000028775218d20;  1 drivers
v00000287751b3890_0 .net "a", 7 0, v00000287751c2810_0;  alias, 1 drivers
v00000287751b3f70_0 .net "b", 7 0, v00000287751b6c70_0;  alias, 1 drivers
L_00000287751cfac8 .functor BUFT 1, C4<0>, C4<0>, C4<0>, C4<0>;
v00000287751b2d50_0 .net "c_i", 0 0, L_00000287751cfac8;  1 drivers
v00000287751b3a70_0 .net "c_o", 0 0, L_0000028775218500;  1 drivers
v00000287751b4010_0 .net "s", 7 0, L_0000028775218320;  alias, 1 drivers
v00000287751b4290_0 .net "temp", 8 0, L_0000028775217740;  1 drivers
L_00000287751cd4b0 .concat [ 8 1 0 0], v00000287751c2810_0, L_00000287751cfa38;
L_00000287752181e0 .concat [ 8 1 0 0], v00000287751b6c70_0, L_00000287751cfa80;
L_0000028775218d20 .arith/sub 9, L_00000287751cd4b0, L_00000287752181e0;
L_0000028775217740 .arith/sub 9, L_0000028775218d20, L_00000287751d0530;
L_0000028775218320 .part L_0000028775217740, 0, 8;
L_0000028775218500 .part L_0000028775217740, 8, 1;
S_00000287751b4680 .scope module, "Decoder2_i22" "Decoder2" 3 752, 3 356 0, S_0000028774d7e620;
 .timescale 0 0;
    .port_info 0 /OUTPUT 1 "out_0";
    .port_info 1 /OUTPUT 1 "out_1";
    .port_info 2 /OUTPUT 1 "out_2";
    .port_info 3 /OUTPUT 1 "out_3";
    .port_info 4 /INPUT 2 "sel";
L_00000287751d00b0 .functor BUFT 1, C4<00>, C4<0>, C4<0>, C4<0>;
v00000287751b31b0_0 .net/2u *"_ivl_0", 1 0, L_00000287751d00b0;  1 drivers
L_00000287751d0188 .functor BUFT 1, C4<01>, C4<0>, C4<0>, C4<0>;
v00000287751b3070_0 .net/2u *"_ivl_10", 1 0, L_00000287751d0188;  1 drivers
v00000287751b28f0_0 .net *"_ivl_12", 0 0, L_0000028775217ec0;  1 drivers
L_00000287751d01d0 .functor BUFT 1, C4<1>, C4<0>, C4<0>, C4<0>;
v00000287751b4330_0 .net/2u *"_ivl_14", 0 0, L_00000287751d01d0;  1 drivers
L_00000287751d0218 .functor BUFT 1, C4<0>, C4<0>, C4<0>, C4<0>;
v00000287751b3430_0 .net/2u *"_ivl_16", 0 0, L_00000287751d0218;  1 drivers
v00000287751b3110_0 .net *"_ivl_2", 0 0, L_0000028775219860;  1 drivers
L_00000287751d0260 .functor BUFT 1, C4<10>, C4<0>, C4<0>, C4<0>;
v00000287751b32f0_0 .net/2u *"_ivl_20", 1 0, L_00000287751d0260;  1 drivers
v00000287751b34d0_0 .net *"_ivl_22", 0 0, L_00000287752199a0;  1 drivers
L_00000287751d02a8 .functor BUFT 1, C4<1>, C4<0>, C4<0>, C4<0>;
v00000287751b3610_0 .net/2u *"_ivl_24", 0 0, L_00000287751d02a8;  1 drivers
L_00000287751d02f0 .functor BUFT 1, C4<0>, C4<0>, C4<0>, C4<0>;
v00000287751b43d0_0 .net/2u *"_ivl_26", 0 0, L_00000287751d02f0;  1 drivers
L_00000287751d0338 .functor BUFT 1, C4<11>, C4<0>, C4<0>, C4<0>;
v00000287751b4470_0 .net/2u *"_ivl_30", 1 0, L_00000287751d0338;  1 drivers
v00000287751b4510_0 .net *"_ivl_32", 0 0, L_0000028775218a00;  1 drivers
L_00000287751d0380 .functor BUFT 1, C4<1>, C4<0>, C4<0>, C4<0>;
v00000287751b2990_0 .net/2u *"_ivl_34", 0 0, L_00000287751d0380;  1 drivers
L_00000287751d03c8 .functor BUFT 1, C4<0>, C4<0>, C4<0>, C4<0>;
v00000287751b2670_0 .net/2u *"_ivl_36", 0 0, L_00000287751d03c8;  1 drivers
L_00000287751d00f8 .functor BUFT 1, C4<1>, C4<0>, C4<0>, C4<0>;
v00000287751b2710_0 .net/2u *"_ivl_4", 0 0, L_00000287751d00f8;  1 drivers
L_00000287751d0140 .functor BUFT 1, C4<0>, C4<0>, C4<0>, C4<0>;
v00000287751b2a30_0 .net/2u *"_ivl_6", 0 0, L_00000287751d0140;  1 drivers
v00000287751b5f50_0 .net "out_0", 0 0, L_0000028775217d80;  1 drivers
v00000287751b6130_0 .net "out_1", 0 0, L_0000028775218960;  alias, 1 drivers
v00000287751b5cd0_0 .net "out_2", 0 0, L_0000028775218000;  alias, 1 drivers
v00000287751b6950_0 .net "out_3", 0 0, L_0000028775219ea0;  alias, 1 drivers
v00000287751b6590_0 .net "sel", 1 0, L_00000287752186e0;  alias, 1 drivers
L_0000028775219860 .cmp/eq 2, L_00000287752186e0, L_00000287751d00b0;
L_0000028775217d80 .functor MUXZ 1, L_00000287751d0140, L_00000287751d00f8, L_0000028775219860, C4<>;
L_0000028775217ec0 .cmp/eq 2, L_00000287752186e0, L_00000287751d0188;
L_0000028775218960 .functor MUXZ 1, L_00000287751d0218, L_00000287751d01d0, L_0000028775217ec0, C4<>;
L_00000287752199a0 .cmp/eq 2, L_00000287752186e0, L_00000287751d0260;
L_0000028775218000 .functor MUXZ 1, L_00000287751d02f0, L_00000287751d02a8, L_00000287752199a0, C4<>;
L_0000028775218a00 .cmp/eq 2, L_00000287752186e0, L_00000287751d0338;
L_0000028775219ea0 .functor MUXZ 1, L_00000287751d03c8, L_00000287751d0380, L_0000028775218a00, C4<>;
S_00000287751b4fe0 .scope module, "DemuxBus2_i21" "DemuxBus2" 3 745, 3 340 0, S_0000028774d7e620;
 .timescale 0 0;
    .port_info 0 /OUTPUT 8 "out_0";
    .port_info 1 /OUTPUT 8 "out_1";
    .port_info 2 /OUTPUT 8 "out_2";
    .port_info 3 /OUTPUT 8 "out_3";
    .port_info 4 /INPUT 2 "sel";
    .port_info 5 /INPUT 8 "in";
P_000002877515bbc0 .param/l "Bits" 0 3 341, +C4<00000000000000000000000000001000>;
L_00000287751cfe70 .functor BUFT 1, C4<00>, C4<0>, C4<0>, C4<0>;
v00000287751b7170_0 .net/2u *"_ivl_0", 1 0, L_00000287751cfe70;  1 drivers
v00000287751b7530_0 .net *"_ivl_10", 0 0, L_0000028775219400;  1 drivers
L_00000287751cff48 .functor BUFT 1, C4<00000000>, C4<0>, C4<0>, C4<0>;
v00000287751b6db0_0 .net/2u *"_ivl_12", 7 0, L_00000287751cff48;  1 drivers
L_00000287751cff90 .functor BUFT 1, C4<10>, C4<0>, C4<0>, C4<0>;
v00000287751b5690_0 .net/2u *"_ivl_16", 1 0, L_00000287751cff90;  1 drivers
v00000287751b5730_0 .net *"_ivl_18", 0 0, L_0000028775217ba0;  1 drivers
v00000287751b69f0_0 .net *"_ivl_2", 0 0, L_00000287752192c0;  1 drivers
L_00000287751cffd8 .functor BUFT 1, C4<00000000>, C4<0>, C4<0>, C4<0>;
v00000287751b7030_0 .net/2u *"_ivl_20", 7 0, L_00000287751cffd8;  1 drivers
L_00000287751d0020 .functor BUFT 1, C4<11>, C4<0>, C4<0>, C4<0>;
v00000287751b5e10_0 .net/2u *"_ivl_24", 1 0, L_00000287751d0020;  1 drivers
v00000287751b6310_0 .net *"_ivl_26", 0 0, L_0000028775218780;  1 drivers
L_00000287751d0068 .functor BUFT 1, C4<00000000>, C4<0>, C4<0>, C4<0>;
v00000287751b6630_0 .net/2u *"_ivl_28", 7 0, L_00000287751d0068;  1 drivers
L_00000287751cfeb8 .functor BUFT 1, C4<00000000>, C4<0>, C4<0>, C4<0>;
v00000287751b61d0_0 .net/2u *"_ivl_4", 7 0, L_00000287751cfeb8;  1 drivers
L_00000287751cff00 .functor BUFT 1, C4<01>, C4<0>, C4<0>, C4<0>;
v00000287751b6a90_0 .net/2u *"_ivl_8", 1 0, L_00000287751cff00;  1 drivers
v00000287751b5eb0_0 .net "in", 7 0, v00000287751c41b0_0;  alias, 1 drivers
v00000287751b7350_0 .net "out_0", 7 0, L_0000028775218b40;  1 drivers
v00000287751b6e50_0 .net "out_1", 7 0, L_00000287752194a0;  alias, 1 drivers
v00000287751b57d0_0 .net "out_2", 7 0, L_00000287752188c0;  alias, 1 drivers
v00000287751b5d70_0 .net "out_3", 7 0, L_00000287752195e0;  alias, 1 drivers
v00000287751b6270_0 .net "sel", 1 0, L_00000287752186e0;  alias, 1 drivers
L_00000287752192c0 .cmp/eq 2, L_00000287752186e0, L_00000287751cfe70;
L_0000028775218b40 .functor MUXZ 8, L_00000287751cfeb8, v00000287751c41b0_0, L_00000287752192c0, C4<>;
L_0000028775219400 .cmp/eq 2, L_00000287752186e0, L_00000287751cff00;
L_00000287752194a0 .functor MUXZ 8, L_00000287751cff48, v00000287751c41b0_0, L_0000028775219400, C4<>;
L_0000028775217ba0 .cmp/eq 2, L_00000287752186e0, L_00000287751cff90;
L_00000287752188c0 .functor MUXZ 8, L_00000287751cffd8, v00000287751c41b0_0, L_0000028775217ba0, C4<>;
L_0000028775218780 .cmp/eq 2, L_00000287752186e0, L_00000287751d0020;
L_00000287752195e0 .functor MUXZ 8, L_00000287751d0068, v00000287751c41b0_0, L_0000028775218780, C4<>;
S_00000287751b5300 .scope module, "LogicalLeft_i10" "LogicalLeft" 3 632, 3 166 0, S_0000028774d7e620;
 .timescale 0 0;
    .port_info 0 /INPUT 8 "in";
    .port_info 1 /INPUT 4 "shift";
    .port_info 2 /OUTPUT 8 "out";
P_0000028774e0a0b0 .param/l "Bits" 0 3 167, +C4<00000000000000000000000000001000>;
P_0000028774e0a0e8 .param/l "shiftBits" 0 3 168, +C4<00000000000000000000000000000100>;
v00000287751b5ff0_0 .net "in", 7 0, v00000287751c2810_0;  alias, 1 drivers
v00000287751b6b30_0 .net "out", 7 0, L_0000028775217f60;  alias, 1 drivers
v00000287751b63b0_0 .net "shift", 3 0, L_0000028775218280;  alias, 1 drivers
L_0000028775217f60 .shift/l 8, v00000287751c2810_0, L_0000028775218280;
S_00000287751b4810 .scope module, "LogicalRight_i14" "LogicalRight" 3 673, 3 206 0, S_0000028774d7e620;
 .timescale 0 0;
    .port_info 0 /INPUT 8 "in";
    .port_info 1 /INPUT 4 "shift";
    .port_info 2 /OUTPUT 8 "out";
P_00000287751c1ec0 .param/l "Bits" 0 3 207, +C4<00000000000000000000000000001000>;
P_00000287751c1ef8 .param/l "shiftBits" 0 3 208, +C4<00000000000000000000000000000100>;
v00000287751b6ef0_0 .net "in", 7 0, v00000287751c2810_0;  alias, 1 drivers
v00000287751b6090_0 .net "out", 7 0, L_0000028775219720;  alias, 1 drivers
v00000287751b6450_0 .net "shift", 3 0, L_0000028775218280;  alias, 1 drivers
L_0000028775219720 .shift/r 8, v00000287751c2810_0, L_0000028775218280;
S_00000287751b5170 .scope module, "Mux_2x1_NBits_i23" "Mux_2x1_NBits" 3 761, 3 368 0, S_0000028774d7e620;
 .timescale 0 0;
    .port_info 0 /INPUT 1 "sel";
    .port_info 1 /INPUT 4 "in_0";
    .port_info 2 /INPUT 4 "in_1";
    .port_info 3 /OUTPUT 4 "out";
P_000002877515c2c0 .param/l "Bits" 0 3 369, +C4<00000000000000000000000000000100>;
v00000287751b6d10_0 .net "in_0", 3 0, L_0000028775217e20;  alias, 1 drivers
v00000287751b70d0_0 .net "in_1", 3 0, L_0000028775219680;  alias, 1 drivers
v00000287751b5870_0 .var "out", 3 0;
v00000287751b5910_0 .net "sel", 0 0, L_0000028775217a60;  alias, 1 drivers
E_000002877515bd80 .event anyedge, v00000287751b0ac0_0, v00000287751b6d10_0, v00000287751b70d0_0;
S_00000287751b5490 .scope module, "Mux_2x1_NBits_i24" "Mux_2x1_NBits" 3 771, 3 368 0, S_0000028774d7e620;
 .timescale 0 0;
    .port_info 0 /INPUT 1 "sel";
    .port_info 1 /INPUT 8 "in_0";
    .port_info 2 /INPUT 8 "in_1";
    .port_info 3 /OUTPUT 8 "out";
P_000002877515b800 .param/l "Bits" 0 3 369, +C4<00000000000000000000000000001000>;
v00000287751b6bd0_0 .net "in_0", 7 0, v00000287751b19c0_0;  alias, 1 drivers
v00000287751b64f0_0 .net "in_1", 7 0, L_0000028774d7d9a0;  alias, 1 drivers
v00000287751b6c70_0 .var "out", 7 0;
v00000287751b66d0_0 .net "sel", 0 0, L_0000028774d7da10;  alias, 1 drivers
E_000002877515bc00 .event anyedge, v00000287751b66d0_0, v00000287751b19c0_0, v00000287751b0fc0_0;
S_00000287751b4cc0 .scope module, "Mux_2x1_NBits_i28" "Mux_2x1_NBits" 3 811, 3 368 0, S_0000028774d7e620;
 .timescale 0 0;
    .port_info 0 /INPUT 1 "sel";
    .port_info 1 /INPUT 8 "in_0";
    .port_info 2 /INPUT 8 "in_1";
    .port_info 3 /OUTPUT 8 "out";
P_000002877515c300 .param/l "Bits" 0 3 369, +C4<00000000000000000000000000001000>;
v00000287751b59b0_0 .net "in_0", 7 0, L_0000028774d52e40;  alias, 1 drivers
v00000287751b5a50_0 .net "in_1", 7 0, v00000287751b1380_0;  alias, 1 drivers
v00000287751b6f90_0 .var "out", 7 0;
v00000287751b68b0_0 .net "sel", 0 0, L_000002877521af80;  alias, 1 drivers
E_000002877515c580 .event anyedge, v00000287751b68b0_0, v00000287751b17e0_0, v00000287751b1380_0;
S_00000287751b49a0 .scope module, "Mux_2x1_NBits_i29" "Mux_2x1_NBits" 3 821, 3 368 0, S_0000028774d7e620;
 .timescale 0 0;
    .port_info 0 /INPUT 1 "sel";
    .port_info 1 /INPUT 8 "in_0";
    .port_info 2 /INPUT 8 "in_1";
    .port_info 3 /OUTPUT 8 "out";
P_000002877515bf40 .param/l "Bits" 0 3 369, +C4<00000000000000000000000000001000>;
v00000287751b5af0_0 .net "in_0", 7 0, L_0000028775218aa0;  alias, 1 drivers
v00000287751b6770_0 .net "in_1", 7 0, v00000287751b19c0_0;  alias, 1 drivers
v00000287751b7210_0 .var "out", 7 0;
v00000287751b5b90_0 .net "sel", 0 0, L_0000028774d52dd0;  alias, 1 drivers
E_000002877515c040 .event anyedge, v00000287751b5b90_0, v0000028775150a30_0, v00000287751b19c0_0;
S_00000287751b4e50 .scope module, "Mux_4x1_NBits_i20" "Mux_4x1_NBits" 3 723, 3 318 0, S_0000028774d7e620;
 .timescale 0 0;
    .port_info 0 /INPUT 2 "sel";
    .port_info 1 /INPUT 8 "in_0";
    .port_info 2 /INPUT 8 "in_1";
    .port_info 3 /INPUT 8 "in_2";
    .port_info 4 /INPUT 8 "in_3";
    .port_info 5 /OUTPUT 8 "out";
P_000002877515bc40 .param/l "Bits" 0 3 319, +C4<00000000000000000000000000001000>;
v00000287751b73f0_0 .net "in_0", 7 0, L_0000028775217f60;  alias, 1 drivers
v00000287751b72b0_0 .net "in_1", 7 0, L_0000028775219720;  alias, 1 drivers
v00000287751b6810_0 .net "in_2", 7 0, L_0000028774d7e3b0;  alias, 1 drivers
v00000287751b7490_0 .net "in_3", 7 0, L_0000028774d7d850;  alias, 1 drivers
v00000287751b5c30_0 .var "out", 7 0;
v00000287751c3530_0 .net "sel", 1 0, L_0000028775218460;  alias, 1 drivers
E_000002877515bd40/0 .event anyedge, v00000287751b11a0_0, v00000287751b6b30_0, v00000287751b6090_0, v00000287751b6810_0;
E_000002877515bd40/1 .event anyedge, v00000287751b7490_0;
E_000002877515bd40 .event/or E_000002877515bd40/0, E_000002877515bd40/1;
S_00000287751c5e50 .scope module, "Mux_4x1_i27" "Mux_4x1" 3 800, 3 423 0, S_0000028774d7e620;
 .timescale 0 0;
    .port_info 0 /INPUT 2 "sel";
    .port_info 1 /INPUT 1 "in_0";
    .port_info 2 /INPUT 1 "in_1";
    .port_info 3 /INPUT 1 "in_2";
    .port_info 4 /INPUT 1 "in_3";
    .port_info 5 /OUTPUT 1 "out";
L_00000287751d04a0 .functor BUFT 1, C4<1>, C4<0>, C4<0>, C4<0>;
v00000287751c3d50_0 .net "in_0", 0 0, L_00000287751d04a0;  1 drivers
v00000287751c3a30_0 .net "in_1", 0 0, L_000002877521b5c0;  alias, 1 drivers
v00000287751c3710_0 .net "in_2", 0 0, L_000002877521b480;  alias, 1 drivers
v00000287751c3df0_0 .net "in_3", 0 0, L_000002877521b2a0;  alias, 1 drivers
v00000287751c2c70_0 .var "out", 0 0;
v00000287751c4430_0 .net "sel", 1 0, L_0000028775218460;  alias, 1 drivers
E_000002877515bc80/0 .event anyedge, v00000287751b11a0_0, v00000287751c3d50_0, v00000287751c3a30_0, v00000287751c3710_0;
E_000002877515bc80/1 .event anyedge, v00000287751c3df0_0;
E_000002877515bc80 .event/or E_000002877515bc80/0, E_000002877515bc80/1;
S_00000287751c4d20 .scope module, "Mux_8x1_NBits_i0" "Mux_8x1_NBits" 3 516, 3 5 0, S_0000028774d7e620;
 .timescale 0 0;
    .port_info 0 /INPUT 3 "sel";
    .port_info 1 /INPUT 8 "in_0";
    .port_info 2 /INPUT 8 "in_1";
    .port_info 3 /INPUT 8 "in_2";
    .port_info 4 /INPUT 8 "in_3";
    .port_info 5 /INPUT 8 "in_4";
    .port_info 6 /INPUT 8 "in_5";
    .port_info 7 /INPUT 8 "in_6";
    .port_info 8 /INPUT 8 "in_7";
    .port_info 9 /OUTPUT 8 "out";
P_000002877515c440 .param/l "Bits" 0 3 6, +C4<00000000000000000000000000001000>;
L_00000287751cf6d8 .functor BUFT 1, C4<00000000>, C4<0>, C4<0>, C4<0>;
v00000287751c33f0_0 .net "in_0", 7 0, L_00000287751cf6d8;  1 drivers
v00000287751c3e90_0 .net "in_1", 7 0, L_0000028774d7e1f0;  alias, 1 drivers
v00000287751c26d0_0 .net "in_2", 7 0, v00000287751b6f90_0;  alias, 1 drivers
v00000287751c2b30_0 .net "in_3", 7 0, v00000287751cd0f0_0;  alias, 1 drivers
v00000287751c2a90_0 .net "in_4", 7 0, v00000287751b19c0_0;  alias, 1 drivers
v00000287751c3f30_0 .net "in_5", 7 0, L_0000028774d7d9a0;  alias, 1 drivers
L_00000287751cf720 .functor BUFT 1, C4<00000000>, C4<0>, C4<0>, C4<0>;
v00000287751c3490_0 .net "in_6", 7 0, L_00000287751cf720;  1 drivers
L_00000287751cf768 .functor BUFT 1, C4<00000000>, C4<0>, C4<0>, C4<0>;
v00000287751c2db0_0 .net "in_7", 7 0, L_00000287751cf768;  1 drivers
v00000287751c2810_0 .var "out", 7 0;
v00000287751c3fd0_0 .net "sel", 2 0, L_0000028775217ce0;  alias, 1 drivers
E_000002877515bdc0/0 .event anyedge, v00000287751c3fd0_0, v00000287751c33f0_0, v00000287751b1b00_0, v00000287751b6f90_0;
E_000002877515bdc0/1 .event anyedge, v00000287751c2b30_0, v00000287751b19c0_0, v00000287751b0fc0_0, v00000287751c3490_0;
E_000002877515bdc0/2 .event anyedge, v00000287751c2db0_0;
E_000002877515bdc0 .event/or E_000002877515bdc0/0, E_000002877515bdc0/1, E_000002877515bdc0/2;
S_00000287751c5360 .scope module, "Mux_8x1_NBits_i11" "Mux_8x1_NBits" 3 640, 3 5 0, S_0000028774d7e620;
 .timescale 0 0;
    .port_info 0 /INPUT 3 "sel";
    .port_info 1 /INPUT 8 "in_0";
    .port_info 2 /INPUT 8 "in_1";
    .port_info 3 /INPUT 8 "in_2";
    .port_info 4 /INPUT 8 "in_3";
    .port_info 5 /INPUT 8 "in_4";
    .port_info 6 /INPUT 8 "in_5";
    .port_info 7 /INPUT 8 "in_6";
    .port_info 8 /INPUT 8 "in_7";
    .port_info 9 /OUTPUT 8 "out";
P_000002877515be00 .param/l "Bits" 0 3 6, +C4<00000000000000000000000000001000>;
v00000287751c2ef0_0 .net "in_0", 7 0, v00000287751c2810_0;  alias, 1 drivers
v00000287751c3670_0 .net "in_1", 7 0, L_00000287751cdb90;  alias, 1 drivers
v00000287751c4070_0 .net "in_2", 7 0, L_0000028775218320;  alias, 1 drivers
v00000287751c37b0_0 .net "in_3", 7 0, L_0000028775219b80;  alias, 1 drivers
v00000287751c3850_0 .net "in_4", 7 0, L_0000028774d7dbd0;  alias, 1 drivers
v00000287751c4110_0 .net "in_5", 7 0, L_0000028774d7e260;  alias, 1 drivers
v00000287751c3ad0_0 .net "in_6", 7 0, L_0000028774d7df50;  alias, 1 drivers
v00000287751c38f0_0 .net "in_7", 7 0, v00000287751b5c30_0;  alias, 1 drivers
v00000287751c41b0_0 .var "out", 7 0;
v00000287751c4250_0 .net "sel", 2 0, L_0000028775219540;  alias, 1 drivers
E_000002877515be40/0 .event anyedge, v00000287751c4250_0, v0000028775151250_0, v0000028774d26330_0, v00000287751b4010_0;
E_000002877515be40/1 .event anyedge, v00000287751c37b0_0, v00000287751c3850_0, v00000287751c4110_0, v00000287751c3ad0_0;
E_000002877515be40/2 .event anyedge, v00000287751b5c30_0;
E_000002877515be40 .event/or E_000002877515be40/0, E_000002877515be40/1, E_000002877515be40/2;
S_00000287751c6300 .scope module, "RotateLeft_i13" "RotateLeft" 3 664, 3 191 0, S_0000028774d7e620;
 .timescale 0 0;
    .port_info 0 /INPUT 8 "in";
    .port_info 1 /INPUT 4 "shift";
    .port_info 2 /OUTPUT 8 "out";
P_00000287751c0f40 .param/l "Bits" 0 3 192, +C4<00000000000000000000000000001000>;
P_00000287751c0f78 .param/l "shiftBits" 0 3 193, +C4<00000000000000000000000000000100>;
L_0000028774d7e3b0 .functor OR 8, L_0000028775217c40, L_0000028775218c80, C4<00000000>, C4<00000000>;
v00000287751c42f0_0 .net *"_ivl_10", 7 0, L_0000028775217c40;  1 drivers
v00000287751c29f0_0 .net *"_ivl_12", 7 0, L_0000028775218c80;  1 drivers
L_00000287751cfba0 .functor BUFT 1, C4<00000000000000000000000000001000>, C4<0>, C4<0>, C4<0>;
v00000287751c3b70_0 .net/2u *"_ivl_2", 31 0, L_00000287751cfba0;  1 drivers
v00000287751c3c10_0 .net *"_ivl_4", 31 0, L_00000287752190e0;  1 drivers
L_00000287751cfbe8 .functor BUFT 1, C4<00000000000000000000000000000>, C4<0>, C4<0>, C4<0>;
v00000287751c30d0_0 .net *"_ivl_7", 28 0, L_00000287751cfbe8;  1 drivers
v00000287751c4390_0 .net *"_ivl_8", 31 0, L_0000028775218be0;  1 drivers
v00000287751c35d0_0 .net "in", 7 0, v00000287751c2810_0;  alias, 1 drivers
v00000287751c2bd0_0 .net "num", 2 0, L_0000028775218140;  1 drivers
v00000287751c3170_0 .net "out", 7 0, L_0000028774d7e3b0;  alias, 1 drivers
v00000287751c3990_0 .net "shift", 3 0, L_0000028775218280;  alias, 1 drivers
L_0000028775218140 .part L_0000028775218280, 0, 3;
L_00000287752190e0 .concat [ 3 29 0 0], L_0000028775218140, L_00000287751cfbe8;
L_0000028775218be0 .arith/sub 32, L_00000287751cfba0, L_00000287752190e0;
L_0000028775217c40 .shift/r 8, v00000287751c2810_0, L_0000028775218be0;
L_0000028775218c80 .shift/l 8, v00000287751c2810_0, L_0000028775218140;
S_00000287751c46e0 .scope module, "RotateRight_i15" "RotateRight" 3 682, 3 219 0, S_0000028774d7e620;
 .timescale 0 0;
    .port_info 0 /INPUT 8 "in";
    .port_info 1 /INPUT 4 "shift";
    .port_info 2 /OUTPUT 8 "out";
P_00000287751c1640 .param/l "Bits" 0 3 220, +C4<00000000000000000000000000001000>;
P_00000287751c1678 .param/l "shiftBits" 0 3 221, +C4<00000000000000000000000000000100>;
L_0000028774d7d850 .functor OR 8, L_0000028775219360, L_0000028775218fa0, C4<00000000>, C4<00000000>;
v00000287751c2e50_0 .net *"_ivl_10", 7 0, L_0000028775219360;  1 drivers
v00000287751c44d0_0 .net *"_ivl_12", 7 0, L_0000028775218fa0;  1 drivers
L_00000287751cfc30 .functor BUFT 1, C4<00000000000000000000000000001000>, C4<0>, C4<0>, C4<0>;
v00000287751c2f90_0 .net/2u *"_ivl_2", 31 0, L_00000287751cfc30;  1 drivers
v00000287751c3cb0_0 .net *"_ivl_4", 31 0, L_0000028775218e60;  1 drivers
L_00000287751cfc78 .functor BUFT 1, C4<00000000000000000000000000000>, C4<0>, C4<0>, C4<0>;
v00000287751c4570_0 .net *"_ivl_7", 28 0, L_00000287751cfc78;  1 drivers
v00000287751c2770_0 .net *"_ivl_8", 31 0, L_0000028775219180;  1 drivers
v00000287751c32b0_0 .net "in", 7 0, v00000287751c2810_0;  alias, 1 drivers
v00000287751c28b0_0 .net "num", 2 0, L_00000287752197c0;  1 drivers
v00000287751c2d10_0 .net "out", 7 0, L_0000028774d7d850;  alias, 1 drivers
v00000287751c3030_0 .net "shift", 3 0, L_0000028775218280;  alias, 1 drivers
L_00000287752197c0 .part L_0000028775218280, 0, 3;
L_0000028775218e60 .concat [ 3 29 0 0], L_00000287752197c0, L_00000287751cfc78;
L_0000028775219180 .arith/sub 32, L_00000287751cfc30, L_0000028775218e60;
L_0000028775219360 .shift/l 8, v00000287751c2810_0, L_0000028775219180;
L_0000028775218fa0 .shift/r 8, v00000287751c2810_0, L_00000287752197c0;
    .scope S_00000287751c4d20;
T_0 ;
    %wait E_000002877515bdc0;
    %load/vec4 v00000287751c3fd0_0;
    %dup/vec4;
    %pushi/vec4 0, 0, 3;
    %cmp/u;
    %jmp/1 T_0.0, 6;
    %dup/vec4;
    %pushi/vec4 1, 0, 3;
    %cmp/u;
    %jmp/1 T_0.1, 6;
    %dup/vec4;
    %pushi/vec4 2, 0, 3;
    %cmp/u;
    %jmp/1 T_0.2, 6;
    %dup/vec4;
    %pushi/vec4 3, 0, 3;
    %cmp/u;
    %jmp/1 T_0.3, 6;
    %dup/vec4;
    %pushi/vec4 4, 0, 3;
    %cmp/u;
    %jmp/1 T_0.4, 6;
    %dup/vec4;
    %pushi/vec4 5, 0, 3;
    %cmp/u;
    %jmp/1 T_0.5, 6;
    %dup/vec4;
    %pushi/vec4 6, 0, 3;
    %cmp/u;
    %jmp/1 T_0.6, 6;
    %dup/vec4;
    %pushi/vec4 7, 0, 3;
    %cmp/u;
    %jmp/1 T_0.7, 6;
    %pushi/vec4 0, 0, 8;
    %store/vec4 v00000287751c2810_0, 0, 8;
    %jmp T_0.9;
T_0.0 ;
    %load/vec4 v00000287751c33f0_0;
    %store/vec4 v00000287751c2810_0, 0, 8;
    %jmp T_0.9;
T_0.1 ;
    %load/vec4 v00000287751c3e90_0;
    %store/vec4 v00000287751c2810_0, 0, 8;
    %jmp T_0.9;
T_0.2 ;
    %load/vec4 v00000287751c26d0_0;
    %store/vec4 v00000287751c2810_0, 0, 8;
    %jmp T_0.9;
T_0.3 ;
    %load/vec4 v00000287751c2b30_0;
    %store/vec4 v00000287751c2810_0, 0, 8;
    %jmp T_0.9;
T_0.4 ;
    %load/vec4 v00000287751c2a90_0;
    %store/vec4 v00000287751c2810_0, 0, 8;
    %jmp T_0.9;
T_0.5 ;
    %load/vec4 v00000287751c3f30_0;
    %store/vec4 v00000287751c2810_0, 0, 8;
    %jmp T_0.9;
T_0.6 ;
    %load/vec4 v00000287751c3490_0;
    %store/vec4 v00000287751c2810_0, 0, 8;
    %jmp T_0.9;
T_0.7 ;
    %load/vec4 v00000287751c2db0_0;
    %store/vec4 v00000287751c2810_0, 0, 8;
    %jmp T_0.9;
T_0.9 ;
    %pop/vec4 1;
    %jmp T_0;
    .thread T_0, $push;
    .scope S_0000028774cdfbd0;
T_1 ;
    %wait E_000002877515bfc0;
    %load/vec4 v0000028774d5a630_0;
    %flag_set/vec4 8;
    %jmp/0xz  T_1.0, 8;
    %pushi/vec4 1, 0, 1;
    %assign/vec4 v0000028774d5b030_0, 0;
    %jmp T_1.1;
T_1.0 ;
    %load/vec4 v0000028774d257f0_0;
    %flag_set/vec4 8;
    %jmp/0xz  T_1.2, 8;
    %pushi/vec4 0, 0, 1;
    %assign/vec4 v0000028774d5b030_0, 0;
    %jmp T_1.3;
T_1.2 ;
    %load/vec4 v0000028774d25bb0_0;
    %assign/vec4 v0000028774d5b030_0, 0;
T_1.3 ;
T_1.1 ;
    %jmp T_1;
    .thread T_1;
    .scope S_0000028774cdfbd0;
T_2 ;
    %pushi/vec4 0, 0, 1;
    %store/vec4 v0000028774d5b030_0, 0, 1;
    %end;
    .thread T_2;
    .scope S_0000028774cdfef0;
T_3 ;
    %wait E_000002877515c100;
    %load/vec4 v00000287751b2000_0;
    %flag_set/vec4 8;
    %jmp/0xz  T_3.0, 8;
    %load/vec4 v00000287751b0840_0;
    %load/vec4 v00000287751b1ec0_0;
    %pad/u 9;
    %ix/vec4 3;
    %ix/load 4, 0, 0; Constant delay
    %assign/vec4/a/d v00000287751b1920, 0, 4;
T_3.0 ;
    %jmp T_3;
    .thread T_3;
    .scope S_0000028774ce2b90;
T_4 ;
    %wait E_000002877515c100;
    %load/vec4 v00000287751b1560_0;
    %flag_set/vec4 8;
    %jmp/0xz  T_4.0, 8;
    %load/vec4 v00000287751b1100_0;
    %load/vec4 v00000287751b1f60_0;
    %pad/u 4;
    %ix/vec4 3;
    %ix/load 4, 0, 0; Constant delay
    %assign/vec4/a/d v00000287751b1240, 0, 4;
T_4.0 ;
    %jmp T_4;
    .thread T_4;
    .scope S_0000028774cdc4b0;
T_5 ;
    %pushi/vec4 0, 0, 4;
    %store/vec4 v00000287751b3bb0_0, 0, 4;
    %end;
    .thread T_5;
    .scope S_0000028774cdc4b0;
T_6 ;
    %wait E_000002877515c100;
    %load/vec4 v00000287751b2c10_0;
    %flag_set/vec4 8;
    %jmp/0xz  T_6.0, 8;
    %load/vec4 v00000287751b2b70_0;
    %assign/vec4 v00000287751b3bb0_0, 0;
T_6.0 ;
    %jmp T_6;
    .thread T_6;
    .scope S_0000028774cdc640;
T_7 ;
    %pushi/vec4 0, 0, 8;
    %store/vec4 v00000287751b2df0_0, 0, 8;
    %end;
    .thread T_7;
    .scope S_0000028774cdc640;
T_8 ;
    %wait E_000002877515c100;
    %load/vec4 v00000287751b3750_0;
    %flag_set/vec4 8;
    %jmp/0xz  T_8.0, 8;
    %load/vec4 v00000287751b3e30_0;
    %assign/vec4 v00000287751b2df0_0, 0;
T_8.0 ;
    %jmp T_8;
    .thread T_8;
    .scope S_0000028774cdc7d0;
T_9 ;
    %pushi/vec4 0, 0, 4;
    %store/vec4 v00000287751b3390_0, 0, 4;
    %end;
    .thread T_9;
    .scope S_0000028774cdc7d0;
T_10 ;
    %wait E_000002877515c100;
    %load/vec4 v00000287751b40b0_0;
    %flag_set/vec4 8;
    %jmp/0xz  T_10.0, 8;
    %load/vec4 v00000287751b2ad0_0;
    %assign/vec4 v00000287751b3390_0, 0;
T_10.0 ;
    %jmp T_10;
    .thread T_10;
    .scope S_0000028774cf7af0;
T_11 ;
    %pushi/vec4 0, 0, 8;
    %store/vec4 v00000287751b41f0_0, 0, 8;
    %end;
    .thread T_11;
    .scope S_0000028774cf7af0;
T_12 ;
    %wait E_000002877515c100;
    %load/vec4 v00000287751b3250_0;
    %flag_set/vec4 8;
    %jmp/0xz  T_12.0, 8;
    %load/vec4 v00000287751b37f0_0;
    %assign/vec4 v00000287751b41f0_0, 0;
T_12.0 ;
    %jmp T_12;
    .thread T_12;
    .scope S_00000287751c5360;
T_13 ;
    %wait E_000002877515be40;
    %load/vec4 v00000287751c4250_0;
    %dup/vec4;
    %pushi/vec4 0, 0, 3;
    %cmp/u;
    %jmp/1 T_13.0, 6;
    %dup/vec4;
    %pushi/vec4 1, 0, 3;
    %cmp/u;
    %jmp/1 T_13.1, 6;
    %dup/vec4;
    %pushi/vec4 2, 0, 3;
    %cmp/u;
    %jmp/1 T_13.2, 6;
    %dup/vec4;
    %pushi/vec4 3, 0, 3;
    %cmp/u;
    %jmp/1 T_13.3, 6;
    %dup/vec4;
    %pushi/vec4 4, 0, 3;
    %cmp/u;
    %jmp/1 T_13.4, 6;
    %dup/vec4;
    %pushi/vec4 5, 0, 3;
    %cmp/u;
    %jmp/1 T_13.5, 6;
    %dup/vec4;
    %pushi/vec4 6, 0, 3;
    %cmp/u;
    %jmp/1 T_13.6, 6;
    %dup/vec4;
    %pushi/vec4 7, 0, 3;
    %cmp/u;
    %jmp/1 T_13.7, 6;
    %pushi/vec4 0, 0, 8;
    %store/vec4 v00000287751c41b0_0, 0, 8;
    %jmp T_13.9;
T_13.0 ;
    %load/vec4 v00000287751c2ef0_0;
    %store/vec4 v00000287751c41b0_0, 0, 8;
    %jmp T_13.9;
T_13.1 ;
    %load/vec4 v00000287751c3670_0;
    %store/vec4 v00000287751c41b0_0, 0, 8;
    %jmp T_13.9;
T_13.2 ;
    %load/vec4 v00000287751c4070_0;
    %store/vec4 v00000287751c41b0_0, 0, 8;
    %jmp T_13.9;
T_13.3 ;
    %load/vec4 v00000287751c37b0_0;
    %store/vec4 v00000287751c41b0_0, 0, 8;
    %jmp T_13.9;
T_13.4 ;
    %load/vec4 v00000287751c3850_0;
    %store/vec4 v00000287751c41b0_0, 0, 8;
    %jmp T_13.9;
T_13.5 ;
    %load/vec4 v00000287751c4110_0;
    %store/vec4 v00000287751c41b0_0, 0, 8;
    %jmp T_13.9;
T_13.6 ;
    %load/vec4 v00000287751c3ad0_0;
    %store/vec4 v00000287751c41b0_0, 0, 8;
    %jmp T_13.9;
T_13.7 ;
    %load/vec4 v00000287751c38f0_0;
    %store/vec4 v00000287751c41b0_0, 0, 8;
    %jmp T_13.9;
T_13.9 ;
    %pop/vec4 1;
    %jmp T_13;
    .thread T_13, $push;
    .scope S_0000028774cf4510;
T_14 ;
    %wait E_000002877515b740;
    %load/vec4 v00000287751b16a0_0;
    %inv;
    %flag_set/vec4 8;
    %jmp/0xz  T_14.0, 8;
    %pushi/vec4 0, 65535, 16;
    %store/vec4 v00000287751b12e0_0, 0, 16;
    %jmp T_14.1;
T_14.0 ;
    %load/vec4 v00000287751b1420_0;
    %pad/u 6;
    %ix/vec4 4;
    %load/vec4a v00000287751b0d40, 4;
    %store/vec4 v00000287751b12e0_0, 0, 16;
T_14.1 ;
    %jmp T_14;
    .thread T_14, $push;
    .scope S_0000028774cf4510;
T_15 ;
    %pushi/vec4 288, 0, 16;
    %ix/load 4, 0, 0;
    %flag_set/imm 4, 0;
    %store/vec4a v00000287751b0d40, 4, 0;
    %pushi/vec4 4352, 0, 16;
    %ix/load 4, 1, 0;
    %flag_set/imm 4, 0;
    %store/vec4a v00000287751b0d40, 4, 0;
    %pushi/vec4 2624, 0, 16;
    %ix/load 4, 2, 0;
    %flag_set/imm 4, 0;
    %store/vec4a v00000287751b0d40, 4, 0;
    %pushi/vec4 2368, 0, 16;
    %ix/load 4, 3, 0;
    %flag_set/imm 4, 0;
    %store/vec4a v00000287751b0d40, 4, 0;
    %pushi/vec4 1600, 0, 16;
    %ix/load 4, 4, 0;
    %flag_set/imm 4, 0;
    %store/vec4a v00000287751b0d40, 4, 0;
    %pushi/vec4 704, 0, 16;
    %ix/load 4, 5, 0;
    %flag_set/imm 4, 0;
    %store/vec4a v00000287751b0d40, 4, 0;
    %pushi/vec4 1360, 0, 16;
    %ix/load 4, 6, 0;
    %flag_set/imm 4, 0;
    %store/vec4a v00000287751b0d40, 4, 0;
    %pushi/vec4 912, 0, 16;
    %ix/load 4, 7, 0;
    %flag_set/imm 4, 0;
    %store/vec4a v00000287751b0d40, 4, 0;
    %pushi/vec4 0, 0, 16;
    %ix/load 4, 8, 0;
    %flag_set/imm 4, 0;
    %store/vec4a v00000287751b0d40, 4, 0;
    %pushi/vec4 9040, 0, 16;
    %ix/load 4, 9, 0;
    %flag_set/imm 4, 0;
    %store/vec4a v00000287751b0d40, 4, 0;
    %pushi/vec4 17232, 0, 16;
    %ix/load 4, 10, 0;
    %flag_set/imm 4, 0;
    %store/vec4a v00000287751b0d40, 4, 0;
    %pushi/vec4 25424, 0, 16;
    %ix/load 4, 11, 0;
    %flag_set/imm 4, 0;
    %store/vec4a v00000287751b0d40, 4, 0;
    %pushi/vec4 33616, 0, 16;
    %ix/load 4, 12, 0;
    %flag_set/imm 4, 0;
    %store/vec4a v00000287751b0d40, 4, 0;
    %pushi/vec4 41808, 0, 16;
    %ix/load 4, 13, 0;
    %flag_set/imm 4, 0;
    %store/vec4a v00000287751b0d40, 4, 0;
    %pushi/vec4 50000, 0, 16;
    %ix/load 4, 14, 0;
    %flag_set/imm 4, 0;
    %store/vec4a v00000287751b0d40, 4, 0;
    %pushi/vec4 58176, 0, 16;
    %ix/load 4, 15, 0;
    %flag_set/imm 4, 0;
    %store/vec4a v00000287751b0d40, 4, 0;
    %end;
    .thread T_15;
    .scope S_0000028774ce2a00;
T_16 ;
    %wait E_000002877515bb80;
    %load/vec4 v00000287751b2460_0;
    %inv;
    %flag_set/vec4 8;
    %jmp/0xz  T_16.0, 8;
    %pushi/vec4 0, 255, 8;
    %store/vec4 v00000287751b19c0_0, 0, 8;
    %jmp T_16.1;
T_16.0 ;
    %load/vec4 v00000287751b1d80_0;
    %cmpi/u 17, 0, 8;
    %flag_or 5, 4; GT is !LE
    %flag_inv 5;
    %jmp/0xz  T_16.2, 5;
    %pushi/vec4 0, 0, 8;
    %store/vec4 v00000287751b19c0_0, 0, 8;
    %jmp T_16.3;
T_16.2 ;
    %ix/getv 4, v00000287751b1d80_0;
    %load/vec4a v00000287751b1740, 4;
    %store/vec4 v00000287751b19c0_0, 0, 8;
T_16.3 ;
T_16.1 ;
    %jmp T_16;
    .thread T_16, $push;
    .scope S_0000028774ce2a00;
T_17 ;
    %pushi/vec4 48, 0, 8;
    %ix/load 4, 0, 0;
    %flag_set/imm 4, 0;
    %store/vec4a v00000287751b1740, 4, 0;
    %pushi/vec4 1, 0, 8;
    %ix/load 4, 1, 0;
    %flag_set/imm 4, 0;
    %store/vec4a v00000287751b1740, 4, 0;
    %pushi/vec4 52, 0, 8;
    %ix/load 4, 2, 0;
    %flag_set/imm 4, 0;
    %store/vec4a v00000287751b1740, 4, 0;
    %pushi/vec4 2, 0, 8;
    %ix/load 4, 3, 0;
    %flag_set/imm 4, 0;
    %store/vec4a v00000287751b1740, 4, 0;
    %pushi/vec4 56, 0, 8;
    %ix/load 4, 4, 0;
    %flag_set/imm 4, 0;
    %store/vec4a v00000287751b1740, 4, 0;
    %pushi/vec4 128, 0, 8;
    %ix/load 4, 5, 0;
    %flag_set/imm 4, 0;
    %store/vec4a v00000287751b1740, 4, 0;
    %pushi/vec4 1, 0, 8;
    %ix/load 4, 6, 0;
    %flag_set/imm 4, 0;
    %store/vec4a v00000287751b1740, 4, 0;
    %pushi/vec4 145, 0, 8;
    %ix/load 4, 7, 0;
    %flag_set/imm 4, 0;
    %store/vec4a v00000287751b1740, 4, 0;
    %pushi/vec4 148, 0, 8;
    %ix/load 4, 8, 0;
    %flag_set/imm 4, 0;
    %store/vec4a v00000287751b1740, 4, 0;
    %pushi/vec4 1, 0, 8;
    %ix/load 4, 9, 0;
    %flag_set/imm 4, 0;
    %store/vec4a v00000287751b1740, 4, 0;
    %pushi/vec4 249, 0, 8;
    %ix/load 4, 10, 0;
    %flag_set/imm 4, 0;
    %store/vec4a v00000287751b1740, 4, 0;
    %pushi/vec4 1, 0, 8;
    %ix/load 4, 11, 0;
    %flag_set/imm 4, 0;
    %store/vec4a v00000287751b1740, 4, 0;
    %pushi/vec4 18, 0, 8;
    %ix/load 4, 12, 0;
    %flag_set/imm 4, 0;
    %store/vec4a v00000287751b1740, 4, 0;
    %pushi/vec4 16, 0, 8;
    %ix/load 4, 13, 0;
    %flag_set/imm 4, 0;
    %store/vec4a v00000287751b1740, 4, 0;
    %pushi/vec4 16, 0, 8;
    %ix/load 4, 14, 0;
    %flag_set/imm 4, 0;
    %store/vec4a v00000287751b1740, 4, 0;
    %pushi/vec4 7, 0, 8;
    %ix/load 4, 15, 0;
    %flag_set/imm 4, 0;
    %store/vec4a v00000287751b1740, 4, 0;
    %pushi/vec4 80, 0, 8;
    %ix/load 4, 16, 0;
    %flag_set/imm 4, 0;
    %store/vec4a v00000287751b1740, 4, 0;
    %pushi/vec4 1, 0, 8;
    %ix/load 4, 17, 0;
    %flag_set/imm 4, 0;
    %store/vec4a v00000287751b1740, 4, 0;
    %end;
    .thread T_17;
    .scope S_00000287751b4e50;
T_18 ;
    %wait E_000002877515bd40;
    %load/vec4 v00000287751c3530_0;
    %dup/vec4;
    %pushi/vec4 0, 0, 2;
    %cmp/u;
    %jmp/1 T_18.0, 6;
    %dup/vec4;
    %pushi/vec4 1, 0, 2;
    %cmp/u;
    %jmp/1 T_18.1, 6;
    %dup/vec4;
    %pushi/vec4 2, 0, 2;
    %cmp/u;
    %jmp/1 T_18.2, 6;
    %dup/vec4;
    %pushi/vec4 3, 0, 2;
    %cmp/u;
    %jmp/1 T_18.3, 6;
    %pushi/vec4 0, 0, 8;
    %store/vec4 v00000287751b5c30_0, 0, 8;
    %jmp T_18.5;
T_18.0 ;
    %load/vec4 v00000287751b73f0_0;
    %store/vec4 v00000287751b5c30_0, 0, 8;
    %jmp T_18.5;
T_18.1 ;
    %load/vec4 v00000287751b72b0_0;
    %store/vec4 v00000287751b5c30_0, 0, 8;
    %jmp T_18.5;
T_18.2 ;
    %load/vec4 v00000287751b6810_0;
    %store/vec4 v00000287751b5c30_0, 0, 8;
    %jmp T_18.5;
T_18.3 ;
    %load/vec4 v00000287751b7490_0;
    %store/vec4 v00000287751b5c30_0, 0, 8;
    %jmp T_18.5;
T_18.5 ;
    %pop/vec4 1;
    %jmp T_18;
    .thread T_18, $push;
    .scope S_00000287751b5170;
T_19 ;
    %wait E_000002877515bd80;
    %load/vec4 v00000287751b5910_0;
    %dup/vec4;
    %pushi/vec4 0, 0, 1;
    %cmp/u;
    %jmp/1 T_19.0, 6;
    %dup/vec4;
    %pushi/vec4 1, 0, 1;
    %cmp/u;
    %jmp/1 T_19.1, 6;
    %pushi/vec4 0, 0, 4;
    %store/vec4 v00000287751b5870_0, 0, 4;
    %jmp T_19.3;
T_19.0 ;
    %load/vec4 v00000287751b6d10_0;
    %store/vec4 v00000287751b5870_0, 0, 4;
    %jmp T_19.3;
T_19.1 ;
    %load/vec4 v00000287751b70d0_0;
    %store/vec4 v00000287751b5870_0, 0, 4;
    %jmp T_19.3;
T_19.3 ;
    %pop/vec4 1;
    %jmp T_19;
    .thread T_19, $push;
    .scope S_00000287751b5490;
T_20 ;
    %wait E_000002877515bc00;
    %load/vec4 v00000287751b66d0_0;
    %dup/vec4;
    %pushi/vec4 0, 0, 1;
    %cmp/u;
    %jmp/1 T_20.0, 6;
    %dup/vec4;
    %pushi/vec4 1, 0, 1;
    %cmp/u;
    %jmp/1 T_20.1, 6;
    %pushi/vec4 0, 0, 8;
    %store/vec4 v00000287751b6c70_0, 0, 8;
    %jmp T_20.3;
T_20.0 ;
    %load/vec4 v00000287751b6bd0_0;
    %store/vec4 v00000287751b6c70_0, 0, 8;
    %jmp T_20.3;
T_20.1 ;
    %load/vec4 v00000287751b64f0_0;
    %store/vec4 v00000287751b6c70_0, 0, 8;
    %jmp T_20.3;
T_20.3 ;
    %pop/vec4 1;
    %jmp T_20;
    .thread T_20, $push;
    .scope S_0000028774ce2d20;
T_21 ;
    %pushi/vec4 0, 0, 3;
    %store/vec4 v00000287751b3d90_0, 0, 3;
    %end;
    .thread T_21;
    .scope S_0000028774ce2d20;
T_22 ;
    %wait E_000002877515c3c0;
    %load/vec4 v00000287751b3570_0;
    %flag_set/vec4 8;
    %jmp/0xz  T_22.0, 8;
    %load/vec4 v00000287751b0b60_0;
    %assign/vec4 v00000287751b3d90_0, 0;
T_22.0 ;
    %jmp T_22;
    .thread T_22;
    .scope S_0000028774cf42d0;
T_23 ;
    %wait E_000002877515b680;
    %load/vec4 v00000287751b14c0_0;
    %inv;
    %flag_set/vec4 8;
    %jmp/0xz  T_23.0, 8;
    %pushi/vec4 0, 255, 8;
    %store/vec4 v00000287751b1380_0, 0, 8;
    %jmp T_23.1;
T_23.0 ;
    %load/vec4 v00000287751b2280_0;
    %cmpi/u 17, 0, 7;
    %flag_or 5, 4; GT is !LE
    %flag_inv 5;
    %jmp/0xz  T_23.2, 5;
    %pushi/vec4 0, 0, 8;
    %store/vec4 v00000287751b1380_0, 0, 8;
    %jmp T_23.3;
T_23.2 ;
    %ix/getv 4, v00000287751b2280_0;
    %load/vec4a v00000287751b1e20, 4;
    %store/vec4 v00000287751b1380_0, 0, 8;
T_23.3 ;
T_23.1 ;
    %jmp T_23;
    .thread T_23, $push;
    .scope S_0000028774cf42d0;
T_24 ;
    %pushi/vec4 48, 0, 8;
    %ix/load 4, 0, 0;
    %flag_set/imm 4, 0;
    %store/vec4a v00000287751b1e20, 4, 0;
    %pushi/vec4 1, 0, 8;
    %ix/load 4, 1, 0;
    %flag_set/imm 4, 0;
    %store/vec4a v00000287751b1e20, 4, 0;
    %pushi/vec4 52, 0, 8;
    %ix/load 4, 2, 0;
    %flag_set/imm 4, 0;
    %store/vec4a v00000287751b1e20, 4, 0;
    %pushi/vec4 2, 0, 8;
    %ix/load 4, 3, 0;
    %flag_set/imm 4, 0;
    %store/vec4a v00000287751b1e20, 4, 0;
    %pushi/vec4 56, 0, 8;
    %ix/load 4, 4, 0;
    %flag_set/imm 4, 0;
    %store/vec4a v00000287751b1e20, 4, 0;
    %pushi/vec4 128, 0, 8;
    %ix/load 4, 5, 0;
    %flag_set/imm 4, 0;
    %store/vec4a v00000287751b1e20, 4, 0;
    %pushi/vec4 1, 0, 8;
    %ix/load 4, 6, 0;
    %flag_set/imm 4, 0;
    %store/vec4a v00000287751b1e20, 4, 0;
    %pushi/vec4 145, 0, 8;
    %ix/load 4, 7, 0;
    %flag_set/imm 4, 0;
    %store/vec4a v00000287751b1e20, 4, 0;
    %pushi/vec4 148, 0, 8;
    %ix/load 4, 8, 0;
    %flag_set/imm 4, 0;
    %store/vec4a v00000287751b1e20, 4, 0;
    %pushi/vec4 1, 0, 8;
    %ix/load 4, 9, 0;
    %flag_set/imm 4, 0;
    %store/vec4a v00000287751b1e20, 4, 0;
    %pushi/vec4 249, 0, 8;
    %ix/load 4, 10, 0;
    %flag_set/imm 4, 0;
    %store/vec4a v00000287751b1e20, 4, 0;
    %pushi/vec4 1, 0, 8;
    %ix/load 4, 11, 0;
    %flag_set/imm 4, 0;
    %store/vec4a v00000287751b1e20, 4, 0;
    %pushi/vec4 18, 0, 8;
    %ix/load 4, 12, 0;
    %flag_set/imm 4, 0;
    %store/vec4a v00000287751b1e20, 4, 0;
    %pushi/vec4 16, 0, 8;
    %ix/load 4, 13, 0;
    %flag_set/imm 4, 0;
    %store/vec4a v00000287751b1e20, 4, 0;
    %pushi/vec4 16, 0, 8;
    %ix/load 4, 14, 0;
    %flag_set/imm 4, 0;
    %store/vec4a v00000287751b1e20, 4, 0;
    %pushi/vec4 7, 0, 8;
    %ix/load 4, 15, 0;
    %flag_set/imm 4, 0;
    %store/vec4a v00000287751b1e20, 4, 0;
    %pushi/vec4 80, 0, 8;
    %ix/load 4, 16, 0;
    %flag_set/imm 4, 0;
    %store/vec4a v00000287751b1e20, 4, 0;
    %pushi/vec4 1, 0, 8;
    %ix/load 4, 17, 0;
    %flag_set/imm 4, 0;
    %store/vec4a v00000287751b1e20, 4, 0;
    %end;
    .thread T_24;
    .scope S_00000287751c5e50;
T_25 ;
    %wait E_000002877515bc80;
    %load/vec4 v00000287751c4430_0;
    %dup/vec4;
    %pushi/vec4 0, 0, 2;
    %cmp/u;
    %jmp/1 T_25.0, 6;
    %dup/vec4;
    %pushi/vec4 1, 0, 2;
    %cmp/u;
    %jmp/1 T_25.1, 6;
    %dup/vec4;
    %pushi/vec4 2, 0, 2;
    %cmp/u;
    %jmp/1 T_25.2, 6;
    %dup/vec4;
    %pushi/vec4 3, 0, 2;
    %cmp/u;
    %jmp/1 T_25.3, 6;
    %pushi/vec4 0, 0, 1;
    %store/vec4 v00000287751c2c70_0, 0, 1;
    %jmp T_25.5;
T_25.0 ;
    %load/vec4 v00000287751c3d50_0;
    %store/vec4 v00000287751c2c70_0, 0, 1;
    %jmp T_25.5;
T_25.1 ;
    %load/vec4 v00000287751c3a30_0;
    %store/vec4 v00000287751c2c70_0, 0, 1;
    %jmp T_25.5;
T_25.2 ;
    %load/vec4 v00000287751c3710_0;
    %store/vec4 v00000287751c2c70_0, 0, 1;
    %jmp T_25.5;
T_25.3 ;
    %load/vec4 v00000287751c3df0_0;
    %store/vec4 v00000287751c2c70_0, 0, 1;
    %jmp T_25.5;
T_25.5 ;
    %pop/vec4 1;
    %jmp T_25;
    .thread T_25, $push;
    .scope S_00000287751b4cc0;
T_26 ;
    %wait E_000002877515c580;
    %load/vec4 v00000287751b68b0_0;
    %dup/vec4;
    %pushi/vec4 0, 0, 1;
    %cmp/u;
    %jmp/1 T_26.0, 6;
    %dup/vec4;
    %pushi/vec4 1, 0, 1;
    %cmp/u;
    %jmp/1 T_26.1, 6;
    %pushi/vec4 0, 0, 8;
    %store/vec4 v00000287751b6f90_0, 0, 8;
    %jmp T_26.3;
T_26.0 ;
    %load/vec4 v00000287751b59b0_0;
    %store/vec4 v00000287751b6f90_0, 0, 8;
    %jmp T_26.3;
T_26.1 ;
    %load/vec4 v00000287751b5a50_0;
    %store/vec4 v00000287751b6f90_0, 0, 8;
    %jmp T_26.3;
T_26.3 ;
    %pop/vec4 1;
    %jmp T_26;
    .thread T_26, $push;
    .scope S_00000287751b49a0;
T_27 ;
    %wait E_000002877515c040;
    %load/vec4 v00000287751b5b90_0;
    %dup/vec4;
    %pushi/vec4 0, 0, 1;
    %cmp/u;
    %jmp/1 T_27.0, 6;
    %dup/vec4;
    %pushi/vec4 1, 0, 1;
    %cmp/u;
    %jmp/1 T_27.1, 6;
    %pushi/vec4 0, 0, 8;
    %store/vec4 v00000287751b7210_0, 0, 8;
    %jmp T_27.3;
T_27.0 ;
    %load/vec4 v00000287751b5af0_0;
    %store/vec4 v00000287751b7210_0, 0, 8;
    %jmp T_27.3;
T_27.1 ;
    %load/vec4 v00000287751b6770_0;
    %store/vec4 v00000287751b7210_0, 0, 8;
    %jmp T_27.3;
T_27.3 ;
    %pop/vec4 1;
    %jmp T_27;
    .thread T_27, $push;
    .scope S_0000028774d7e490;
T_28 ;
    %vpi_call 2 21 "$dumpfile", "db_microprogramIII_tb.vcd" {0 0 0};
    %vpi_call 2 22 "$dumpvars", 32'sb00000000000000000000000000000000, S_0000028774d7e490 {0 0 0};
    %pushi/vec4 0, 0, 1;
    %store/vec4 v00000287751ccf10_0, 0, 1;
    %pushi/vec4 1, 0, 1;
    %store/vec4 v00000287751ce090_0, 0, 1;
    %pushi/vec4 0, 0, 8;
    %store/vec4 v00000287751cd0f0_0, 0, 8;
    %delay 50000, 0;
    %pushi/vec4 0, 0, 1;
    %store/vec4 v00000287751ce090_0, 0, 1;
    %delay 50000, 0;
    %pushi/vec4 1, 0, 1;
    %store/vec4 v00000287751ce090_0, 0, 1;
    %delay 5000, 0;
T_28.0 ;
    %delay 5000, 0;
    %load/vec4 v00000287751ccf10_0;
    %inv;
    %store/vec4 v00000287751ccf10_0, 0, 1;
    %jmp T_28.0;
    %end;
    .thread T_28;
    .scope S_0000028774d7e490;
T_29 ;
    %delay 100000000, 0;
    %vpi_call 2 42 "$finish" {0 0 0};
    %end;
    .thread T_29;
# The file index is used to find the file name in the following table.
:file_names 4;
    "N/A";
    "<interactive>";
    "microprogram_tb.v";
    "microprogram.v";
