#! /c/Source/iverilog-install/bin/vvp
:ivl_version "12.0 (devel)" "(s20150603-1110-g18392a46)";
:ivl_delay_selection "TYPICAL";
:vpi_time_precision - 9;
:vpi_module "C:\iverilog\lib\ivl\system.vpi";
:vpi_module "C:\iverilog\lib\ivl\vhdl_sys.vpi";
:vpi_module "C:\iverilog\lib\ivl\vhdl_textio.vpi";
:vpi_module "C:\iverilog\lib\ivl\v2005_math.vpi";
:vpi_module "C:\iverilog\lib\ivl\va_math.vpi";
S_000001e5d087ed00 .scope module, "microprogramIII_tb" "microprogramIII_tb" 2 4;
 .timescale -6 -9;
P_000001e5d0856700 .param/l "PERIOD" 0 2 17, +C4<00000000000000000000000000001010>;
v000001e5d0c2c3f0_0 .var "IN", 7 0;
v000001e5d0c2c490_0 .net "OUT", 7 0, L_000001e5d087e800;  1 drivers
v000001e5d0c2c5d0_0 .var "clock", 0 0;
v000001e5d0c2c7b0_0 .var "reset", 0 0;
S_000001e5d07e3f50 .scope module, "microprogramIII_tb0" "microprogramIII" 2 10, 3 426 0, S_000001e5d087ed00;
 .timescale 0 0;
    .port_info 0 /INPUT 1 "clock";
    .port_info 1 /INPUT 1 "reset";
    .port_info 2 /INPUT 8 "IN";
    .port_info 3 /OUTPUT 8 "OUT";
L_000001e5d087e560 .functor AND 1, v000001e5d0c2c7b0_0, v000001e5d0c2c5d0_0, C4<1>, C4<1>;
L_000001e5d087ded0 .functor OR 1, v000001e5d0c2c5d0_0, L_000001e5d087e480, C4<0>, C4<0>;
L_000001e5d087eb10 .functor AND 8, v000001e5d0c21f60_0, v000001e5d0c1a480_0, C4<11111111>, C4<11111111>;
L_000001e5d087e2c0 .functor OR 8, v000001e5d0c21f60_0, v000001e5d0c1a480_0, C4<00000000>, C4<00000000>;
L_000001e5d087df40 .functor XOR 8, v000001e5d0c21f60_0, v000001e5d0c1a480_0, C4<00000000>, C4<00000000>;
L_000001e5d087e6b0 .functor OR 1, L_000001e5d0c7e510, L_000001e5d0c7df70, C4<0>, C4<0>;
L_000001e5d087dc30 .functor BUFZ 1, L_000001e5d0c2a690, C4<0>, C4<0>, C4<0>;
L_000001e5d087e330 .functor BUFZ 1, L_000001e5d0c7f410, C4<0>, C4<0>, C4<0>;
L_000001e5d087dca0 .functor OR 1, L_000001e5d0c7b770, L_000001e5d0c7c710, C4<0>, C4<0>;
L_000001e5d087e020 .functor OR 1, L_000001e5d087dca0, L_000001e5d0c7c0d0, C4<0>, C4<0>;
L_000001e5d087e4f0 .functor OR 1, L_000001e5d087e020, L_000001e5d0c7db10, C4<0>, C4<0>;
L_000001e5d087dd10 .functor NOT 1, L_000001e5d087e4f0, C4<0>, C4<0>, C4<0>;
L_000001e5d087e790 .functor AND 1, L_000001e5d0c7ebf0, L_000001e5d087dd10, C4<1>, C4<1>;
L_000001e5d087e870 .functor AND 1, L_000001e5d087e790, L_000001e5d0c7bdb0, C4<1>, C4<1>;
L_000001e5d087e720 .functor AND 1, L_000001e5d087e6b0, L_000001e5d0c7c8f0, C4<1>, C4<1>;
L_000001e5d087e950 .functor NOT 1, L_000001e5d087e720, C4<0>, C4<0>, C4<0>;
L_000001e5d087dd80 .functor AND 1, L_000001e5d087e950, L_000001e5d0c7d9d0, C4<1>, C4<1>;
L_000001e5d08494f0 .functor NOT 1, L_000001e5d0c7b810, C4<0>, C4<0>, C4<0>;
L_000001e5d08496b0 .functor AND 1, L_000001e5d0c7d430, L_000001e5d08494f0, C4<1>, C4<1>;
L_000001e5d0849720 .functor AND 1, v000001e5d0c20840_0, L_000001e5d0c7dbb0, C4<1>, C4<1>;
v000001e5d0c220a0_0 .net "ALUop", 2 0, L_000001e5d0c7c850;  1 drivers
v000001e5d0c22140_0 .net "Asel", 1 0, L_000001e5d0c7bb30;  1 drivers
v000001e5d0c22320_0 .net "C", 0 0, L_000001e5d0c7ca30;  1 drivers
v000001e5d0c223c0_0 .net "C_F", 0 0, L_000001e5d0c2a690;  1 drivers
v000001e5d0c205c0_0 .net "Da", 7 0, L_000001e5d087de60;  1 drivers
v000001e5d0c2d750_0 .net "Db", 7 0, L_000001e5d087e640;  1 drivers
v000001e5d0c2dd90_0 .net "ENout", 0 0, L_000001e5d0c7c350;  1 drivers
v000001e5d0c2e330_0 .net "IMM", 7 0, v000001e5d0c14020_0;  1 drivers
v000001e5d0c2dcf0_0 .net "IN", 7 0, v000001e5d0c2c3f0_0;  1 drivers
v000001e5d0c2d7f0_0 .net "I_10", 0 0, L_000001e5d087e6b0;  1 drivers
v000001e5d0c2d610_0 .net "Min", 7 0, L_000001e5d0c7bef0;  1 drivers
v000001e5d0c2d890_0 .net "Mout", 7 0, v000001e5d0c19760_0;  1 drivers
v000001e5d0c2cd50_0 .net "OP", 3 0, L_000001e5d0c7e650;  1 drivers
v000001e5d0c2d930_0 .net "OUT", 7 0, L_000001e5d087e800;  alias, 1 drivers
v000001e5d0c2e3d0_0 .net "P1", 0 0, L_000001e5d0c7ebf0;  1 drivers
v000001e5d0c2d570_0 .net "PC+1", 0 0, L_000001e5d087dd80;  1 drivers
v000001e5d0c2d9d0_0 .net "Ra", 1 0, L_000001e5d0c7e830;  1 drivers
v000001e5d0c2d2f0_0 .net "Rb", 1 0, L_000001e5d0c7e3d0;  1 drivers
v000001e5d0c2d110_0 .net "Rin", 7 0, L_000001e5d0c7c990;  1 drivers
v000001e5d0c2ce90_0 .net "S", 0 0, L_000001e5d0c7ce90;  1 drivers
v000001e5d0c2e0b0_0 .net "Ssel", 2 0, L_000001e5d0c7bc70;  1 drivers
v000001e5d0c2ded0_0 .net "Xin", 7 0, v000001e5d0c21f60_0;  1 drivers
v000001e5d0c2d1b0_0 .net "Yin", 7 0, v000001e5d0c1a480_0;  1 drivers
v000001e5d0c2d390_0 .net "Z", 0 0, L_000001e5d0c7cdf0;  1 drivers
v000001e5d0c2de30_0 .net "Z_F", 0 0, L_000001e5d0c7f410;  1 drivers
v000001e5d0c2d250_0 .net *"_ivl_100", 0 0, L_000001e5d0c7c8f0;  1 drivers
v000001e5d0c2d6b0_0 .net *"_ivl_101", 0 0, L_000001e5d087e720;  1 drivers
v000001e5d0c2da70_0 .net *"_ivl_103", 0 0, L_000001e5d087e950;  1 drivers
v000001e5d0c2db10_0 .net *"_ivl_106", 0 0, L_000001e5d0c7d9d0;  1 drivers
v000001e5d0c2cf30_0 .net *"_ivl_121", 0 0, L_000001e5d08494f0;  1 drivers
v000001e5d0c2cdf0_0 .net *"_ivl_130", 0 0, L_000001e5d0c7dbb0;  1 drivers
v000001e5d0c2d430_0 .net *"_ivl_43", 0 0, L_000001e5d0c7e510;  1 drivers
v000001e5d0c2dc50_0 .net *"_ivl_45", 0 0, L_000001e5d0c7df70;  1 drivers
v000001e5d0c2d4d0_0 .net *"_ivl_51", 0 0, L_000001e5d087dc30;  1 drivers
v000001e5d0c2d070_0 .net *"_ivl_55", 0 0, L_000001e5d087e330;  1 drivers
v000001e5d0c2cfd0_0 .net *"_ivl_60", 0 0, L_000001e5d0c7e5b0;  1 drivers
v000001e5d0c2dbb0_0 .net *"_ivl_78", 0 0, L_000001e5d0c7b770;  1 drivers
v000001e5d0c2e150_0 .net *"_ivl_80", 0 0, L_000001e5d0c7c710;  1 drivers
v000001e5d0c2df70_0 .net *"_ivl_81", 0 0, L_000001e5d087dca0;  1 drivers
v000001e5d0c2e010_0 .net *"_ivl_84", 0 0, L_000001e5d0c7c0d0;  1 drivers
v000001e5d0c2e1f0_0 .net *"_ivl_85", 0 0, L_000001e5d087e020;  1 drivers
v000001e5d0c2e290_0 .net *"_ivl_88", 0 0, L_000001e5d0c7db10;  1 drivers
v000001e5d0c2b310_0 .net *"_ivl_89", 0 0, L_000001e5d087e4f0;  1 drivers
v000001e5d0c2b3b0_0 .net *"_ivl_91", 0 0, L_000001e5d087dd10;  1 drivers
v000001e5d0c2b770_0 .net *"_ivl_93", 0 0, L_000001e5d087e790;  1 drivers
v000001e5d0c2b810_0 .net *"_ivl_96", 0 0, L_000001e5d0c7bdb0;  1 drivers
v000001e5d0c2bdb0_0 .net "clk", 0 0, L_000001e5d087ded0;  1 drivers
v000001e5d0c2c170_0 .net "clock", 0 0, v000001e5d0c2c5d0_0;  1 drivers
v000001e5d0c2c210_0 .net "hlt", 0 0, L_000001e5d087e870;  1 drivers
v000001e5d0c2b450_0 .net "memw", 0 0, L_000001e5d0c7d430;  1 drivers
v000001e5d0c2b4f0_0 .net "regw", 0 0, L_000001e5d0c7b590;  1 drivers
v000001e5d0c2aaf0_0 .net "reset", 0 0, v000001e5d0c2c7b0_0;  1 drivers
v000001e5d0c2c530_0 .net "s0", 6 0, L_000001e5d0c7bbd0;  1 drivers
v000001e5d0c2a910_0 .net "s1", 0 0, L_000001e5d08496b0;  1 drivers
v000001e5d0c2a9b0_0 .net "s10", 7 0, v000001e5d0c17960_0;  1 drivers
v000001e5d0c2b8b0_0 .net "s11", 3 0, L_000001e5d0c7e6f0;  1 drivers
v000001e5d0c2b950_0 .net "s12", 7 0, L_000001e5d0c7eb50;  1 drivers
v000001e5d0c2c990_0 .net "s13", 7 0, v000001e5d0c1aac0_0;  1 drivers
v000001e5d0c2bd10_0 .net "s14", 0 0, L_000001e5d0849720;  1 drivers
v000001e5d0c2b1d0_0 .net "s15", 0 0, L_000001e5d087e560;  1 drivers
v000001e5d0c2cad0_0 .net "s16", 0 0, L_000001e5d087e480;  1 drivers
v000001e5d0c2ac30_0 .net "s17", 3 0, v000001e5d0c16920_0;  1 drivers
v000001e5d0c2b9f0_0 .net "s18", 7 0, L_000001e5d0c2aff0;  1 drivers
v000001e5d0c2be50_0 .net "s19", 7 0, L_000001e5d0c7e470;  1 drivers
v000001e5d0c2bc70_0 .net "s2", 7 0, L_000001e5d0849800;  1 drivers
v000001e5d0c2ad70_0 .net "s20", 7 0, L_000001e5d087eb10;  1 drivers
v000001e5d0c2c0d0_0 .net "s21", 7 0, L_000001e5d087e2c0;  1 drivers
v000001e5d0c2bef0_0 .net "s22", 7 0, L_000001e5d087df40;  1 drivers
v000001e5d0c2a7d0_0 .net "s23", 3 0, L_000001e5d0c7cc10;  1 drivers
v000001e5d0c2bf90_0 .net "s24", 7 0, L_000001e5d0c7e970;  1 drivers
v000001e5d0c2af50_0 .net "s25", 7 0, L_000001e5d0c7ded0;  1 drivers
v000001e5d0c2c710_0 .net "s26", 7 0, v000001e5d0c19d00_0;  1 drivers
v000001e5d0c2c670_0 .net "s27", 15 0, L_000001e5d0c7ed30;  1 drivers
v000001e5d0c2bb30_0 .net "s28", 7 0, L_000001e5d087e8e0;  1 drivers
v000001e5d0c2b590_0 .net "s29", 7 0, L_000001e5d0c7ee70;  1 drivers
v000001e5d0c2c2b0_0 .net "s3", 0 0, L_000001e5d0c7b810;  1 drivers
v000001e5d0c2b630_0 .net "s30", 7 0, L_000001e5d087e5d0;  1 drivers
v000001e5d0c2a870_0 .net "s31", 0 0, v000001e5d0c20840_0;  1 drivers
v000001e5d0c2aa50_0 .net "s32", 2 0, L_000001e5d0c7e1f0;  1 drivers
v000001e5d0c2ab90_0 .net "s33", 2 0, v000001e5d0c131c0_0;  1 drivers
v000001e5d0c2c030_0 .net "s4", 7 0, v000001e5d0c13620_0;  1 drivers
v000001e5d0c2ba90_0 .net "s5", 7 0, v000001e5d0c216a0_0;  1 drivers
v000001e5d0c2bbd0_0 .net "s6", 3 0, L_000001e5d0c7e8d0;  1 drivers
v000001e5d0c2b6d0_0 .net "s7", 3 0, v000001e5d0c1b060_0;  1 drivers
v000001e5d0c2c350_0 .net "s8", 3 0, L_000001e5d087e1e0;  1 drivers
v000001e5d0c2acd0_0 .net "s9", 15 0, v000001e5d0c12b80_0;  1 drivers
v000001e5d0c2b270_0 .net "s_out", 7 0, L_000001e5d0c7c490;  1 drivers
L_000001e5d0c7e3d0 .part v000001e5d0c16920_0, 0, 2;
L_000001e5d0c7e830 .part v000001e5d0c16920_0, 2, 2;
L_000001e5d0c7ded0 .part L_000001e5d0c7ed30, 0, 8;
L_000001e5d0c7e510 .part L_000001e5d0c7e3d0, 0, 1;
L_000001e5d0c7df70 .part L_000001e5d0c7e3d0, 1, 1;
L_000001e5d0c7e1f0 .concat8 [ 1 1 1 0], L_000001e5d087dc30, L_000001e5d087e330, L_000001e5d0c7e5b0;
L_000001e5d0c7e5b0 .part v000001e5d0c216a0_0, 7, 1;
L_000001e5d0c7e650 .part v000001e5d0c14020_0, 4, 4;
L_000001e5d0c7e6f0 .part v000001e5d0c14020_0, 0, 4;
L_000001e5d0c7e8d0 .part v000001e5d0c12b80_0, 0, 4;
L_000001e5d0c7ebf0 .part v000001e5d0c12b80_0, 5, 1;
L_000001e5d0c7bb30 .part v000001e5d0c12b80_0, 6, 2;
L_000001e5d0c7bc70 .part v000001e5d0c12b80_0, 9, 3;
L_000001e5d0c7c850 .part v000001e5d0c12b80_0, 13, 3;
L_000001e5d0c7cc10 .part v000001e5d0c14020_0, 0, 4;
L_000001e5d0c7b770 .part L_000001e5d0c7e650, 0, 1;
L_000001e5d0c7c710 .part L_000001e5d0c7e650, 1, 1;
L_000001e5d0c7c0d0 .part L_000001e5d0c7e650, 2, 1;
L_000001e5d0c7db10 .part L_000001e5d0c7e650, 3, 1;
L_000001e5d0c7bdb0 .part v000001e5d0c14020_0, 0, 1;
L_000001e5d0c7c8f0 .part v000001e5d0c12b80_0, 4, 1;
L_000001e5d0c7d9d0 .part v000001e5d0c12b80_0, 8, 1;
L_000001e5d0c7b810 .part v000001e5d0c1a480_0, 7, 1;
L_000001e5d0c7bbd0 .part v000001e5d0c1a480_0, 0, 7;
L_000001e5d0c7ca30 .part v000001e5d0c131c0_0, 0, 1;
L_000001e5d0c7cdf0 .part v000001e5d0c131c0_0, 1, 1;
L_000001e5d0c7ce90 .part v000001e5d0c131c0_0, 2, 1;
L_000001e5d0c7dbb0 .part v000001e5d0c12b80_0, 12, 1;
S_000001e5d07e40e0 .scope module, "CompUnsigned_i19" "CompUnsigned" 3 693, 3 304 0, S_000001e5d07e3f50;
 .timescale 0 0;
    .port_info 0 /INPUT 8 "a";
    .port_info 1 /INPUT 8 "b";
    .port_info 2 /OUTPUT 1 ">";
    .port_info 3 /OUTPUT 1 "=";
    .port_info 4 /OUTPUT 1 "<";
P_000001e5d0856b00 .param/l "Bits" 0 3 305, +C4<00000000000000000000000000001000>;
v000001e5d087b9f0_0 .net "<", 0 0, L_000001e5d0c7e150;  1 drivers
v000001e5d087c030_0 .net "=", 0 0, L_000001e5d0c7f410;  alias, 1 drivers
v000001e5d087c350_0 .net ">", 0 0, L_000001e5d0c7f2d0;  1 drivers
v000001e5d087d070_0 .net "a", 7 0, v000001e5d0c216a0_0;  alias, 1 drivers
L_000001e5d0c2fc68 .functor BUFT 1, C4<00000000>, C4<0>, C4<0>, C4<0>;
v000001e5d087c0d0_0 .net "b", 7 0, L_000001e5d0c2fc68;  1 drivers
L_000001e5d0c7f2d0 .cmp/gt 8, v000001e5d0c216a0_0, L_000001e5d0c2fc68;
L_000001e5d0c7f410 .cmp/eq 8, v000001e5d0c216a0_0, L_000001e5d0c2fc68;
L_000001e5d0c7e150 .cmp/gt 8, L_000001e5d0c2fc68, v000001e5d0c216a0_0;
S_000001e5d07e4270 .scope module, "DIG_Add_i18" "DIG_Add" 3 684, 3 133 0, S_000001e5d07e3f50;
 .timescale 0 0;
    .port_info 0 /INPUT 8 "a";
    .port_info 1 /INPUT 8 "b";
    .port_info 2 /INPUT 1 "c_i";
    .port_info 3 /OUTPUT 8 "s";
    .port_info 4 /OUTPUT 1 "c_o";
P_000001e5d0856800 .param/l "Bits" 0 3 135, +C4<00000000000000000000000000001000>;
L_000001e5d0c303b8 .functor BUFT 1, C4<000000001>, C4<0>, C4<0>, C4<0>;
v000001e5d087c170_0 .net *"_ivl_0", 8 0, L_000001e5d0c303b8;  1 drivers
L_000001e5d0c30400 .functor BUFT 1, C4<000000000>, C4<0>, C4<0>, C4<0>;
v000001e5d087d110_0 .net *"_ivl_10", 8 0, L_000001e5d0c30400;  1 drivers
v000001e5d087b810_0 .net *"_ivl_4", 8 0, L_000001e5d0c7eab0;  1 drivers
L_000001e5d0c2fb90 .functor BUFT 1, C4<0>, C4<0>, C4<0>, C4<0>;
v000001e5d087bb30_0 .net *"_ivl_7", 0 0, L_000001e5d0c2fb90;  1 drivers
v000001e5d087d250_0 .net *"_ivl_8", 8 0, L_000001e5d0c7f230;  1 drivers
L_000001e5d0c2fbd8 .functor BUFT 1, C4<00000001>, C4<0>, C4<0>, C4<0>;
v000001e5d087c3f0_0 .net "a", 7 0, L_000001e5d0c2fbd8;  1 drivers
v000001e5d087d4d0_0 .net "b", 7 0, v000001e5d0c17960_0;  alias, 1 drivers
L_000001e5d0c2fc20 .functor BUFT 1, C4<0>, C4<0>, C4<0>, C4<0>;
v000001e5d087c8f0_0 .net "c_i", 0 0, L_000001e5d0c2fc20;  1 drivers
v000001e5d087c990_0 .net "c_o", 0 0, L_000001e5d0c7f370;  1 drivers
v000001e5d087c490_0 .net "s", 7 0, L_000001e5d0c7eb50;  alias, 1 drivers
v000001e5d087bbd0_0 .net "temp", 8 0, L_000001e5d0c7e010;  1 drivers
L_000001e5d0c7eab0 .concat [ 8 1 0 0], v000001e5d0c17960_0, L_000001e5d0c2fb90;
L_000001e5d0c7f230 .arith/sum 9, L_000001e5d0c303b8, L_000001e5d0c7eab0;
L_000001e5d0c7e010 .arith/sum 9, L_000001e5d0c7f230, L_000001e5d0c30400;
L_000001e5d0c7eb50 .part L_000001e5d0c7e010, 0, 8;
L_000001e5d0c7f370 .part L_000001e5d0c7e010, 8, 1;
S_000001e5d07df390 .scope module, "DIG_Add_i8" "DIG_Add" 3 591, 3 133 0, S_000001e5d07e3f50;
 .timescale 0 0;
    .port_info 0 /INPUT 8 "a";
    .port_info 1 /INPUT 8 "b";
    .port_info 2 /INPUT 1 "c_i";
    .port_info 3 /OUTPUT 8 "s";
    .port_info 4 /OUTPUT 1 "c_o";
P_000001e5d0856bc0 .param/l "Bits" 0 3 135, +C4<00000000000000000000000000001000>;
v000001e5d087d570_0 .net *"_ivl_0", 8 0, L_000001e5d0c2ccb0;  1 drivers
L_000001e5d0c30328 .functor BUFT 1, C4<000000000>, C4<0>, C4<0>, C4<0>;
v000001e5d087cad0_0 .net *"_ivl_10", 8 0, L_000001e5d0c30328;  1 drivers
L_000001e5d0c2f7a0 .functor BUFT 1, C4<0>, C4<0>, C4<0>, C4<0>;
v000001e5d087c530_0 .net *"_ivl_3", 0 0, L_000001e5d0c2f7a0;  1 drivers
v000001e5d087c670_0 .net *"_ivl_4", 8 0, L_000001e5d0c2a550;  1 drivers
L_000001e5d0c2f7e8 .functor BUFT 1, C4<0>, C4<0>, C4<0>, C4<0>;
v000001e5d087d1b0_0 .net *"_ivl_7", 0 0, L_000001e5d0c2f7e8;  1 drivers
v000001e5d087c7b0_0 .net *"_ivl_8", 8 0, L_000001e5d0c2aeb0;  1 drivers
v000001e5d087d610_0 .net "a", 7 0, v000001e5d0c21f60_0;  alias, 1 drivers
v000001e5d087d2f0_0 .net "b", 7 0, v000001e5d0c1a480_0;  alias, 1 drivers
L_000001e5d0c2f830 .functor BUFT 1, C4<0>, C4<0>, C4<0>, C4<0>;
v000001e5d087b770_0 .net "c_i", 0 0, L_000001e5d0c2f830;  1 drivers
v000001e5d0822bc0_0 .net "c_o", 0 0, L_000001e5d0c2a690;  alias, 1 drivers
v000001e5d0822d00_0 .net "s", 7 0, L_000001e5d0c2aff0;  alias, 1 drivers
v000001e5d0822ee0_0 .net "temp", 8 0, L_000001e5d0c2a5f0;  1 drivers
L_000001e5d0c2ccb0 .concat [ 8 1 0 0], v000001e5d0c21f60_0, L_000001e5d0c2f7a0;
L_000001e5d0c2a550 .concat [ 8 1 0 0], v000001e5d0c1a480_0, L_000001e5d0c2f7e8;
L_000001e5d0c2aeb0 .arith/sum 9, L_000001e5d0c2ccb0, L_000001e5d0c2a550;
L_000001e5d0c2a5f0 .arith/sum 9, L_000001e5d0c2aeb0, L_000001e5d0c30328;
L_000001e5d0c2aff0 .part L_000001e5d0c2a5f0, 0, 8;
L_000001e5d0c2a690 .part L_000001e5d0c2a5f0, 8, 1;
S_000001e5d07df520 .scope module, "DIG_D_FF_AS_1bit_i1" "DIG_D_FF_AS_1bit" 3 514, 3 35 0, S_000001e5d07e3f50;
 .timescale 0 0;
    .port_info 0 /INPUT 1 "Set";
    .port_info 1 /INPUT 1 "D";
    .port_info 2 /INPUT 1 "C";
    .port_info 3 /INPUT 1 "Clr";
    .port_info 4 /OUTPUT 1 "Q";
    .port_info 5 /OUTPUT 1 "~Q";
P_000001e5d0856c80 .param/l "Default" 0 3 37, +C4<00000000000000000000000000000000>;
L_000001e5d087e480 .functor BUFZ 1, v000001e5d0859250_0, C4<0>, C4<0>, C4<0>;
L_000001e5d087e170 .functor NOT 1, v000001e5d0859250_0, C4<0>, C4<0>, C4<0>;
v000001e5d0823020_0 .net "C", 0 0, L_000001e5d087ded0;  alias, 1 drivers
v000001e5d08232a0_0 .net "Clr", 0 0, L_000001e5d087e560;  alias, 1 drivers
v000001e5d0821cc0_0 .net "D", 0 0, L_000001e5d087e870;  alias, 1 drivers
v000001e5d0821ea0_0 .net "Q", 0 0, L_000001e5d087e480;  alias, 1 drivers
L_000001e5d0c2f5f0 .functor BUFT 1, C4<0>, C4<0>, C4<0>, C4<0>;
v000001e5d0821f40_0 .net "Set", 0 0, L_000001e5d0c2f5f0;  1 drivers
v000001e5d0859250_0 .var "state", 0 0;
v000001e5d0858c10_0 .net "~Q", 0 0, L_000001e5d087e170;  1 drivers
E_000001e5d0855f00 .event posedge, v000001e5d0821f40_0, v000001e5d08232a0_0, v000001e5d0823020_0;
S_000001e5d07df6b0 .scope module, "DIG_Mul_unsigned_i12" "DIG_Mul_unsigned" 3 637, 3 179 0, S_000001e5d07e3f50;
 .timescale 0 0;
    .port_info 0 /INPUT 8 "a";
    .port_info 1 /INPUT 8 "b";
    .port_info 2 /OUTPUT 16 "mul";
P_000001e5d0855e80 .param/l "Bits" 0 3 180, +C4<00000000000000000000000000001000>;
v000001e5d0859cf0_0 .net *"_ivl_0", 15 0, L_000001e5d0c7ec90;  1 drivers
L_000001e5d0c2f950 .functor BUFT 1, C4<00000000>, C4<0>, C4<0>, C4<0>;
v000001e5d0c13440_0 .net *"_ivl_3", 7 0, L_000001e5d0c2f950;  1 drivers
v000001e5d0c13120_0 .net *"_ivl_4", 15 0, L_000001e5d0c7e290;  1 drivers
L_000001e5d0c2f998 .functor BUFT 1, C4<00000000>, C4<0>, C4<0>, C4<0>;
v000001e5d0c13ee0_0 .net *"_ivl_7", 7 0, L_000001e5d0c2f998;  1 drivers
v000001e5d0c13260_0 .net "a", 7 0, v000001e5d0c21f60_0;  alias, 1 drivers
v000001e5d0c13940_0 .net "b", 7 0, v000001e5d0c1a480_0;  alias, 1 drivers
v000001e5d0c134e0_0 .net "mul", 15 0, L_000001e5d0c7ed30;  alias, 1 drivers
L_000001e5d0c7ec90 .concat [ 8 8 0 0], v000001e5d0c21f60_0, L_000001e5d0c2f950;
L_000001e5d0c7e290 .concat [ 8 8 0 0], v000001e5d0c1a480_0, L_000001e5d0c2f998;
L_000001e5d0c7ed30 .arith/mult 16, L_000001e5d0c7ec90, L_000001e5d0c7e290;
S_000001e5d07f4aa0 .scope module, "DIG_RAMDualPort_i2" "DIG_RAMDualPort" 3 527, 3 66 0, S_000001e5d07e3f50;
 .timescale 0 0;
    .port_info 0 /INPUT 7 "A";
    .port_info 1 /INPUT 8 "Din";
    .port_info 2 /INPUT 1 "str";
    .port_info 3 /INPUT 1 "C";
    .port_info 4 /INPUT 1 "ld";
    .port_info 5 /OUTPUT 8 "D";
P_000001e5d07786a0 .param/l "AddrBits" 0 3 69, +C4<00000000000000000000000000000111>;
P_000001e5d07786d8 .param/l "Bits" 0 3 68, +C4<00000000000000000000000000001000>;
L_000001e5d0849800 .functor BUFT 8, L_000001e5d0c2ae10, C4<00000000>, C4<00000000>, C4<00000000>;
v000001e5d0c12e00_0 .net "A", 6 0, L_000001e5d0c7bbd0;  alias, 1 drivers
v000001e5d0c14340_0 .net "C", 0 0, L_000001e5d087ded0;  alias, 1 drivers
v000001e5d0c14200_0 .net "D", 7 0, L_000001e5d0849800;  alias, 1 drivers
v000001e5d0c129a0_0 .net "Din", 7 0, L_000001e5d0c7bef0;  alias, 1 drivers
v000001e5d0c13760_0 .net *"_ivl_0", 7 0, L_000001e5d0c2ae10;  1 drivers
v000001e5d0c142a0_0 .net *"_ivl_2", 8 0, L_000001e5d0c2c850;  1 drivers
L_000001e5d0c2f638 .functor BUFT 1, C4<00>, C4<0>, C4<0>, C4<0>;
v000001e5d0c13080_0 .net *"_ivl_5", 1 0, L_000001e5d0c2f638;  1 drivers
L_000001e5d0c2f680 .functor BUFT 1, C4<1>, C4<0>, C4<0>, C4<0>;
v000001e5d0c12680_0 .net "ld", 0 0, L_000001e5d0c2f680;  1 drivers
v000001e5d0c138a0 .array "memory", 127 0, 7 0;
v000001e5d0c13580_0 .net "str", 0 0, L_000001e5d08496b0;  alias, 1 drivers
E_000001e5d08577c0 .event posedge, v000001e5d0823020_0;
L_000001e5d0c2ae10 .array/port v000001e5d0c138a0, L_000001e5d0c2c850;
L_000001e5d0c2c850 .concat [ 7 2 0 0], L_000001e5d0c7bbd0, L_000001e5d0c2f638;
S_000001e5d07f4c30 .scope module, "DIG_ROM_128X8_Drom_i26" "DIG_ROM_128X8_Drom" 3 777, 3 386 0, S_000001e5d07e3f50;
 .timescale 0 0;
    .port_info 0 /INPUT 7 "A";
    .port_info 1 /INPUT 1 "sel";
    .port_info 2 /OUTPUT 8 "D";
v000001e5d0c12900_0 .net "A", 6 0, L_000001e5d0c7bbd0;  alias, 1 drivers
v000001e5d0c13620_0 .var "D", 7 0;
v000001e5d0c14160 .array "my_rom", -1 0, 7 0;
L_000001e5d0c30298 .functor BUFT 1, C4<1>, C4<0>, C4<0>, C4<0>;
v000001e5d0c13e40_0 .net "sel", 0 0, L_000001e5d0c30298;  1 drivers
v000001e5d0c14160_0 .array/port v000001e5d0c14160, 0;
v000001e5d0c14160_1 .array/port v000001e5d0c14160, 1;
E_000001e5d0857940 .event anyedge, v000001e5d0c13e40_0, v000001e5d0c12e00_0, v000001e5d0c14160_0, v000001e5d0c14160_1;
S_000001e5d07f4dc0 .scope module, "DIG_ROM_16X16_MROM_i16" "DIG_ROM_16X16_MROM" 3 670, 3 234 0, S_000001e5d07e3f50;
 .timescale 0 0;
    .port_info 0 /INPUT 4 "A";
    .port_info 1 /INPUT 1 "sel";
    .port_info 2 /OUTPUT 16 "D";
v000001e5d0c12f40_0 .net "A", 3 0, L_000001e5d087e1e0;  alias, 1 drivers
v000001e5d0c12b80_0 .var "D", 15 0;
v000001e5d0c13f80 .array "my_rom", 15 0, 15 0;
L_000001e5d0c2fb00 .functor BUFT 1, C4<1>, C4<0>, C4<0>, C4<0>;
v000001e5d0c12d60_0 .net "sel", 0 0, L_000001e5d0c2fb00;  1 drivers
v000001e5d0c13f80_0 .array/port v000001e5d0c13f80, 0;
v000001e5d0c13f80_1 .array/port v000001e5d0c13f80, 1;
E_000001e5d0857080/0 .event anyedge, v000001e5d0c12d60_0, v000001e5d0c12f40_0, v000001e5d0c13f80_0, v000001e5d0c13f80_1;
v000001e5d0c13f80_2 .array/port v000001e5d0c13f80, 2;
v000001e5d0c13f80_3 .array/port v000001e5d0c13f80, 3;
v000001e5d0c13f80_4 .array/port v000001e5d0c13f80, 4;
v000001e5d0c13f80_5 .array/port v000001e5d0c13f80, 5;
E_000001e5d0857080/1 .event anyedge, v000001e5d0c13f80_2, v000001e5d0c13f80_3, v000001e5d0c13f80_4, v000001e5d0c13f80_5;
v000001e5d0c13f80_6 .array/port v000001e5d0c13f80, 6;
v000001e5d0c13f80_7 .array/port v000001e5d0c13f80, 7;
v000001e5d0c13f80_8 .array/port v000001e5d0c13f80, 8;
v000001e5d0c13f80_9 .array/port v000001e5d0c13f80, 9;
E_000001e5d0857080/2 .event anyedge, v000001e5d0c13f80_6, v000001e5d0c13f80_7, v000001e5d0c13f80_8, v000001e5d0c13f80_9;
v000001e5d0c13f80_10 .array/port v000001e5d0c13f80, 10;
v000001e5d0c13f80_11 .array/port v000001e5d0c13f80, 11;
v000001e5d0c13f80_12 .array/port v000001e5d0c13f80, 12;
v000001e5d0c13f80_13 .array/port v000001e5d0c13f80, 13;
E_000001e5d0857080/3 .event anyedge, v000001e5d0c13f80_10, v000001e5d0c13f80_11, v000001e5d0c13f80_12, v000001e5d0c13f80_13;
v000001e5d0c13f80_14 .array/port v000001e5d0c13f80, 14;
v000001e5d0c13f80_15 .array/port v000001e5d0c13f80, 15;
E_000001e5d0857080/4 .event anyedge, v000001e5d0c13f80_14, v000001e5d0c13f80_15;
E_000001e5d0857080 .event/or E_000001e5d0857080/0, E_000001e5d0857080/1, E_000001e5d0857080/2, E_000001e5d0857080/3, E_000001e5d0857080/4;
S_000001e5d07e21c0 .scope module, "DIG_ROM_256X8_ROM_i17" "DIG_ROM_256X8_ROM" 3 676, 3 267 0, S_000001e5d07e3f50;
 .timescale 0 0;
    .port_info 0 /INPUT 8 "A";
    .port_info 1 /INPUT 1 "sel";
    .port_info 2 /OUTPUT 8 "D";
v000001e5d0c12c20_0 .net "A", 7 0, v000001e5d0c17960_0;  alias, 1 drivers
v000001e5d0c14020_0 .var "D", 7 0;
v000001e5d0c140c0 .array "my_rom", 17 0, 7 0;
L_000001e5d0c2fb48 .functor BUFT 1, C4<1>, C4<0>, C4<0>, C4<0>;
v000001e5d0c139e0_0 .net "sel", 0 0, L_000001e5d0c2fb48;  1 drivers
v000001e5d0c140c0_0 .array/port v000001e5d0c140c0, 0;
v000001e5d0c140c0_1 .array/port v000001e5d0c140c0, 1;
E_000001e5d0857840/0 .event anyedge, v000001e5d0c139e0_0, v000001e5d087d4d0_0, v000001e5d0c140c0_0, v000001e5d0c140c0_1;
v000001e5d0c140c0_2 .array/port v000001e5d0c140c0, 2;
v000001e5d0c140c0_3 .array/port v000001e5d0c140c0, 3;
v000001e5d0c140c0_4 .array/port v000001e5d0c140c0, 4;
v000001e5d0c140c0_5 .array/port v000001e5d0c140c0, 5;
E_000001e5d0857840/1 .event anyedge, v000001e5d0c140c0_2, v000001e5d0c140c0_3, v000001e5d0c140c0_4, v000001e5d0c140c0_5;
v000001e5d0c140c0_6 .array/port v000001e5d0c140c0, 6;
v000001e5d0c140c0_7 .array/port v000001e5d0c140c0, 7;
v000001e5d0c140c0_8 .array/port v000001e5d0c140c0, 8;
v000001e5d0c140c0_9 .array/port v000001e5d0c140c0, 9;
E_000001e5d0857840/2 .event anyedge, v000001e5d0c140c0_6, v000001e5d0c140c0_7, v000001e5d0c140c0_8, v000001e5d0c140c0_9;
v000001e5d0c140c0_10 .array/port v000001e5d0c140c0, 10;
v000001e5d0c140c0_11 .array/port v000001e5d0c140c0, 11;
v000001e5d0c140c0_12 .array/port v000001e5d0c140c0, 12;
v000001e5d0c140c0_13 .array/port v000001e5d0c140c0, 13;
E_000001e5d0857840/3 .event anyedge, v000001e5d0c140c0_10, v000001e5d0c140c0_11, v000001e5d0c140c0_12, v000001e5d0c140c0_13;
v000001e5d0c140c0_14 .array/port v000001e5d0c140c0, 14;
v000001e5d0c140c0_15 .array/port v000001e5d0c140c0, 15;
v000001e5d0c140c0_16 .array/port v000001e5d0c140c0, 16;
v000001e5d0c140c0_17 .array/port v000001e5d0c140c0, 17;
E_000001e5d0857840/4 .event anyedge, v000001e5d0c140c0_14, v000001e5d0c140c0_15, v000001e5d0c140c0_16, v000001e5d0c140c0_17;
E_000001e5d0857840 .event/or E_000001e5d0857840/0, E_000001e5d0857840/1, E_000001e5d0857840/2, E_000001e5d0857840/3, E_000001e5d0857840/4;
S_000001e5d07e2350 .scope module, "DIG_RegisterFile_i3" "DIG_RegisterFile" 3 540, 3 88 0, S_000001e5d07e3f50;
 .timescale 0 0;
    .port_info 0 /INPUT 8 "Din";
    .port_info 1 /INPUT 1 "we";
    .port_info 2 /INPUT 2 "Rw";
    .port_info 3 /INPUT 1 "C";
    .port_info 4 /INPUT 2 "Ra";
    .port_info 5 /INPUT 2 "Rb";
    .port_info 6 /OUTPUT 8 "Da";
    .port_info 7 /OUTPUT 8 "Db";
P_000001e5d0778820 .param/l "AddrBits" 0 3 91, +C4<00000000000000000000000000000010>;
P_000001e5d0778858 .param/l "Bits" 0 3 90, +C4<00000000000000000000000000001000>;
L_000001e5d087de60 .functor BUFZ 8, L_000001e5d0c2c8f0, C4<00000000>, C4<00000000>, C4<00000000>;
L_000001e5d087e640 .functor BUFZ 8, L_000001e5d0c2cb70, C4<00000000>, C4<00000000>, C4<00000000>;
v000001e5d0c124a0_0 .net "C", 0 0, L_000001e5d087ded0;  alias, 1 drivers
v000001e5d0c12540_0 .net "Da", 7 0, L_000001e5d087de60;  alias, 1 drivers
v000001e5d0c12fe0_0 .net "Db", 7 0, L_000001e5d087e640;  alias, 1 drivers
v000001e5d0c125e0_0 .net "Din", 7 0, L_000001e5d0c7c990;  alias, 1 drivers
v000001e5d0c12720_0 .net "Ra", 1 0, L_000001e5d0c7e830;  alias, 1 drivers
v000001e5d0c13a80_0 .net "Rb", 1 0, L_000001e5d0c7e3d0;  alias, 1 drivers
v000001e5d0c13b20_0 .net "Rw", 1 0, L_000001e5d0c7e830;  alias, 1 drivers
v000001e5d0c127c0_0 .net *"_ivl_0", 7 0, L_000001e5d0c2c8f0;  1 drivers
v000001e5d0c12a40_0 .net *"_ivl_10", 3 0, L_000001e5d0c2cc10;  1 drivers
L_000001e5d0c2f710 .functor BUFT 1, C4<00>, C4<0>, C4<0>, C4<0>;
v000001e5d0c12860_0 .net *"_ivl_13", 1 0, L_000001e5d0c2f710;  1 drivers
v000001e5d0c133a0_0 .net *"_ivl_2", 3 0, L_000001e5d0c2ca30;  1 drivers
L_000001e5d0c2f6c8 .functor BUFT 1, C4<00>, C4<0>, C4<0>, C4<0>;
v000001e5d0c13800_0 .net *"_ivl_5", 1 0, L_000001e5d0c2f6c8;  1 drivers
v000001e5d0c12ae0_0 .net *"_ivl_8", 7 0, L_000001e5d0c2cb70;  1 drivers
v000001e5d0c12cc0 .array "memory", 3 0, 7 0;
v000001e5d0c13bc0_0 .net "we", 0 0, L_000001e5d0c7b590;  alias, 1 drivers
L_000001e5d0c2c8f0 .array/port v000001e5d0c12cc0, L_000001e5d0c2ca30;
L_000001e5d0c2ca30 .concat [ 2 2 0 0], L_000001e5d0c7e830, L_000001e5d0c2f6c8;
L_000001e5d0c2cb70 .array/port v000001e5d0c12cc0, L_000001e5d0c2cc10;
L_000001e5d0c2cc10 .concat [ 2 2 0 0], L_000001e5d0c7e3d0, L_000001e5d0c2f710;
S_000001e5d07e24e0 .scope module, "DIG_Register_BUS_i25" "DIG_Register_BUS" 3 764, 3 114 0, S_000001e5d07e3f50;
 .timescale 0 0;
    .port_info 0 /INPUT 1 "C";
    .port_info 1 /INPUT 1 "en";
    .port_info 2 /INPUT 3 "D";
    .port_info 3 /OUTPUT 3 "Q";
P_000001e5d0857880 .param/l "Bits" 0 3 115, +C4<00000000000000000000000000000011>;
v000001e5d0c13c60_0 .net "C", 0 0, L_000001e5d0c7ebf0;  alias, 1 drivers
v000001e5d0c13d00_0 .net "D", 2 0, L_000001e5d0c7e1f0;  alias, 1 drivers
v000001e5d0c13da0_0 .net "Q", 2 0, v000001e5d0c131c0_0;  alias, 1 drivers
L_000001e5d0c30250 .functor BUFT 1, C4<1>, C4<0>, C4<0>, C4<0>;
v000001e5d0c12ea0_0 .net "en", 0 0, L_000001e5d0c30250;  1 drivers
v000001e5d0c131c0_0 .var "state", 2 0;
E_000001e5d0857a00 .event posedge, v000001e5d0c13c60_0;
S_000001e5d07dcc80 .scope module, "DIG_Register_BUS_i4" "DIG_Register_BUS" 3 554, 3 114 0, S_000001e5d07e3f50;
 .timescale 0 0;
    .port_info 0 /INPUT 1 "C";
    .port_info 1 /INPUT 1 "en";
    .port_info 2 /INPUT 4 "D";
    .port_info 3 /OUTPUT 4 "Q";
P_000001e5d0857a40 .param/l "Bits" 0 3 115, +C4<00000000000000000000000000000100>;
L_000001e5d087e1e0 .functor BUFZ 4, v000001e5d0c16d80_0, C4<0000>, C4<0000>, C4<0000>;
v000001e5d0c176e0_0 .net "C", 0 0, L_000001e5d087ded0;  alias, 1 drivers
v000001e5d0c167e0_0 .net "D", 3 0, v000001e5d0c1b060_0;  alias, 1 drivers
v000001e5d0c18180_0 .net "Q", 3 0, L_000001e5d087e1e0;  alias, 1 drivers
L_000001e5d0c2f758 .functor BUFT 1, C4<1>, C4<0>, C4<0>, C4<0>;
v000001e5d0c16880_0 .net "en", 0 0, L_000001e5d0c2f758;  1 drivers
v000001e5d0c16d80_0 .var "state", 3 0;
S_000001e5d07dce10 .scope module, "DIG_Register_BUS_i5" "DIG_Register_BUS" 3 564, 3 114 0, S_000001e5d07e3f50;
 .timescale 0 0;
    .port_info 0 /INPUT 1 "C";
    .port_info 1 /INPUT 1 "en";
    .port_info 2 /INPUT 8 "D";
    .port_info 3 /OUTPUT 8 "Q";
P_000001e5d0857b80 .param/l "Bits" 0 3 115, +C4<00000000000000000000000000001000>;
v000001e5d0c16600_0 .net "C", 0 0, L_000001e5d087ded0;  alias, 1 drivers
v000001e5d0c17460_0 .net "D", 7 0, v000001e5d0c1aac0_0;  alias, 1 drivers
v000001e5d0c16e20_0 .net "Q", 7 0, v000001e5d0c17960_0;  alias, 1 drivers
v000001e5d0c17780_0 .net "en", 0 0, L_000001e5d087dd80;  alias, 1 drivers
v000001e5d0c17960_0 .var "state", 7 0;
S_000001e5d07dcfa0 .scope module, "DIG_Register_BUS_i6" "DIG_Register_BUS" 3 573, 3 114 0, S_000001e5d07e3f50;
 .timescale 0 0;
    .port_info 0 /INPUT 1 "C";
    .port_info 1 /INPUT 1 "en";
    .port_info 2 /INPUT 4 "D";
    .port_info 3 /OUTPUT 4 "Q";
P_000001e5d0857bc0 .param/l "Bits" 0 3 115, +C4<00000000000000000000000000000100>;
v000001e5d0c18220_0 .net "C", 0 0, L_000001e5d087ded0;  alias, 1 drivers
v000001e5d0c17500_0 .net "D", 3 0, L_000001e5d0c7e6f0;  alias, 1 drivers
v000001e5d0c171e0_0 .net "Q", 3 0, v000001e5d0c16920_0;  alias, 1 drivers
v000001e5d0c16f60_0 .net "en", 0 0, L_000001e5d0c7ebf0;  alias, 1 drivers
v000001e5d0c16920_0 .var "state", 3 0;
S_000001e5d07f72b0 .scope module, "DIG_Register_BUS_i7" "DIG_Register_BUS" 3 582, 3 114 0, S_000001e5d07e3f50;
 .timescale 0 0;
    .port_info 0 /INPUT 1 "C";
    .port_info 1 /INPUT 1 "en";
    .port_info 2 /INPUT 8 "D";
    .port_info 3 /OUTPUT 8 "Q";
P_000001e5d0857cc0 .param/l "Bits" 0 3 115, +C4<00000000000000000000000000001000>;
L_000001e5d087e800 .functor BUFZ 8, v000001e5d0c169c0_0, C4<00000000>, C4<00000000>, C4<00000000>;
v000001e5d0c16b00_0 .net "C", 0 0, L_000001e5d087ded0;  alias, 1 drivers
v000001e5d0c16ec0_0 .net "D", 7 0, L_000001e5d0c7c490;  alias, 1 drivers
v000001e5d0c17000_0 .net "Q", 7 0, L_000001e5d087e800;  alias, 1 drivers
v000001e5d0c170a0_0 .net "en", 0 0, L_000001e5d0c7c350;  alias, 1 drivers
v000001e5d0c169c0_0 .var "state", 7 0;
S_000001e5d0c192e0 .scope module, "DIG_Sub_i9" "DIG_Sub" 3 601, 3 150 0, S_000001e5d07e3f50;
 .timescale 0 0;
    .port_info 0 /INPUT 8 "a";
    .port_info 1 /INPUT 8 "b";
    .port_info 2 /INPUT 1 "c_i";
    .port_info 3 /OUTPUT 8 "s";
    .port_info 4 /OUTPUT 1 "c_o";
P_000001e5d0857100 .param/l "Bits" 0 3 151, +C4<00000000000000000000000000001000>;
v000001e5d0c17820_0 .net *"_ivl_0", 8 0, L_000001e5d0c2a730;  1 drivers
L_000001e5d0c30370 .functor BUFT 1, C4<000000000>, C4<0>, C4<0>, C4<0>;
v000001e5d0c17b40_0 .net *"_ivl_10", 8 0, L_000001e5d0c30370;  1 drivers
L_000001e5d0c2f878 .functor BUFT 1, C4<0>, C4<0>, C4<0>, C4<0>;
v000001e5d0c17140_0 .net *"_ivl_3", 0 0, L_000001e5d0c2f878;  1 drivers
v000001e5d0c178c0_0 .net *"_ivl_4", 8 0, L_000001e5d0c2b090;  1 drivers
L_000001e5d0c2f8c0 .functor BUFT 1, C4<0>, C4<0>, C4<0>, C4<0>;
v000001e5d0c166a0_0 .net *"_ivl_7", 0 0, L_000001e5d0c2f8c0;  1 drivers
v000001e5d0c17280_0 .net *"_ivl_8", 8 0, L_000001e5d0c2b130;  1 drivers
v000001e5d0c16c40_0 .net "a", 7 0, v000001e5d0c21f60_0;  alias, 1 drivers
v000001e5d0c17f00_0 .net "b", 7 0, v000001e5d0c1a480_0;  alias, 1 drivers
L_000001e5d0c2f908 .functor BUFT 1, C4<0>, C4<0>, C4<0>, C4<0>;
v000001e5d0c17e60_0 .net "c_i", 0 0, L_000001e5d0c2f908;  1 drivers
v000001e5d0c175a0_0 .net "c_o", 0 0, L_000001e5d0c7e330;  1 drivers
v000001e5d0c18360_0 .net "s", 7 0, L_000001e5d0c7e470;  alias, 1 drivers
v000001e5d0c17320_0 .net "temp", 8 0, L_000001e5d0c7dd90;  1 drivers
L_000001e5d0c2a730 .concat [ 8 1 0 0], v000001e5d0c21f60_0, L_000001e5d0c2f878;
L_000001e5d0c2b090 .concat [ 8 1 0 0], v000001e5d0c1a480_0, L_000001e5d0c2f8c0;
L_000001e5d0c2b130 .arith/sub 9, L_000001e5d0c2a730, L_000001e5d0c2b090;
L_000001e5d0c7dd90 .arith/sub 9, L_000001e5d0c2b130, L_000001e5d0c30370;
L_000001e5d0c7e470 .part L_000001e5d0c7dd90, 0, 8;
L_000001e5d0c7e330 .part L_000001e5d0c7dd90, 8, 1;
S_000001e5d0c18b10 .scope module, "Decoder2_i22" "Decoder2" 3 734, 3 356 0, S_000001e5d07e3f50;
 .timescale 0 0;
    .port_info 0 /OUTPUT 1 "out_0";
    .port_info 1 /OUTPUT 1 "out_1";
    .port_info 2 /OUTPUT 1 "out_2";
    .port_info 3 /OUTPUT 1 "out_3";
    .port_info 4 /INPUT 2 "sel";
L_000001e5d0c2fef0 .functor BUFT 1, C4<00>, C4<0>, C4<0>, C4<0>;
v000001e5d0c16a60_0 .net/2u *"_ivl_0", 1 0, L_000001e5d0c2fef0;  1 drivers
L_000001e5d0c2ffc8 .functor BUFT 1, C4<01>, C4<0>, C4<0>, C4<0>;
v000001e5d0c17640_0 .net/2u *"_ivl_10", 1 0, L_000001e5d0c2ffc8;  1 drivers
v000001e5d0c17a00_0 .net *"_ivl_12", 0 0, L_000001e5d0c7dc50;  1 drivers
L_000001e5d0c30010 .functor BUFT 1, C4<1>, C4<0>, C4<0>, C4<0>;
v000001e5d0c16ce0_0 .net/2u *"_ivl_14", 0 0, L_000001e5d0c30010;  1 drivers
L_000001e5d0c30058 .functor BUFT 1, C4<0>, C4<0>, C4<0>, C4<0>;
v000001e5d0c17aa0_0 .net/2u *"_ivl_16", 0 0, L_000001e5d0c30058;  1 drivers
v000001e5d0c173c0_0 .net *"_ivl_2", 0 0, L_000001e5d0c7c670;  1 drivers
L_000001e5d0c300a0 .functor BUFT 1, C4<10>, C4<0>, C4<0>, C4<0>;
v000001e5d0c182c0_0 .net/2u *"_ivl_20", 1 0, L_000001e5d0c300a0;  1 drivers
v000001e5d0c164c0_0 .net *"_ivl_22", 0 0, L_000001e5d0c7cb70;  1 drivers
L_000001e5d0c300e8 .functor BUFT 1, C4<1>, C4<0>, C4<0>, C4<0>;
v000001e5d0c16ba0_0 .net/2u *"_ivl_24", 0 0, L_000001e5d0c300e8;  1 drivers
L_000001e5d0c30130 .functor BUFT 1, C4<0>, C4<0>, C4<0>, C4<0>;
v000001e5d0c16740_0 .net/2u *"_ivl_26", 0 0, L_000001e5d0c30130;  1 drivers
L_000001e5d0c30178 .functor BUFT 1, C4<11>, C4<0>, C4<0>, C4<0>;
v000001e5d0c17be0_0 .net/2u *"_ivl_30", 1 0, L_000001e5d0c30178;  1 drivers
v000001e5d0c16560_0 .net *"_ivl_32", 0 0, L_000001e5d0c7d930;  1 drivers
L_000001e5d0c301c0 .functor BUFT 1, C4<1>, C4<0>, C4<0>, C4<0>;
v000001e5d0c17c80_0 .net/2u *"_ivl_34", 0 0, L_000001e5d0c301c0;  1 drivers
L_000001e5d0c30208 .functor BUFT 1, C4<0>, C4<0>, C4<0>, C4<0>;
v000001e5d0c17d20_0 .net/2u *"_ivl_36", 0 0, L_000001e5d0c30208;  1 drivers
L_000001e5d0c2ff38 .functor BUFT 1, C4<1>, C4<0>, C4<0>, C4<0>;
v000001e5d0c17dc0_0 .net/2u *"_ivl_4", 0 0, L_000001e5d0c2ff38;  1 drivers
L_000001e5d0c2ff80 .functor BUFT 1, C4<0>, C4<0>, C4<0>, C4<0>;
v000001e5d0c17fa0_0 .net/2u *"_ivl_6", 0 0, L_000001e5d0c2ff80;  1 drivers
v000001e5d0c18040_0 .net "out_0", 0 0, L_000001e5d0c7b950;  1 drivers
v000001e5d0c180e0_0 .net "out_1", 0 0, L_000001e5d0c7b590;  alias, 1 drivers
v000001e5d0c1b100_0 .net "out_2", 0 0, L_000001e5d0c7d430;  alias, 1 drivers
v000001e5d0c19f80_0 .net "out_3", 0 0, L_000001e5d0c7c350;  alias, 1 drivers
v000001e5d0c1b2e0_0 .net "sel", 1 0, L_000001e5d0c7bb30;  alias, 1 drivers
L_000001e5d0c7c670 .cmp/eq 2, L_000001e5d0c7bb30, L_000001e5d0c2fef0;
L_000001e5d0c7b950 .functor MUXZ 1, L_000001e5d0c2ff80, L_000001e5d0c2ff38, L_000001e5d0c7c670, C4<>;
L_000001e5d0c7dc50 .cmp/eq 2, L_000001e5d0c7bb30, L_000001e5d0c2ffc8;
L_000001e5d0c7b590 .functor MUXZ 1, L_000001e5d0c30058, L_000001e5d0c30010, L_000001e5d0c7dc50, C4<>;
L_000001e5d0c7cb70 .cmp/eq 2, L_000001e5d0c7bb30, L_000001e5d0c300a0;
L_000001e5d0c7d430 .functor MUXZ 1, L_000001e5d0c30130, L_000001e5d0c300e8, L_000001e5d0c7cb70, C4<>;
L_000001e5d0c7d930 .cmp/eq 2, L_000001e5d0c7bb30, L_000001e5d0c30178;
L_000001e5d0c7c350 .functor MUXZ 1, L_000001e5d0c30208, L_000001e5d0c301c0, L_000001e5d0c7d930, C4<>;
S_000001e5d0c18980 .scope module, "DemuxBus2_i21" "DemuxBus2" 3 727, 3 340 0, S_000001e5d07e3f50;
 .timescale 0 0;
    .port_info 0 /OUTPUT 8 "out_0";
    .port_info 1 /OUTPUT 8 "out_1";
    .port_info 2 /OUTPUT 8 "out_2";
    .port_info 3 /OUTPUT 8 "out_3";
    .port_info 4 /INPUT 2 "sel";
    .port_info 5 /INPUT 8 "in";
P_000001e5d0856e80 .param/l "Bits" 0 3 341, +C4<00000000000000000000000000001000>;
L_000001e5d0c2fcb0 .functor BUFT 1, C4<00>, C4<0>, C4<0>, C4<0>;
v000001e5d0c1a0c0_0 .net/2u *"_ivl_0", 1 0, L_000001e5d0c2fcb0;  1 drivers
v000001e5d0c1b380_0 .net *"_ivl_10", 0 0, L_000001e5d0c7c3f0;  1 drivers
L_000001e5d0c2fd88 .functor BUFT 1, C4<00000000>, C4<0>, C4<0>, C4<0>;
v000001e5d0c1a2a0_0 .net/2u *"_ivl_12", 7 0, L_000001e5d0c2fd88;  1 drivers
L_000001e5d0c2fdd0 .functor BUFT 1, C4<10>, C4<0>, C4<0>, C4<0>;
v000001e5d0c19bc0_0 .net/2u *"_ivl_16", 1 0, L_000001e5d0c2fdd0;  1 drivers
v000001e5d0c1ade0_0 .net *"_ivl_18", 0 0, L_000001e5d0c7d2f0;  1 drivers
v000001e5d0c1a340_0 .net *"_ivl_2", 0 0, L_000001e5d0c7c2b0;  1 drivers
L_000001e5d0c2fe18 .functor BUFT 1, C4<00000000>, C4<0>, C4<0>, C4<0>;
v000001e5d0c1a160_0 .net/2u *"_ivl_20", 7 0, L_000001e5d0c2fe18;  1 drivers
L_000001e5d0c2fe60 .functor BUFT 1, C4<11>, C4<0>, C4<0>, C4<0>;
v000001e5d0c1afc0_0 .net/2u *"_ivl_24", 1 0, L_000001e5d0c2fe60;  1 drivers
v000001e5d0c1a700_0 .net *"_ivl_26", 0 0, L_000001e5d0c7b6d0;  1 drivers
L_000001e5d0c2fea8 .functor BUFT 1, C4<00000000>, C4<0>, C4<0>, C4<0>;
v000001e5d0c1a980_0 .net/2u *"_ivl_28", 7 0, L_000001e5d0c2fea8;  1 drivers
L_000001e5d0c2fcf8 .functor BUFT 1, C4<00000000>, C4<0>, C4<0>, C4<0>;
v000001e5d0c19a80_0 .net/2u *"_ivl_4", 7 0, L_000001e5d0c2fcf8;  1 drivers
L_000001e5d0c2fd40 .functor BUFT 1, C4<01>, C4<0>, C4<0>, C4<0>;
v000001e5d0c19580_0 .net/2u *"_ivl_8", 1 0, L_000001e5d0c2fd40;  1 drivers
v000001e5d0c194e0_0 .net "in", 7 0, v000001e5d0c216a0_0;  alias, 1 drivers
v000001e5d0c1a200_0 .net "out_0", 7 0, L_000001e5d0c7dcf0;  1 drivers
v000001e5d0c19800_0 .net "out_1", 7 0, L_000001e5d0c7c990;  alias, 1 drivers
v000001e5d0c1af20_0 .net "out_2", 7 0, L_000001e5d0c7bef0;  alias, 1 drivers
v000001e5d0c1a3e0_0 .net "out_3", 7 0, L_000001e5d0c7c490;  alias, 1 drivers
v000001e5d0c1ae80_0 .net "sel", 1 0, L_000001e5d0c7bb30;  alias, 1 drivers
L_000001e5d0c7c2b0 .cmp/eq 2, L_000001e5d0c7bb30, L_000001e5d0c2fcb0;
L_000001e5d0c7dcf0 .functor MUXZ 8, L_000001e5d0c2fcf8, v000001e5d0c216a0_0, L_000001e5d0c7c2b0, C4<>;
L_000001e5d0c7c3f0 .cmp/eq 2, L_000001e5d0c7bb30, L_000001e5d0c2fd40;
L_000001e5d0c7c990 .functor MUXZ 8, L_000001e5d0c2fd88, v000001e5d0c216a0_0, L_000001e5d0c7c3f0, C4<>;
L_000001e5d0c7d2f0 .cmp/eq 2, L_000001e5d0c7bb30, L_000001e5d0c2fdd0;
L_000001e5d0c7bef0 .functor MUXZ 8, L_000001e5d0c2fe18, v000001e5d0c216a0_0, L_000001e5d0c7d2f0, C4<>;
L_000001e5d0c7b6d0 .cmp/eq 2, L_000001e5d0c7bb30, L_000001e5d0c2fe60;
L_000001e5d0c7c490 .functor MUXZ 8, L_000001e5d0c2fea8, v000001e5d0c216a0_0, L_000001e5d0c7b6d0, C4<>;
S_000001e5d0c18ca0 .scope module, "LogicalLeft_i10" "LogicalLeft" 3 614, 3 166 0, S_000001e5d07e3f50;
 .timescale 0 0;
    .port_info 0 /INPUT 8 "in";
    .port_info 1 /INPUT 4 "shift";
    .port_info 2 /OUTPUT 8 "out";
P_000001e5d0777a20 .param/l "Bits" 0 3 167, +C4<00000000000000000000000000001000>;
P_000001e5d0777a58 .param/l "shiftBits" 0 3 168, +C4<00000000000000000000000000000100>;
v000001e5d0c19ee0_0 .net "in", 7 0, v000001e5d0c21f60_0;  alias, 1 drivers
v000001e5d0c19620_0 .net "out", 7 0, L_000001e5d0c7e970;  alias, 1 drivers
v000001e5d0c199e0_0 .net "shift", 3 0, L_000001e5d0c7cc10;  alias, 1 drivers
L_000001e5d0c7e970 .shift/l 8, v000001e5d0c21f60_0, L_000001e5d0c7cc10;
S_000001e5d0c187f0 .scope module, "LogicalRight_i14" "LogicalRight" 3 655, 3 206 0, S_000001e5d07e3f50;
 .timescale 0 0;
    .port_info 0 /INPUT 8 "in";
    .port_info 1 /INPUT 4 "shift";
    .port_info 2 /OUTPUT 8 "out";
P_000001e5d0c1ca00 .param/l "Bits" 0 3 207, +C4<00000000000000000000000000001000>;
P_000001e5d0c1ca38 .param/l "shiftBits" 0 3 208, +C4<00000000000000000000000000000100>;
v000001e5d0c1a020_0 .net "in", 7 0, v000001e5d0c21f60_0;  alias, 1 drivers
v000001e5d0c1a660_0 .net "out", 7 0, L_000001e5d0c7ee70;  alias, 1 drivers
v000001e5d0c19c60_0 .net "shift", 3 0, L_000001e5d0c7cc10;  alias, 1 drivers
L_000001e5d0c7ee70 .shift/r 8, v000001e5d0c21f60_0, L_000001e5d0c7cc10;
S_000001e5d0c18e30 .scope module, "Mux_2x1_NBits_i23" "Mux_2x1_NBits" 3 743, 3 368 0, S_000001e5d07e3f50;
 .timescale 0 0;
    .port_info 0 /INPUT 1 "sel";
    .port_info 1 /INPUT 4 "in_0";
    .port_info 2 /INPUT 4 "in_1";
    .port_info 3 /OUTPUT 4 "out";
P_000001e5d0856f80 .param/l "Bits" 0 3 369, +C4<00000000000000000000000000000100>;
v000001e5d0c19da0_0 .net "in_0", 3 0, L_000001e5d0c7e8d0;  alias, 1 drivers
v000001e5d0c1b1a0_0 .net "in_1", 3 0, L_000001e5d0c7e650;  alias, 1 drivers
v000001e5d0c1b060_0 .var "out", 3 0;
v000001e5d0c198a0_0 .net "sel", 0 0, L_000001e5d0c7ebf0;  alias, 1 drivers
E_000001e5d08570c0 .event anyedge, v000001e5d0c13c60_0, v000001e5d0c19da0_0, v000001e5d0c1b1a0_0;
S_000001e5d0c18660 .scope module, "Mux_2x1_NBits_i24" "Mux_2x1_NBits" 3 753, 3 368 0, S_000001e5d07e3f50;
 .timescale 0 0;
    .port_info 0 /INPUT 1 "sel";
    .port_info 1 /INPUT 8 "in_0";
    .port_info 2 /INPUT 8 "in_1";
    .port_info 3 /OUTPUT 8 "out";
P_000001e5d0857140 .param/l "Bits" 0 3 369, +C4<00000000000000000000000000001000>;
v000001e5d0c196c0_0 .net "in_0", 7 0, v000001e5d0c14020_0;  alias, 1 drivers
v000001e5d0c1a7a0_0 .net "in_1", 7 0, L_000001e5d087e640;  alias, 1 drivers
v000001e5d0c1a480_0 .var "out", 7 0;
v000001e5d0c1aca0_0 .net "sel", 0 0, L_000001e5d087e6b0;  alias, 1 drivers
E_000001e5d0857180 .event anyedge, v000001e5d0c1aca0_0, v000001e5d0c14020_0, v000001e5d0c12fe0_0;
S_000001e5d0c18fc0 .scope module, "Mux_2x1_NBits_i28" "Mux_2x1_NBits" 3 793, 3 368 0, S_000001e5d07e3f50;
 .timescale 0 0;
    .port_info 0 /INPUT 1 "sel";
    .port_info 1 /INPUT 8 "in_0";
    .port_info 2 /INPUT 8 "in_1";
    .port_info 3 /OUTPUT 8 "out";
P_000001e5d08571c0 .param/l "Bits" 0 3 369, +C4<00000000000000000000000000001000>;
v000001e5d0c1a520_0 .net "in_0", 7 0, L_000001e5d0849800;  alias, 1 drivers
v000001e5d0c1aa20_0 .net "in_1", 7 0, v000001e5d0c13620_0;  alias, 1 drivers
v000001e5d0c19760_0 .var "out", 7 0;
v000001e5d0c1a840_0 .net "sel", 0 0, L_000001e5d0c7b810;  alias, 1 drivers
E_000001e5d0857200 .event anyedge, v000001e5d0c1a840_0, v000001e5d0c14200_0, v000001e5d0c13620_0;
S_000001e5d0c19150 .scope module, "Mux_2x1_NBits_i29" "Mux_2x1_NBits" 3 803, 3 368 0, S_000001e5d07e3f50;
 .timescale 0 0;
    .port_info 0 /INPUT 1 "sel";
    .port_info 1 /INPUT 8 "in_0";
    .port_info 2 /INPUT 8 "in_1";
    .port_info 3 /OUTPUT 8 "out";
P_000001e5d0850d00 .param/l "Bits" 0 3 369, +C4<00000000000000000000000000001000>;
v000001e5d0c1a5c0_0 .net "in_0", 7 0, L_000001e5d0c7eb50;  alias, 1 drivers
v000001e5d0c1a8e0_0 .net "in_1", 7 0, v000001e5d0c14020_0;  alias, 1 drivers
v000001e5d0c1aac0_0 .var "out", 7 0;
v000001e5d0c1ab60_0 .net "sel", 0 0, L_000001e5d0849720;  alias, 1 drivers
E_000001e5d0850180 .event anyedge, v000001e5d0c1ab60_0, v000001e5d087c490_0, v000001e5d0c14020_0;
S_000001e5d0c184d0 .scope module, "Mux_4x1_NBits_i20" "Mux_4x1_NBits" 3 705, 3 318 0, S_000001e5d07e3f50;
 .timescale 0 0;
    .port_info 0 /INPUT 2 "sel";
    .port_info 1 /INPUT 8 "in_0";
    .port_info 2 /INPUT 8 "in_1";
    .port_info 3 /INPUT 8 "in_2";
    .port_info 4 /INPUT 8 "in_3";
    .port_info 5 /OUTPUT 8 "out";
P_000001e5d0850440 .param/l "Bits" 0 3 319, +C4<00000000000000000000000000001000>;
v000001e5d0c1ac00_0 .net "in_0", 7 0, L_000001e5d0c7e970;  alias, 1 drivers
v000001e5d0c19940_0 .net "in_1", 7 0, L_000001e5d0c7ee70;  alias, 1 drivers
v000001e5d0c1b240_0 .net "in_2", 7 0, L_000001e5d087e8e0;  alias, 1 drivers
v000001e5d0c19b20_0 .net "in_3", 7 0, L_000001e5d087e5d0;  alias, 1 drivers
v000001e5d0c19d00_0 .var "out", 7 0;
v000001e5d0c1ad40_0 .net "sel", 1 0, L_000001e5d0c7e3d0;  alias, 1 drivers
E_000001e5d084ff00/0 .event anyedge, v000001e5d0c13a80_0, v000001e5d0c19620_0, v000001e5d0c1a660_0, v000001e5d0c1b240_0;
E_000001e5d084ff00/1 .event anyedge, v000001e5d0c19b20_0;
E_000001e5d084ff00 .event/or E_000001e5d084ff00/0, E_000001e5d084ff00/1;
S_000001e5d0c1fc80 .scope module, "Mux_4x1_i27" "Mux_4x1" 3 782, 3 405 0, S_000001e5d07e3f50;
 .timescale 0 0;
    .port_info 0 /INPUT 2 "sel";
    .port_info 1 /INPUT 1 "in_0";
    .port_info 2 /INPUT 1 "in_1";
    .port_info 3 /INPUT 1 "in_2";
    .port_info 4 /INPUT 1 "in_3";
    .port_info 5 /OUTPUT 1 "out";
L_000001e5d0c302e0 .functor BUFT 1, C4<1>, C4<0>, C4<0>, C4<0>;
v000001e5d0c19e40_0 .net "in_0", 0 0, L_000001e5d0c302e0;  1 drivers
v000001e5d0c20a20_0 .net "in_1", 0 0, L_000001e5d0c7ca30;  alias, 1 drivers
v000001e5d0c20980_0 .net "in_2", 0 0, L_000001e5d0c7cdf0;  alias, 1 drivers
v000001e5d0c20b60_0 .net "in_3", 0 0, L_000001e5d0c7ce90;  alias, 1 drivers
v000001e5d0c20840_0 .var "out", 0 0;
v000001e5d0c20de0_0 .net "sel", 1 0, L_000001e5d0c7e3d0;  alias, 1 drivers
E_000001e5d08503c0/0 .event anyedge, v000001e5d0c13a80_0, v000001e5d0c19e40_0, v000001e5d0c20a20_0, v000001e5d0c20980_0;
E_000001e5d08503c0/1 .event anyedge, v000001e5d0c20b60_0;
E_000001e5d08503c0 .event/or E_000001e5d08503c0/0, E_000001e5d08503c0/1;
S_000001e5d0c1f640 .scope module, "Mux_8x1_NBits_i0" "Mux_8x1_NBits" 3 498, 3 5 0, S_000001e5d07e3f50;
 .timescale 0 0;
    .port_info 0 /INPUT 3 "sel";
    .port_info 1 /INPUT 8 "in_0";
    .port_info 2 /INPUT 8 "in_1";
    .port_info 3 /INPUT 8 "in_2";
    .port_info 4 /INPUT 8 "in_3";
    .port_info 5 /INPUT 8 "in_4";
    .port_info 6 /INPUT 8 "in_5";
    .port_info 7 /INPUT 8 "in_6";
    .port_info 8 /INPUT 8 "in_7";
    .port_info 9 /OUTPUT 8 "out";
P_000001e5d0850380 .param/l "Bits" 0 3 6, +C4<00000000000000000000000000001000>;
L_000001e5d0c2f518 .functor BUFT 1, C4<00000000>, C4<0>, C4<0>, C4<0>;
v000001e5d0c214c0_0 .net "in_0", 7 0, L_000001e5d0c2f518;  1 drivers
v000001e5d0c20d40_0 .net "in_1", 7 0, L_000001e5d087de60;  alias, 1 drivers
v000001e5d0c20c00_0 .net "in_2", 7 0, v000001e5d0c19760_0;  alias, 1 drivers
v000001e5d0c21a60_0 .net "in_3", 7 0, v000001e5d0c2c3f0_0;  alias, 1 drivers
v000001e5d0c21920_0 .net "in_4", 7 0, v000001e5d0c14020_0;  alias, 1 drivers
v000001e5d0c221e0_0 .net "in_5", 7 0, L_000001e5d087e640;  alias, 1 drivers
L_000001e5d0c2f560 .functor BUFT 1, C4<00000000>, C4<0>, C4<0>, C4<0>;
v000001e5d0c212e0_0 .net "in_6", 7 0, L_000001e5d0c2f560;  1 drivers
L_000001e5d0c2f5a8 .functor BUFT 1, C4<00000000>, C4<0>, C4<0>, C4<0>;
v000001e5d0c20ca0_0 .net "in_7", 7 0, L_000001e5d0c2f5a8;  1 drivers
v000001e5d0c21f60_0 .var "out", 7 0;
v000001e5d0c21ec0_0 .net "sel", 2 0, L_000001e5d0c7bc70;  alias, 1 drivers
E_000001e5d0850c40/0 .event anyedge, v000001e5d0c21ec0_0, v000001e5d0c214c0_0, v000001e5d0c12540_0, v000001e5d0c19760_0;
E_000001e5d0850c40/1 .event anyedge, v000001e5d0c21a60_0, v000001e5d0c14020_0, v000001e5d0c12fe0_0, v000001e5d0c212e0_0;
E_000001e5d0850c40/2 .event anyedge, v000001e5d0c20ca0_0;
E_000001e5d0850c40 .event/or E_000001e5d0850c40/0, E_000001e5d0850c40/1, E_000001e5d0850c40/2;
S_000001e5d0c1e6a0 .scope module, "Mux_8x1_NBits_i11" "Mux_8x1_NBits" 3 622, 3 5 0, S_000001e5d07e3f50;
 .timescale 0 0;
    .port_info 0 /INPUT 3 "sel";
    .port_info 1 /INPUT 8 "in_0";
    .port_info 2 /INPUT 8 "in_1";
    .port_info 3 /INPUT 8 "in_2";
    .port_info 4 /INPUT 8 "in_3";
    .port_info 5 /INPUT 8 "in_4";
    .port_info 6 /INPUT 8 "in_5";
    .port_info 7 /INPUT 8 "in_6";
    .port_info 8 /INPUT 8 "in_7";
    .port_info 9 /OUTPUT 8 "out";
P_000001e5d0850040 .param/l "Bits" 0 3 6, +C4<00000000000000000000000000001000>;
v000001e5d0c208e0_0 .net "in_0", 7 0, v000001e5d0c21f60_0;  alias, 1 drivers
v000001e5d0c21560_0 .net "in_1", 7 0, L_000001e5d0c2aff0;  alias, 1 drivers
v000001e5d0c21100_0 .net "in_2", 7 0, L_000001e5d0c7e470;  alias, 1 drivers
v000001e5d0c21600_0 .net "in_3", 7 0, L_000001e5d0c7ded0;  alias, 1 drivers
v000001e5d0c20520_0 .net "in_4", 7 0, L_000001e5d087eb10;  alias, 1 drivers
v000001e5d0c21420_0 .net "in_5", 7 0, L_000001e5d087e2c0;  alias, 1 drivers
v000001e5d0c20f20_0 .net "in_6", 7 0, L_000001e5d087df40;  alias, 1 drivers
v000001e5d0c20660_0 .net "in_7", 7 0, v000001e5d0c19d00_0;  alias, 1 drivers
v000001e5d0c216a0_0 .var "out", 7 0;
v000001e5d0c21240_0 .net "sel", 2 0, L_000001e5d0c7c850;  alias, 1 drivers
E_000001e5d0850080/0 .event anyedge, v000001e5d0c21240_0, v000001e5d087d610_0, v000001e5d0822d00_0, v000001e5d0c18360_0;
E_000001e5d0850080/1 .event anyedge, v000001e5d0c21600_0, v000001e5d0c20520_0, v000001e5d0c21420_0, v000001e5d0c20f20_0;
E_000001e5d0850080/2 .event anyedge, v000001e5d0c19d00_0;
E_000001e5d0850080 .event/or E_000001e5d0850080/0, E_000001e5d0850080/1, E_000001e5d0850080/2;
S_000001e5d0c1f190 .scope module, "RotateLeft_i13" "RotateLeft" 3 646, 3 191 0, S_000001e5d07e3f50;
 .timescale 0 0;
    .port_info 0 /INPUT 8 "in";
    .port_info 1 /INPUT 4 "shift";
    .port_info 2 /OUTPUT 8 "out";
P_000001e5d0c1da00 .param/l "Bits" 0 3 192, +C4<00000000000000000000000000001000>;
P_000001e5d0c1da38 .param/l "shiftBits" 0 3 193, +C4<00000000000000000000000000000100>;
L_000001e5d087e8e0 .functor OR 8, L_000001e5d0c7e790, L_000001e5d0c7e0b0, C4<00000000>, C4<00000000>;
v000001e5d0c20ac0_0 .net *"_ivl_10", 7 0, L_000001e5d0c7e790;  1 drivers
v000001e5d0c21380_0 .net *"_ivl_12", 7 0, L_000001e5d0c7e0b0;  1 drivers
L_000001e5d0c2f9e0 .functor BUFT 1, C4<00000000000000000000000000001000>, C4<0>, C4<0>, C4<0>;
v000001e5d0c211a0_0 .net/2u *"_ivl_2", 31 0, L_000001e5d0c2f9e0;  1 drivers
v000001e5d0c20fc0_0 .net *"_ivl_4", 31 0, L_000001e5d0c7edd0;  1 drivers
L_000001e5d0c2fa28 .functor BUFT 1, C4<00000000000000000000000000000>, C4<0>, C4<0>, C4<0>;
v000001e5d0c22280_0 .net *"_ivl_7", 28 0, L_000001e5d0c2fa28;  1 drivers
v000001e5d0c21b00_0 .net *"_ivl_8", 31 0, L_000001e5d0c7f050;  1 drivers
v000001e5d0c20e80_0 .net "in", 7 0, v000001e5d0c21f60_0;  alias, 1 drivers
v000001e5d0c21060_0 .net "num", 2 0, L_000001e5d0c7f190;  1 drivers
v000001e5d0c21740_0 .net "out", 7 0, L_000001e5d087e8e0;  alias, 1 drivers
v000001e5d0c217e0_0 .net "shift", 3 0, L_000001e5d0c7cc10;  alias, 1 drivers
L_000001e5d0c7f190 .part L_000001e5d0c7cc10, 0, 3;
L_000001e5d0c7edd0 .concat [ 3 29 0 0], L_000001e5d0c7f190, L_000001e5d0c2fa28;
L_000001e5d0c7f050 .arith/sub 32, L_000001e5d0c2f9e0, L_000001e5d0c7edd0;
L_000001e5d0c7e790 .shift/r 8, v000001e5d0c21f60_0, L_000001e5d0c7f050;
L_000001e5d0c7e0b0 .shift/l 8, v000001e5d0c21f60_0, L_000001e5d0c7f190;
S_000001e5d0c1e830 .scope module, "RotateRight_i15" "RotateRight" 3 664, 3 219 0, S_000001e5d07e3f50;
 .timescale 0 0;
    .port_info 0 /INPUT 8 "in";
    .port_info 1 /INPUT 4 "shift";
    .port_info 2 /OUTPUT 8 "out";
P_000001e5d0c1da80 .param/l "Bits" 0 3 220, +C4<00000000000000000000000000001000>;
P_000001e5d0c1dab8 .param/l "shiftBits" 0 3 221, +C4<00000000000000000000000000000100>;
L_000001e5d087e5d0 .functor OR 8, L_000001e5d0c7f0f0, L_000001e5d0c7de30, C4<00000000>, C4<00000000>;
v000001e5d0c21e20_0 .net *"_ivl_10", 7 0, L_000001e5d0c7f0f0;  1 drivers
v000001e5d0c21880_0 .net *"_ivl_12", 7 0, L_000001e5d0c7de30;  1 drivers
L_000001e5d0c2fa70 .functor BUFT 1, C4<00000000000000000000000000001000>, C4<0>, C4<0>, C4<0>;
v000001e5d0c20700_0 .net/2u *"_ivl_2", 31 0, L_000001e5d0c2fa70;  1 drivers
v000001e5d0c219c0_0 .net *"_ivl_4", 31 0, L_000001e5d0c7ea10;  1 drivers
L_000001e5d0c2fab8 .functor BUFT 1, C4<00000000000000000000000000000>, C4<0>, C4<0>, C4<0>;
v000001e5d0c21d80_0 .net *"_ivl_7", 28 0, L_000001e5d0c2fab8;  1 drivers
v000001e5d0c21ba0_0 .net *"_ivl_8", 31 0, L_000001e5d0c7efb0;  1 drivers
v000001e5d0c21c40_0 .net "in", 7 0, v000001e5d0c21f60_0;  alias, 1 drivers
v000001e5d0c21ce0_0 .net "num", 2 0, L_000001e5d0c7ef10;  1 drivers
v000001e5d0c22000_0 .net "out", 7 0, L_000001e5d087e5d0;  alias, 1 drivers
v000001e5d0c207a0_0 .net "shift", 3 0, L_000001e5d0c7cc10;  alias, 1 drivers
L_000001e5d0c7ef10 .part L_000001e5d0c7cc10, 0, 3;
L_000001e5d0c7ea10 .concat [ 3 29 0 0], L_000001e5d0c7ef10, L_000001e5d0c2fab8;
L_000001e5d0c7efb0 .arith/sub 32, L_000001e5d0c2fa70, L_000001e5d0c7ea10;
L_000001e5d0c7f0f0 .shift/l 8, v000001e5d0c21f60_0, L_000001e5d0c7efb0;
L_000001e5d0c7de30 .shift/r 8, v000001e5d0c21f60_0, L_000001e5d0c7ef10;
    .scope S_000001e5d0c1f640;
T_0 ;
    %wait E_000001e5d0850c40;
    %load/vec4 v000001e5d0c21ec0_0;
    %dup/vec4;
    %pushi/vec4 0, 0, 3;
    %cmp/u;
    %jmp/1 T_0.0, 6;
    %dup/vec4;
    %pushi/vec4 1, 0, 3;
    %cmp/u;
    %jmp/1 T_0.1, 6;
    %dup/vec4;
    %pushi/vec4 2, 0, 3;
    %cmp/u;
    %jmp/1 T_0.2, 6;
    %dup/vec4;
    %pushi/vec4 3, 0, 3;
    %cmp/u;
    %jmp/1 T_0.3, 6;
    %dup/vec4;
    %pushi/vec4 4, 0, 3;
    %cmp/u;
    %jmp/1 T_0.4, 6;
    %dup/vec4;
    %pushi/vec4 5, 0, 3;
    %cmp/u;
    %jmp/1 T_0.5, 6;
    %dup/vec4;
    %pushi/vec4 6, 0, 3;
    %cmp/u;
    %jmp/1 T_0.6, 6;
    %dup/vec4;
    %pushi/vec4 7, 0, 3;
    %cmp/u;
    %jmp/1 T_0.7, 6;
    %pushi/vec4 0, 0, 8;
    %store/vec4 v000001e5d0c21f60_0, 0, 8;
    %jmp T_0.9;
T_0.0 ;
    %load/vec4 v000001e5d0c214c0_0;
    %store/vec4 v000001e5d0c21f60_0, 0, 8;
    %jmp T_0.9;
T_0.1 ;
    %load/vec4 v000001e5d0c20d40_0;
    %store/vec4 v000001e5d0c21f60_0, 0, 8;
    %jmp T_0.9;
T_0.2 ;
    %load/vec4 v000001e5d0c20c00_0;
    %store/vec4 v000001e5d0c21f60_0, 0, 8;
    %jmp T_0.9;
T_0.3 ;
    %load/vec4 v000001e5d0c21a60_0;
    %store/vec4 v000001e5d0c21f60_0, 0, 8;
    %jmp T_0.9;
T_0.4 ;
    %load/vec4 v000001e5d0c21920_0;
    %store/vec4 v000001e5d0c21f60_0, 0, 8;
    %jmp T_0.9;
T_0.5 ;
    %load/vec4 v000001e5d0c221e0_0;
    %store/vec4 v000001e5d0c21f60_0, 0, 8;
    %jmp T_0.9;
T_0.6 ;
    %load/vec4 v000001e5d0c212e0_0;
    %store/vec4 v000001e5d0c21f60_0, 0, 8;
    %jmp T_0.9;
T_0.7 ;
    %load/vec4 v000001e5d0c20ca0_0;
    %store/vec4 v000001e5d0c21f60_0, 0, 8;
    %jmp T_0.9;
T_0.9 ;
    %pop/vec4 1;
    %jmp T_0;
    .thread T_0, $push;
    .scope S_000001e5d07df520;
T_1 ;
    %wait E_000001e5d0855f00;
    %load/vec4 v000001e5d0821f40_0;
    %flag_set/vec4 8;
    %jmp/0xz  T_1.0, 8;
    %pushi/vec4 1, 0, 1;
    %assign/vec4 v000001e5d0859250_0, 0;
    %jmp T_1.1;
T_1.0 ;
    %load/vec4 v000001e5d08232a0_0;
    %flag_set/vec4 8;
    %jmp/0xz  T_1.2, 8;
    %pushi/vec4 0, 0, 1;
    %assign/vec4 v000001e5d0859250_0, 0;
    %jmp T_1.3;
T_1.2 ;
    %load/vec4 v000001e5d0821cc0_0;
    %assign/vec4 v000001e5d0859250_0, 0;
T_1.3 ;
T_1.1 ;
    %jmp T_1;
    .thread T_1;
    .scope S_000001e5d07df520;
T_2 ;
    %pushi/vec4 0, 0, 1;
    %store/vec4 v000001e5d0859250_0, 0, 1;
    %end;
    .thread T_2;
    .scope S_000001e5d07f4aa0;
T_3 ;
    %wait E_000001e5d08577c0;
    %load/vec4 v000001e5d0c13580_0;
    %flag_set/vec4 8;
    %jmp/0xz  T_3.0, 8;
    %load/vec4 v000001e5d0c129a0_0;
    %load/vec4 v000001e5d0c12e00_0;
    %pad/u 9;
    %ix/vec4 3;
    %ix/load 4, 0, 0; Constant delay
    %assign/vec4/a/d v000001e5d0c138a0, 0, 4;
T_3.0 ;
    %jmp T_3;
    .thread T_3;
    .scope S_000001e5d07e2350;
T_4 ;
    %wait E_000001e5d08577c0;
    %load/vec4 v000001e5d0c13bc0_0;
    %flag_set/vec4 8;
    %jmp/0xz  T_4.0, 8;
    %load/vec4 v000001e5d0c125e0_0;
    %load/vec4 v000001e5d0c13b20_0;
    %pad/u 4;
    %ix/vec4 3;
    %ix/load 4, 0, 0; Constant delay
    %assign/vec4/a/d v000001e5d0c12cc0, 0, 4;
T_4.0 ;
    %jmp T_4;
    .thread T_4;
    .scope S_000001e5d07dcc80;
T_5 ;
    %pushi/vec4 0, 0, 4;
    %store/vec4 v000001e5d0c16d80_0, 0, 4;
    %end;
    .thread T_5;
    .scope S_000001e5d07dcc80;
T_6 ;
    %wait E_000001e5d08577c0;
    %load/vec4 v000001e5d0c16880_0;
    %flag_set/vec4 8;
    %jmp/0xz  T_6.0, 8;
    %load/vec4 v000001e5d0c167e0_0;
    %assign/vec4 v000001e5d0c16d80_0, 0;
T_6.0 ;
    %jmp T_6;
    .thread T_6;
    .scope S_000001e5d07dce10;
T_7 ;
    %pushi/vec4 0, 0, 8;
    %store/vec4 v000001e5d0c17960_0, 0, 8;
    %end;
    .thread T_7;
    .scope S_000001e5d07dce10;
T_8 ;
    %wait E_000001e5d08577c0;
    %load/vec4 v000001e5d0c17780_0;
    %flag_set/vec4 8;
    %jmp/0xz  T_8.0, 8;
    %load/vec4 v000001e5d0c17460_0;
    %assign/vec4 v000001e5d0c17960_0, 0;
T_8.0 ;
    %jmp T_8;
    .thread T_8;
    .scope S_000001e5d07dcfa0;
T_9 ;
    %pushi/vec4 0, 0, 4;
    %store/vec4 v000001e5d0c16920_0, 0, 4;
    %end;
    .thread T_9;
    .scope S_000001e5d07dcfa0;
T_10 ;
    %wait E_000001e5d08577c0;
    %load/vec4 v000001e5d0c16f60_0;
    %flag_set/vec4 8;
    %jmp/0xz  T_10.0, 8;
    %load/vec4 v000001e5d0c17500_0;
    %assign/vec4 v000001e5d0c16920_0, 0;
T_10.0 ;
    %jmp T_10;
    .thread T_10;
    .scope S_000001e5d07f72b0;
T_11 ;
    %pushi/vec4 0, 0, 8;
    %store/vec4 v000001e5d0c169c0_0, 0, 8;
    %end;
    .thread T_11;
    .scope S_000001e5d07f72b0;
T_12 ;
    %wait E_000001e5d08577c0;
    %load/vec4 v000001e5d0c170a0_0;
    %flag_set/vec4 8;
    %jmp/0xz  T_12.0, 8;
    %load/vec4 v000001e5d0c16ec0_0;
    %assign/vec4 v000001e5d0c169c0_0, 0;
T_12.0 ;
    %jmp T_12;
    .thread T_12;
    .scope S_000001e5d0c1e6a0;
T_13 ;
    %wait E_000001e5d0850080;
    %load/vec4 v000001e5d0c21240_0;
    %dup/vec4;
    %pushi/vec4 0, 0, 3;
    %cmp/u;
    %jmp/1 T_13.0, 6;
    %dup/vec4;
    %pushi/vec4 1, 0, 3;
    %cmp/u;
    %jmp/1 T_13.1, 6;
    %dup/vec4;
    %pushi/vec4 2, 0, 3;
    %cmp/u;
    %jmp/1 T_13.2, 6;
    %dup/vec4;
    %pushi/vec4 3, 0, 3;
    %cmp/u;
    %jmp/1 T_13.3, 6;
    %dup/vec4;
    %pushi/vec4 4, 0, 3;
    %cmp/u;
    %jmp/1 T_13.4, 6;
    %dup/vec4;
    %pushi/vec4 5, 0, 3;
    %cmp/u;
    %jmp/1 T_13.5, 6;
    %dup/vec4;
    %pushi/vec4 6, 0, 3;
    %cmp/u;
    %jmp/1 T_13.6, 6;
    %dup/vec4;
    %pushi/vec4 7, 0, 3;
    %cmp/u;
    %jmp/1 T_13.7, 6;
    %pushi/vec4 0, 0, 8;
    %store/vec4 v000001e5d0c216a0_0, 0, 8;
    %jmp T_13.9;
T_13.0 ;
    %load/vec4 v000001e5d0c208e0_0;
    %store/vec4 v000001e5d0c216a0_0, 0, 8;
    %jmp T_13.9;
T_13.1 ;
    %load/vec4 v000001e5d0c21560_0;
    %store/vec4 v000001e5d0c216a0_0, 0, 8;
    %jmp T_13.9;
T_13.2 ;
    %load/vec4 v000001e5d0c21100_0;
    %store/vec4 v000001e5d0c216a0_0, 0, 8;
    %jmp T_13.9;
T_13.3 ;
    %load/vec4 v000001e5d0c21600_0;
    %store/vec4 v000001e5d0c216a0_0, 0, 8;
    %jmp T_13.9;
T_13.4 ;
    %load/vec4 v000001e5d0c20520_0;
    %store/vec4 v000001e5d0c216a0_0, 0, 8;
    %jmp T_13.9;
T_13.5 ;
    %load/vec4 v000001e5d0c21420_0;
    %store/vec4 v000001e5d0c216a0_0, 0, 8;
    %jmp T_13.9;
T_13.6 ;
    %load/vec4 v000001e5d0c20f20_0;
    %store/vec4 v000001e5d0c216a0_0, 0, 8;
    %jmp T_13.9;
T_13.7 ;
    %load/vec4 v000001e5d0c20660_0;
    %store/vec4 v000001e5d0c216a0_0, 0, 8;
    %jmp T_13.9;
T_13.9 ;
    %pop/vec4 1;
    %jmp T_13;
    .thread T_13, $push;
    .scope S_000001e5d07f4dc0;
T_14 ;
    %wait E_000001e5d0857080;
    %load/vec4 v000001e5d0c12d60_0;
    %inv;
    %flag_set/vec4 8;
    %jmp/0xz  T_14.0, 8;
    %pushi/vec4 0, 65535, 16;
    %store/vec4 v000001e5d0c12b80_0, 0, 16;
    %jmp T_14.1;
T_14.0 ;
    %load/vec4 v000001e5d0c12f40_0;
    %pad/u 6;
    %ix/vec4 4;
    %load/vec4a v000001e5d0c13f80, 4;
    %store/vec4 v000001e5d0c12b80_0, 0, 16;
T_14.1 ;
    %jmp T_14;
    .thread T_14, $push;
    .scope S_000001e5d07f4dc0;
T_15 ;
    %pushi/vec4 288, 0, 16;
    %ix/load 4, 0, 0;
    %flag_set/imm 4, 0;
    %store/vec4a v000001e5d0c13f80, 4, 0;
    %pushi/vec4 4352, 0, 16;
    %ix/load 4, 1, 0;
    %flag_set/imm 4, 0;
    %store/vec4a v000001e5d0c13f80, 4, 0;
    %pushi/vec4 2624, 0, 16;
    %ix/load 4, 2, 0;
    %flag_set/imm 4, 0;
    %store/vec4a v000001e5d0c13f80, 4, 0;
    %pushi/vec4 2368, 0, 16;
    %ix/load 4, 3, 0;
    %flag_set/imm 4, 0;
    %store/vec4a v000001e5d0c13f80, 4, 0;
    %pushi/vec4 1600, 0, 16;
    %ix/load 4, 4, 0;
    %flag_set/imm 4, 0;
    %store/vec4a v000001e5d0c13f80, 4, 0;
    %pushi/vec4 704, 0, 16;
    %ix/load 4, 5, 0;
    %flag_set/imm 4, 0;
    %store/vec4a v000001e5d0c13f80, 4, 0;
    %pushi/vec4 1360, 0, 16;
    %ix/load 4, 6, 0;
    %flag_set/imm 4, 0;
    %store/vec4a v000001e5d0c13f80, 4, 0;
    %pushi/vec4 912, 0, 16;
    %ix/load 4, 7, 0;
    %flag_set/imm 4, 0;
    %store/vec4a v000001e5d0c13f80, 4, 0;
    %pushi/vec4 0, 0, 16;
    %ix/load 4, 8, 0;
    %flag_set/imm 4, 0;
    %store/vec4a v000001e5d0c13f80, 4, 0;
    %pushi/vec4 9040, 0, 16;
    %ix/load 4, 9, 0;
    %flag_set/imm 4, 0;
    %store/vec4a v000001e5d0c13f80, 4, 0;
    %pushi/vec4 17232, 0, 16;
    %ix/load 4, 10, 0;
    %flag_set/imm 4, 0;
    %store/vec4a v000001e5d0c13f80, 4, 0;
    %pushi/vec4 25424, 0, 16;
    %ix/load 4, 11, 0;
    %flag_set/imm 4, 0;
    %store/vec4a v000001e5d0c13f80, 4, 0;
    %pushi/vec4 33616, 0, 16;
    %ix/load 4, 12, 0;
    %flag_set/imm 4, 0;
    %store/vec4a v000001e5d0c13f80, 4, 0;
    %pushi/vec4 41808, 0, 16;
    %ix/load 4, 13, 0;
    %flag_set/imm 4, 0;
    %store/vec4a v000001e5d0c13f80, 4, 0;
    %pushi/vec4 50000, 0, 16;
    %ix/load 4, 14, 0;
    %flag_set/imm 4, 0;
    %store/vec4a v000001e5d0c13f80, 4, 0;
    %pushi/vec4 58176, 0, 16;
    %ix/load 4, 15, 0;
    %flag_set/imm 4, 0;
    %store/vec4a v000001e5d0c13f80, 4, 0;
    %end;
    .thread T_15;
    .scope S_000001e5d07e21c0;
T_16 ;
    %wait E_000001e5d0857840;
    %load/vec4 v000001e5d0c139e0_0;
    %inv;
    %flag_set/vec4 8;
    %jmp/0xz  T_16.0, 8;
    %pushi/vec4 0, 255, 8;
    %store/vec4 v000001e5d0c14020_0, 0, 8;
    %jmp T_16.1;
T_16.0 ;
    %load/vec4 v000001e5d0c12c20_0;
    %cmpi/u 17, 0, 8;
    %flag_or 5, 4; GT is !LE
    %flag_inv 5;
    %jmp/0xz  T_16.2, 5;
    %pushi/vec4 0, 0, 8;
    %store/vec4 v000001e5d0c14020_0, 0, 8;
    %jmp T_16.3;
T_16.2 ;
    %ix/getv 4, v000001e5d0c12c20_0;
    %load/vec4a v000001e5d0c140c0, 4;
    %store/vec4 v000001e5d0c14020_0, 0, 8;
T_16.3 ;
T_16.1 ;
    %jmp T_16;
    .thread T_16, $push;
    .scope S_000001e5d07e21c0;
T_17 ;
    %pushi/vec4 48, 0, 8;
    %ix/load 4, 0, 0;
    %flag_set/imm 4, 0;
    %store/vec4a v000001e5d0c140c0, 4, 0;
    %pushi/vec4 1, 0, 8;
    %ix/load 4, 1, 0;
    %flag_set/imm 4, 0;
    %store/vec4a v000001e5d0c140c0, 4, 0;
    %pushi/vec4 52, 0, 8;
    %ix/load 4, 2, 0;
    %flag_set/imm 4, 0;
    %store/vec4a v000001e5d0c140c0, 4, 0;
    %pushi/vec4 2, 0, 8;
    %ix/load 4, 3, 0;
    %flag_set/imm 4, 0;
    %store/vec4a v000001e5d0c140c0, 4, 0;
    %pushi/vec4 56, 0, 8;
    %ix/load 4, 4, 0;
    %flag_set/imm 4, 0;
    %store/vec4a v000001e5d0c140c0, 4, 0;
    %pushi/vec4 128, 0, 8;
    %ix/load 4, 5, 0;
    %flag_set/imm 4, 0;
    %store/vec4a v000001e5d0c140c0, 4, 0;
    %pushi/vec4 1, 0, 8;
    %ix/load 4, 6, 0;
    %flag_set/imm 4, 0;
    %store/vec4a v000001e5d0c140c0, 4, 0;
    %pushi/vec4 145, 0, 8;
    %ix/load 4, 7, 0;
    %flag_set/imm 4, 0;
    %store/vec4a v000001e5d0c140c0, 4, 0;
    %pushi/vec4 148, 0, 8;
    %ix/load 4, 8, 0;
    %flag_set/imm 4, 0;
    %store/vec4a v000001e5d0c140c0, 4, 0;
    %pushi/vec4 1, 0, 8;
    %ix/load 4, 9, 0;
    %flag_set/imm 4, 0;
    %store/vec4a v000001e5d0c140c0, 4, 0;
    %pushi/vec4 249, 0, 8;
    %ix/load 4, 10, 0;
    %flag_set/imm 4, 0;
    %store/vec4a v000001e5d0c140c0, 4, 0;
    %pushi/vec4 1, 0, 8;
    %ix/load 4, 11, 0;
    %flag_set/imm 4, 0;
    %store/vec4a v000001e5d0c140c0, 4, 0;
    %pushi/vec4 18, 0, 8;
    %ix/load 4, 12, 0;
    %flag_set/imm 4, 0;
    %store/vec4a v000001e5d0c140c0, 4, 0;
    %pushi/vec4 16, 0, 8;
    %ix/load 4, 13, 0;
    %flag_set/imm 4, 0;
    %store/vec4a v000001e5d0c140c0, 4, 0;
    %pushi/vec4 16, 0, 8;
    %ix/load 4, 14, 0;
    %flag_set/imm 4, 0;
    %store/vec4a v000001e5d0c140c0, 4, 0;
    %pushi/vec4 7, 0, 8;
    %ix/load 4, 15, 0;
    %flag_set/imm 4, 0;
    %store/vec4a v000001e5d0c140c0, 4, 0;
    %pushi/vec4 80, 0, 8;
    %ix/load 4, 16, 0;
    %flag_set/imm 4, 0;
    %store/vec4a v000001e5d0c140c0, 4, 0;
    %pushi/vec4 1, 0, 8;
    %ix/load 4, 17, 0;
    %flag_set/imm 4, 0;
    %store/vec4a v000001e5d0c140c0, 4, 0;
    %end;
    .thread T_17;
    .scope S_000001e5d0c184d0;
T_18 ;
    %wait E_000001e5d084ff00;
    %load/vec4 v000001e5d0c1ad40_0;
    %dup/vec4;
    %pushi/vec4 0, 0, 2;
    %cmp/u;
    %jmp/1 T_18.0, 6;
    %dup/vec4;
    %pushi/vec4 1, 0, 2;
    %cmp/u;
    %jmp/1 T_18.1, 6;
    %dup/vec4;
    %pushi/vec4 2, 0, 2;
    %cmp/u;
    %jmp/1 T_18.2, 6;
    %dup/vec4;
    %pushi/vec4 3, 0, 2;
    %cmp/u;
    %jmp/1 T_18.3, 6;
    %pushi/vec4 0, 0, 8;
    %store/vec4 v000001e5d0c19d00_0, 0, 8;
    %jmp T_18.5;
T_18.0 ;
    %load/vec4 v000001e5d0c1ac00_0;
    %store/vec4 v000001e5d0c19d00_0, 0, 8;
    %jmp T_18.5;
T_18.1 ;
    %load/vec4 v000001e5d0c19940_0;
    %store/vec4 v000001e5d0c19d00_0, 0, 8;
    %jmp T_18.5;
T_18.2 ;
    %load/vec4 v000001e5d0c1b240_0;
    %store/vec4 v000001e5d0c19d00_0, 0, 8;
    %jmp T_18.5;
T_18.3 ;
    %load/vec4 v000001e5d0c19b20_0;
    %store/vec4 v000001e5d0c19d00_0, 0, 8;
    %jmp T_18.5;
T_18.5 ;
    %pop/vec4 1;
    %jmp T_18;
    .thread T_18, $push;
    .scope S_000001e5d0c18e30;
T_19 ;
    %wait E_000001e5d08570c0;
    %load/vec4 v000001e5d0c198a0_0;
    %dup/vec4;
    %pushi/vec4 0, 0, 1;
    %cmp/u;
    %jmp/1 T_19.0, 6;
    %dup/vec4;
    %pushi/vec4 1, 0, 1;
    %cmp/u;
    %jmp/1 T_19.1, 6;
    %pushi/vec4 0, 0, 4;
    %store/vec4 v000001e5d0c1b060_0, 0, 4;
    %jmp T_19.3;
T_19.0 ;
    %load/vec4 v000001e5d0c19da0_0;
    %store/vec4 v000001e5d0c1b060_0, 0, 4;
    %jmp T_19.3;
T_19.1 ;
    %load/vec4 v000001e5d0c1b1a0_0;
    %store/vec4 v000001e5d0c1b060_0, 0, 4;
    %jmp T_19.3;
T_19.3 ;
    %pop/vec4 1;
    %jmp T_19;
    .thread T_19, $push;
    .scope S_000001e5d0c18660;
T_20 ;
    %wait E_000001e5d0857180;
    %load/vec4 v000001e5d0c1aca0_0;
    %dup/vec4;
    %pushi/vec4 0, 0, 1;
    %cmp/u;
    %jmp/1 T_20.0, 6;
    %dup/vec4;
    %pushi/vec4 1, 0, 1;
    %cmp/u;
    %jmp/1 T_20.1, 6;
    %pushi/vec4 0, 0, 8;
    %store/vec4 v000001e5d0c1a480_0, 0, 8;
    %jmp T_20.3;
T_20.0 ;
    %load/vec4 v000001e5d0c196c0_0;
    %store/vec4 v000001e5d0c1a480_0, 0, 8;
    %jmp T_20.3;
T_20.1 ;
    %load/vec4 v000001e5d0c1a7a0_0;
    %store/vec4 v000001e5d0c1a480_0, 0, 8;
    %jmp T_20.3;
T_20.3 ;
    %pop/vec4 1;
    %jmp T_20;
    .thread T_20, $push;
    .scope S_000001e5d07e24e0;
T_21 ;
    %pushi/vec4 0, 0, 3;
    %store/vec4 v000001e5d0c131c0_0, 0, 3;
    %end;
    .thread T_21;
    .scope S_000001e5d07e24e0;
T_22 ;
    %wait E_000001e5d0857a00;
    %load/vec4 v000001e5d0c12ea0_0;
    %flag_set/vec4 8;
    %jmp/0xz  T_22.0, 8;
    %load/vec4 v000001e5d0c13d00_0;
    %assign/vec4 v000001e5d0c131c0_0, 0;
T_22.0 ;
    %jmp T_22;
    .thread T_22;
    .scope S_000001e5d07f4c30;
T_23 ;
    %wait E_000001e5d0857940;
    %load/vec4 v000001e5d0c13e40_0;
    %inv;
    %flag_set/vec4 8;
    %jmp/0xz  T_23.0, 8;
    %pushi/vec4 0, 255, 8;
    %store/vec4 v000001e5d0c13620_0, 0, 8;
    %jmp T_23.1;
T_23.0 ;
    %load/vec4 v000001e5d0c12900_0;
    %cmpi/u 127, 0, 7;
    %flag_or 5, 4; GT is !LE
    %flag_inv 5;
    %jmp/0xz  T_23.2, 5;
    %pushi/vec4 0, 0, 8;
    %store/vec4 v000001e5d0c13620_0, 0, 8;
    %jmp T_23.3;
T_23.2 ;
    %load/vec4 v000001e5d0c12900_0;
    %addi 1, 0, 7;
    %ix/vec4 4;
    %load/vec4a v000001e5d0c14160, 4;
    %store/vec4 v000001e5d0c13620_0, 0, 8;
T_23.3 ;
T_23.1 ;
    %jmp T_23;
    .thread T_23, $push;
    .scope S_000001e5d07f4c30;
T_24 ;
    %end;
    .thread T_24;
    .scope S_000001e5d0c1fc80;
T_25 ;
    %wait E_000001e5d08503c0;
    %load/vec4 v000001e5d0c20de0_0;
    %dup/vec4;
    %pushi/vec4 0, 0, 2;
    %cmp/u;
    %jmp/1 T_25.0, 6;
    %dup/vec4;
    %pushi/vec4 1, 0, 2;
    %cmp/u;
    %jmp/1 T_25.1, 6;
    %dup/vec4;
    %pushi/vec4 2, 0, 2;
    %cmp/u;
    %jmp/1 T_25.2, 6;
    %dup/vec4;
    %pushi/vec4 3, 0, 2;
    %cmp/u;
    %jmp/1 T_25.3, 6;
    %pushi/vec4 0, 0, 1;
    %store/vec4 v000001e5d0c20840_0, 0, 1;
    %jmp T_25.5;
T_25.0 ;
    %load/vec4 v000001e5d0c19e40_0;
    %store/vec4 v000001e5d0c20840_0, 0, 1;
    %jmp T_25.5;
T_25.1 ;
    %load/vec4 v000001e5d0c20a20_0;
    %store/vec4 v000001e5d0c20840_0, 0, 1;
    %jmp T_25.5;
T_25.2 ;
    %load/vec4 v000001e5d0c20980_0;
    %store/vec4 v000001e5d0c20840_0, 0, 1;
    %jmp T_25.5;
T_25.3 ;
    %load/vec4 v000001e5d0c20b60_0;
    %store/vec4 v000001e5d0c20840_0, 0, 1;
    %jmp T_25.5;
T_25.5 ;
    %pop/vec4 1;
    %jmp T_25;
    .thread T_25, $push;
    .scope S_000001e5d0c18fc0;
T_26 ;
    %wait E_000001e5d0857200;
    %load/vec4 v000001e5d0c1a840_0;
    %dup/vec4;
    %pushi/vec4 0, 0, 1;
    %cmp/u;
    %jmp/1 T_26.0, 6;
    %dup/vec4;
    %pushi/vec4 1, 0, 1;
    %cmp/u;
    %jmp/1 T_26.1, 6;
    %pushi/vec4 0, 0, 8;
    %store/vec4 v000001e5d0c19760_0, 0, 8;
    %jmp T_26.3;
T_26.0 ;
    %load/vec4 v000001e5d0c1a520_0;
    %store/vec4 v000001e5d0c19760_0, 0, 8;
    %jmp T_26.3;
T_26.1 ;
    %load/vec4 v000001e5d0c1aa20_0;
    %store/vec4 v000001e5d0c19760_0, 0, 8;
    %jmp T_26.3;
T_26.3 ;
    %pop/vec4 1;
    %jmp T_26;
    .thread T_26, $push;
    .scope S_000001e5d0c19150;
T_27 ;
    %wait E_000001e5d0850180;
    %load/vec4 v000001e5d0c1ab60_0;
    %dup/vec4;
    %pushi/vec4 0, 0, 1;
    %cmp/u;
    %jmp/1 T_27.0, 6;
    %dup/vec4;
    %pushi/vec4 1, 0, 1;
    %cmp/u;
    %jmp/1 T_27.1, 6;
    %pushi/vec4 0, 0, 8;
    %store/vec4 v000001e5d0c1aac0_0, 0, 8;
    %jmp T_27.3;
T_27.0 ;
    %load/vec4 v000001e5d0c1a5c0_0;
    %store/vec4 v000001e5d0c1aac0_0, 0, 8;
    %jmp T_27.3;
T_27.1 ;
    %load/vec4 v000001e5d0c1a8e0_0;
    %store/vec4 v000001e5d0c1aac0_0, 0, 8;
    %jmp T_27.3;
T_27.3 ;
    %pop/vec4 1;
    %jmp T_27;
    .thread T_27, $push;
    .scope S_000001e5d087ed00;
T_28 ;
    %vpi_call 2 21 "$dumpfile", "db_microprogramIII_tb.vcd" {0 0 0};
    %vpi_call 2 22 "$dumpvars", 32'sb00000000000000000000000000000000, S_000001e5d087ed00 {0 0 0};
    %pushi/vec4 0, 0, 1;
    %store/vec4 v000001e5d0c2c5d0_0, 0, 1;
    %pushi/vec4 1, 0, 1;
    %store/vec4 v000001e5d0c2c7b0_0, 0, 1;
    %pushi/vec4 0, 0, 8;
    %store/vec4 v000001e5d0c2c3f0_0, 0, 8;
    %delay 50000, 0;
    %pushi/vec4 0, 0, 1;
    %store/vec4 v000001e5d0c2c7b0_0, 0, 1;
    %delay 50000, 0;
    %pushi/vec4 1, 0, 1;
    %store/vec4 v000001e5d0c2c7b0_0, 0, 1;
    %delay 5000, 0;
T_28.0 ;
    %delay 5000, 0;
    %load/vec4 v000001e5d0c2c5d0_0;
    %inv;
    %store/vec4 v000001e5d0c2c5d0_0, 0, 1;
    %jmp T_28.0;
    %end;
    .thread T_28;
    .scope S_000001e5d087ed00;
T_29 ;
    %delay 100000000, 0;
    %vpi_call 2 42 "$finish" {0 0 0};
    %end;
    .thread T_29;
# The file index is used to find the file name in the following table.
:file_names 4;
    "N/A";
    "<interactive>";
    "microprogramIII_tb.v";
    "microprogramIII.v";
